[0.417s] DEBUG:colcon:Command line arguments: ['/usr/bin/colcon', 'build', '--symlink-install']
[0.418s] DEBUG:colcon:Parsed command line arguments: Namespace(log_base=None, log_level=None, verb_name='build', build_base='build', install_base='install', merge_install=False, symlink_install=True, test_result_base=None, continue_on_error=False, executor='parallel', parallel_workers=8, event_handlers=None, ignore_user_meta=False, metas=['./colcon.meta'], base_paths=['.'], packages_ignore=None, packages_ignore_regex=None, paths=None, packages_up_to=None, packages_up_to_regex=None, packages_above=None, packages_above_and_dependencies=None, packages_above_depth=None, packages_select_by_dep=None, packages_skip_by_dep=None, packages_skip_up_to=None, packages_select_build_failed=False, packages_skip_build_finished=False, packages_select_test_failures=False, packages_skip_test_passed=False, packages_select=None, packages_skip=None, packages_select_regex=None, packages_skip_regex=None, packages_start=None, packages_end=None, cmake_args=None, cmake_target=None, cmake_target_skip_unavailable=False, cmake_clean_cache=False, cmake_clean_first=False, cmake_force_configure=False, ament_cmake_args=None, catkin_cmake_args=None, catkin_skip_building_tests=False, mixin_files=None, mixin=None, verb_parser=<colcon_mixin.mixin.mixin_argument.MixinArgumentDecorator object at 0x7f30ec745f30>, verb_extension=<colcon_core.verb.build.BuildVerb object at 0x7f30ec745900>, main=<bound method BuildVerb.main of <colcon_core.verb.build.BuildVerb object at 0x7f30ec745900>>, mixin_verb=('build',))
[1.097s] Level 1:colcon.colcon_core.package_discovery:discover_packages(colcon_meta) check parameters
[1.098s] Level 1:colcon.colcon_core.package_discovery:discover_packages(recursive) check parameters
[1.098s] Level 1:colcon.colcon_core.package_discovery:discover_packages(ignore) check parameters
[1.098s] Level 1:colcon.colcon_core.package_discovery:discover_packages(path) check parameters
[1.098s] Level 1:colcon.colcon_core.package_discovery:discover_packages(colcon_meta) discover
[1.099s] Level 1:colcon.colcon_core.package_discovery:discover_packages(recursive) discover
[1.099s] INFO:colcon.colcon_core.package_discovery:Crawling recursively for packages in '/workspaces/amr_ws/src'
[1.100s] Level 1:colcon.colcon_core.package_identification:_identify(.) by extensions ['ignore', 'ignore_ament_install']
[1.100s] Level 1:colcon.colcon_core.package_identification:_identify(.) by extension 'ignore'
[1.100s] Level 1:colcon.colcon_core.package_identification:_identify(.) by extension 'ignore_ament_install'
[1.102s] Level 1:colcon.colcon_core.package_identification:_identify(.) by extensions ['colcon_pkg']
[1.102s] Level 1:colcon.colcon_core.package_identification:_identify(.) by extension 'colcon_pkg'
[1.102s] Level 1:colcon.colcon_core.package_identification:_identify(.) by extensions ['colcon_meta']
[1.102s] Level 1:colcon.colcon_core.package_identification:_identify(.) by extension 'colcon_meta'
[1.102s] Level 1:colcon.colcon_core.package_identification:_identify(.) by extensions ['ros']
[1.103s] Level 1:colcon.colcon_core.package_identification:_identify(.) by extension 'ros'
[1.121s] Level 1:colcon.colcon_core.package_identification:_identify(.) by extensions ['cmake', 'python']
[1.121s] Level 1:colcon.colcon_core.package_identification:_identify(.) by extension 'cmake'
[1.122s] Level 1:colcon.colcon_core.package_identification:_identify(.) by extension 'python'
[1.123s] Level 1:colcon.colcon_core.package_identification:_identify(.) by extensions ['python_setup_py']
[1.124s] Level 1:colcon.colcon_core.package_identification:_identify(.) by extension 'python_setup_py'
[1.126s] Level 1:colcon.colcon_core.package_identification:_identify(amr_bringup) by extensions ['ignore', 'ignore_ament_install']
[1.127s] Level 1:colcon.colcon_core.package_identification:_identify(amr_bringup) by extension 'ignore'
[1.127s] Level 1:colcon.colcon_core.package_identification:_identify(amr_bringup) by extension 'ignore_ament_install'
[1.128s] Level 1:colcon.colcon_core.package_identification:_identify(amr_bringup) by extensions ['colcon_pkg']
[1.129s] Level 1:colcon.colcon_core.package_identification:_identify(amr_bringup) by extension 'colcon_pkg'
[1.129s] Level 1:colcon.colcon_core.package_identification:_identify(amr_bringup) by extensions ['colcon_meta']
[1.129s] Level 1:colcon.colcon_core.package_identification:_identify(amr_bringup) by extension 'colcon_meta'
[1.129s] Level 1:colcon.colcon_core.package_identification:_identify(amr_bringup) by extensions ['ros']
[1.130s] Level 1:colcon.colcon_core.package_identification:_identify(amr_bringup) by extension 'ros'
[1.140s] DEBUG:colcon.colcon_core.package_identification:Package 'amr_bringup' with type 'ros.ament_python' and name 'amr_bringup'
[1.140s] Level 1:colcon.colcon_core.package_identification:_identify(amr_control) by extensions ['ignore', 'ignore_ament_install']
[1.141s] Level 1:colcon.colcon_core.package_identification:_identify(amr_control) by extension 'ignore'
[1.141s] Level 1:colcon.colcon_core.package_identification:_identify(amr_control) by extension 'ignore_ament_install'
[1.141s] Level 1:colcon.colcon_core.package_identification:_identify(amr_control) by extensions ['colcon_pkg']
[1.142s] Level 1:colcon.colcon_core.package_identification:_identify(amr_control) by extension 'colcon_pkg'
[1.143s] Level 1:colcon.colcon_core.package_identification:_identify(amr_control) by extensions ['colcon_meta']
[1.143s] Level 1:colcon.colcon_core.package_identification:_identify(amr_control) by extension 'colcon_meta'
[1.143s] Level 1:colcon.colcon_core.package_identification:_identify(amr_control) by extensions ['ros']
[1.143s] Level 1:colcon.colcon_core.package_identification:_identify(amr_control) by extension 'ros'
[1.146s] DEBUG:colcon.colcon_core.package_identification:Package 'amr_control' with type 'ros.ament_python' and name 'amr_control'
[1.147s] Level 1:colcon.colcon_core.package_identification:_identify(amr_localization) by extensions ['ignore', 'ignore_ament_install']
[1.148s] Level 1:colcon.colcon_core.package_identification:_identify(amr_localization) by extension 'ignore'
[1.148s] Level 1:colcon.colcon_core.package_identification:_identify(amr_localization) by extension 'ignore_ament_install'
[1.149s] Level 1:colcon.colcon_core.package_identification:_identify(amr_localization) by extensions ['colcon_pkg']
[1.149s] Level 1:colcon.colcon_core.package_identification:_identify(amr_localization) by extension 'colcon_pkg'
[1.149s] Level 1:colcon.colcon_core.package_identification:_identify(amr_localization) by extensions ['colcon_meta']
[1.149s] Level 1:colcon.colcon_core.package_identification:_identify(amr_localization) by extension 'colcon_meta'
[1.150s] Level 1:colcon.colcon_core.package_identification:_identify(amr_localization) by extensions ['ros']
[1.150s] Level 1:colcon.colcon_core.package_identification:_identify(amr_localization) by extension 'ros'
[1.152s] DEBUG:colcon.colcon_core.package_identification:Package 'amr_localization' with type 'ros.ament_python' and name 'amr_localization'
[1.153s] Level 1:colcon.colcon_core.package_identification:_identify(amr_msgs) by extensions ['ignore', 'ignore_ament_install']
[1.153s] Level 1:colcon.colcon_core.package_identification:_identify(amr_msgs) by extension 'ignore'
[1.154s] Level 1:colcon.colcon_core.package_identification:_identify(amr_msgs) by extension 'ignore_ament_install'
[1.154s] Level 1:colcon.colcon_core.package_identification:_identify(amr_msgs) by extensions ['colcon_pkg']
[1.155s] Level 1:colcon.colcon_core.package_identification:_identify(amr_msgs) by extension 'colcon_pkg'
[1.155s] Level 1:colcon.colcon_core.package_identification:_identify(amr_msgs) by extensions ['colcon_meta']
[1.155s] Level 1:colcon.colcon_core.package_identification:_identify(amr_msgs) by extension 'colcon_meta'
[1.155s] Level 1:colcon.colcon_core.package_identification:_identify(amr_msgs) by extensions ['ros']
[1.155s] Level 1:colcon.colcon_core.package_identification:_identify(amr_msgs) by extension 'ros'
[1.159s] DEBUG:colcon.colcon_core.package_identification:Package 'amr_msgs' with type 'ros.ament_cmake' and name 'amr_msgs'
[1.160s] Level 1:colcon.colcon_core.package_identification:_identify(amr_planning) by extensions ['ignore', 'ignore_ament_install']
[1.160s] Level 1:colcon.colcon_core.package_identification:_identify(amr_planning) by extension 'ignore'
[1.161s] Level 1:colcon.colcon_core.package_identification:_identify(amr_planning) by extension 'ignore_ament_install'
[1.161s] Level 1:colcon.colcon_core.package_identification:_identify(amr_planning) by extensions ['colcon_pkg']
[1.162s] Level 1:colcon.colcon_core.package_identification:_identify(amr_planning) by extension 'colcon_pkg'
[1.162s] Level 1:colcon.colcon_core.package_identification:_identify(amr_planning) by extensions ['colcon_meta']
[1.162s] Level 1:colcon.colcon_core.package_identification:_identify(amr_planning) by extension 'colcon_meta'
[1.162s] Level 1:colcon.colcon_core.package_identification:_identify(amr_planning) by extensions ['ros']
[1.162s] Level 1:colcon.colcon_core.package_identification:_identify(amr_planning) by extension 'ros'
[1.165s] DEBUG:colcon.colcon_core.package_identification:Package 'amr_planning' with type 'ros.ament_python' and name 'amr_planning'
[1.166s] Level 1:colcon.colcon_core.package_identification:_identify(amr_simulation) by extensions ['ignore', 'ignore_ament_install']
[1.166s] Level 1:colcon.colcon_core.package_identification:_identify(amr_simulation) by extension 'ignore'
[1.167s] Level 1:colcon.colcon_core.package_identification:_identify(amr_simulation) by extension 'ignore_ament_install'
[1.168s] Level 1:colcon.colcon_core.package_identification:_identify(amr_simulation) by extensions ['colcon_pkg']
[1.168s] Level 1:colcon.colcon_core.package_identification:_identify(amr_simulation) by extension 'colcon_pkg'
[1.168s] Level 1:colcon.colcon_core.package_identification:_identify(amr_simulation) by extensions ['colcon_meta']
[1.168s] Level 1:colcon.colcon_core.package_identification:_identify(amr_simulation) by extension 'colcon_meta'
[1.169s] Level 1:colcon.colcon_core.package_identification:_identify(amr_simulation) by extensions ['ros']
[1.169s] Level 1:colcon.colcon_core.package_identification:_identify(amr_simulation) by extension 'ros'
[1.171s] DEBUG:colcon.colcon_core.package_identification:Package 'amr_simulation' with type 'ros.ament_python' and name 'amr_simulation'
[1.172s] Level 1:colcon.colcon_core.package_identification:_identify(build) by extensions ['ignore', 'ignore_ament_install']
[1.172s] Level 1:colcon.colcon_core.package_identification:_identify(build) by extension 'ignore'
[1.172s] Level 1:colcon.colcon_core.package_identification:_identify(build) ignored
[1.173s] Level 1:colcon.colcon_core.package_identification:_identify(install) by extensions ['ignore', 'ignore_ament_install']
[1.174s] Level 1:colcon.colcon_core.package_identification:_identify(install) by extension 'ignore'
[1.174s] Level 1:colcon.colcon_core.package_identification:_identify(install) ignored
[1.175s] Level 1:colcon.colcon_core.package_identification:_identify(log) by extensions ['ignore', 'ignore_ament_install']
[1.175s] Level 1:colcon.colcon_core.package_identification:_identify(log) by extension 'ignore'
[1.175s] Level 1:colcon.colcon_core.package_identification:_identify(log) ignored
[1.176s] Level 1:colcon.colcon_core.package_discovery:discover_packages(recursive) using defaults
[1.176s] Level 1:colcon.colcon_core.package_discovery:discover_packages(ignore) discover
[1.176s] Level 1:colcon.colcon_core.package_discovery:discover_packages(ignore) using defaults
[1.176s] Level 1:colcon.colcon_core.package_discovery:discover_packages(path) discover
[1.176s] Level 1:colcon.colcon_core.package_discovery:discover_packages(path) using defaults
[1.251s] Level 5:colcon.colcon_core.verb:set package 'amr_bringup' build argument 'cmake_args' from command line to 'None'
[1.252s] Level 5:colcon.colcon_core.verb:set package 'amr_bringup' build argument 'cmake_target' from command line to 'None'
[1.252s] Level 5:colcon.colcon_core.verb:set package 'amr_bringup' build argument 'cmake_target_skip_unavailable' from command line to 'False'
[1.252s] Level 5:colcon.colcon_core.verb:set package 'amr_bringup' build argument 'cmake_clean_cache' from command line to 'False'
[1.253s] Level 5:colcon.colcon_core.verb:set package 'amr_bringup' build argument 'cmake_clean_first' from command line to 'False'
[1.253s] Level 5:colcon.colcon_core.verb:set package 'amr_bringup' build argument 'cmake_force_configure' from command line to 'False'
[1.253s] Level 5:colcon.colcon_core.verb:set package 'amr_bringup' build argument 'ament_cmake_args' from command line to 'None'
[1.253s] Level 5:colcon.colcon_core.verb:set package 'amr_bringup' build argument 'catkin_cmake_args' from command line to 'None'
[1.253s] Level 5:colcon.colcon_core.verb:set package 'amr_bringup' build argument 'catkin_skip_building_tests' from command line to 'False'
[1.253s] DEBUG:colcon.colcon_core.verb:Building package 'amr_bringup' with the following arguments: {'ament_cmake_args': None, 'build_base': '/workspaces/amr_ws/src/build/amr_bringup', 'catkin_cmake_args': None, 'catkin_skip_building_tests': False, 'cmake_args': None, 'cmake_clean_cache': False, 'cmake_clean_first': False, 'cmake_force_configure': False, 'cmake_target': None, 'cmake_target_skip_unavailable': False, 'install_base': '/workspaces/amr_ws/src/install/amr_bringup', 'merge_install': False, 'path': '/workspaces/amr_ws/src/amr_bringup', 'symlink_install': True, 'test_result_base': None}
[1.254s] Level 5:colcon.colcon_core.verb:set package 'amr_msgs' build argument 'cmake_args' from command line to 'None'
[1.254s] Level 5:colcon.colcon_core.verb:set package 'amr_msgs' build argument 'cmake_target' from command line to 'None'
[1.254s] Level 5:colcon.colcon_core.verb:set package 'amr_msgs' build argument 'cmake_target_skip_unavailable' from command line to 'False'
[1.255s] Level 5:colcon.colcon_core.verb:set package 'amr_msgs' build argument 'cmake_clean_cache' from command line to 'False'
[1.255s] Level 5:colcon.colcon_core.verb:set package 'amr_msgs' build argument 'cmake_clean_first' from command line to 'False'
[1.255s] Level 5:colcon.colcon_core.verb:set package 'amr_msgs' build argument 'cmake_force_configure' from command line to 'False'
[1.255s] Level 5:colcon.colcon_core.verb:set package 'amr_msgs' build argument 'ament_cmake_args' from command line to 'None'
[1.255s] Level 5:colcon.colcon_core.verb:set package 'amr_msgs' build argument 'catkin_cmake_args' from command line to 'None'
[1.255s] Level 5:colcon.colcon_core.verb:set package 'amr_msgs' build argument 'catkin_skip_building_tests' from command line to 'False'
[1.256s] DEBUG:colcon.colcon_core.verb:Building package 'amr_msgs' with the following arguments: {'ament_cmake_args': None, 'build_base': '/workspaces/amr_ws/src/build/amr_msgs', 'catkin_cmake_args': None, 'catkin_skip_building_tests': False, 'cmake_args': None, 'cmake_clean_cache': False, 'cmake_clean_first': False, 'cmake_force_configure': False, 'cmake_target': None, 'cmake_target_skip_unavailable': False, 'install_base': '/workspaces/amr_ws/src/install/amr_msgs', 'merge_install': False, 'path': '/workspaces/amr_ws/src/amr_msgs', 'symlink_install': True, 'test_result_base': None}
[1.256s] Level 5:colcon.colcon_core.verb:set package 'amr_planning' build argument 'cmake_args' from command line to 'None'
[1.257s] Level 5:colcon.colcon_core.verb:set package 'amr_planning' build argument 'cmake_target' from command line to 'None'
[1.257s] Level 5:colcon.colcon_core.verb:set package 'amr_planning' build argument 'cmake_target_skip_unavailable' from command line to 'False'
[1.257s] Level 5:colcon.colcon_core.verb:set package 'amr_planning' build argument 'cmake_clean_cache' from command line to 'False'
[1.257s] Level 5:colcon.colcon_core.verb:set package 'amr_planning' build argument 'cmake_clean_first' from command line to 'False'
[1.257s] Level 5:colcon.colcon_core.verb:set package 'amr_planning' build argument 'cmake_force_configure' from command line to 'False'
[1.257s] Level 5:colcon.colcon_core.verb:set package 'amr_planning' build argument 'ament_cmake_args' from command line to 'None'
[1.258s] Level 5:colcon.colcon_core.verb:set package 'amr_planning' build argument 'catkin_cmake_args' from command line to 'None'
[1.258s] Level 5:colcon.colcon_core.verb:set package 'amr_planning' build argument 'catkin_skip_building_tests' from command line to 'False'
[1.258s] DEBUG:colcon.colcon_core.verb:Building package 'amr_planning' with the following arguments: {'ament_cmake_args': None, 'build_base': '/workspaces/amr_ws/src/build/amr_planning', 'catkin_cmake_args': None, 'catkin_skip_building_tests': False, 'cmake_args': None, 'cmake_clean_cache': False, 'cmake_clean_first': False, 'cmake_force_configure': False, 'cmake_target': None, 'cmake_target_skip_unavailable': False, 'install_base': '/workspaces/amr_ws/src/install/amr_planning', 'merge_install': False, 'path': '/workspaces/amr_ws/src/amr_planning', 'symlink_install': True, 'test_result_base': None}
[1.259s] Level 5:colcon.colcon_core.verb:set package 'amr_control' build argument 'cmake_args' from command line to 'None'
[1.259s] Level 5:colcon.colcon_core.verb:set package 'amr_control' build argument 'cmake_target' from command line to 'None'
[1.259s] Level 5:colcon.colcon_core.verb:set package 'amr_control' build argument 'cmake_target_skip_unavailable' from command line to 'False'
[1.259s] Level 5:colcon.colcon_core.verb:set package 'amr_control' build argument 'cmake_clean_cache' from command line to 'False'
[1.259s] Level 5:colcon.colcon_core.verb:set package 'amr_control' build argument 'cmake_clean_first' from command line to 'False'
[1.260s] Level 5:colcon.colcon_core.verb:set package 'amr_control' build argument 'cmake_force_configure' from command line to 'False'
[1.260s] Level 5:colcon.colcon_core.verb:set package 'amr_control' build argument 'ament_cmake_args' from command line to 'None'
[1.260s] Level 5:colcon.colcon_core.verb:set package 'amr_control' build argument 'catkin_cmake_args' from command line to 'None'
[1.260s] Level 5:colcon.colcon_core.verb:set package 'amr_control' build argument 'catkin_skip_building_tests' from command line to 'False'
[1.260s] DEBUG:colcon.colcon_core.verb:Building package 'amr_control' with the following arguments: {'ament_cmake_args': None, 'build_base': '/workspaces/amr_ws/src/build/amr_control', 'catkin_cmake_args': None, 'catkin_skip_building_tests': False, 'cmake_args': None, 'cmake_clean_cache': False, 'cmake_clean_first': False, 'cmake_force_configure': False, 'cmake_target': None, 'cmake_target_skip_unavailable': False, 'install_base': '/workspaces/amr_ws/src/install/amr_control', 'merge_install': False, 'path': '/workspaces/amr_ws/src/amr_control', 'symlink_install': True, 'test_result_base': None}
[1.261s] Level 5:colcon.colcon_core.verb:set package 'amr_localization' build argument 'cmake_args' from command line to 'None'
[1.261s] Level 5:colcon.colcon_core.verb:set package 'amr_localization' build argument 'cmake_target' from command line to 'None'
[1.261s] Level 5:colcon.colcon_core.verb:set package 'amr_localization' build argument 'cmake_target_skip_unavailable' from command line to 'False'
[1.261s] Level 5:colcon.colcon_core.verb:set package 'amr_localization' build argument 'cmake_clean_cache' from command line to 'False'
[1.261s] Level 5:colcon.colcon_core.verb:set package 'amr_localization' build argument 'cmake_clean_first' from command line to 'False'
[1.262s] Level 5:colcon.colcon_core.verb:set package 'amr_localization' build argument 'cmake_force_configure' from command line to 'False'
[1.262s] Level 5:colcon.colcon_core.verb:set package 'amr_localization' build argument 'ament_cmake_args' from command line to 'None'
[1.262s] Level 5:colcon.colcon_core.verb:set package 'amr_localization' build argument 'catkin_cmake_args' from command line to 'None'
[1.262s] Level 5:colcon.colcon_core.verb:set package 'amr_localization' build argument 'catkin_skip_building_tests' from command line to 'False'
[1.262s] DEBUG:colcon.colcon_core.verb:Building package 'amr_localization' with the following arguments: {'ament_cmake_args': None, 'build_base': '/workspaces/amr_ws/src/build/amr_localization', 'catkin_cmake_args': None, 'catkin_skip_building_tests': False, 'cmake_args': None, 'cmake_clean_cache': False, 'cmake_clean_first': False, 'cmake_force_configure': False, 'cmake_target': None, 'cmake_target_skip_unavailable': False, 'install_base': '/workspaces/amr_ws/src/install/amr_localization', 'merge_install': False, 'path': '/workspaces/amr_ws/src/amr_localization', 'symlink_install': True, 'test_result_base': None}
[1.263s] Level 5:colcon.colcon_core.verb:set package 'amr_simulation' build argument 'cmake_args' from command line to 'None'
[1.263s] Level 5:colcon.colcon_core.verb:set package 'amr_simulation' build argument 'cmake_target' from command line to 'None'
[1.263s] Level 5:colcon.colcon_core.verb:set package 'amr_simulation' build argument 'cmake_target_skip_unavailable' from command line to 'False'
[1.263s] Level 5:colcon.colcon_core.verb:set package 'amr_simulation' build argument 'cmake_clean_cache' from command line to 'False'
[1.264s] Level 5:colcon.colcon_core.verb:set package 'amr_simulation' build argument 'cmake_clean_first' from command line to 'False'
[1.264s] Level 5:colcon.colcon_core.verb:set package 'amr_simulation' build argument 'cmake_force_configure' from command line to 'False'
[1.264s] Level 5:colcon.colcon_core.verb:set package 'amr_simulation' build argument 'ament_cmake_args' from command line to 'None'
[1.264s] Level 5:colcon.colcon_core.verb:set package 'amr_simulation' build argument 'catkin_cmake_args' from command line to 'None'
[1.264s] Level 5:colcon.colcon_core.verb:set package 'amr_simulation' build argument 'catkin_skip_building_tests' from command line to 'False'
[1.264s] DEBUG:colcon.colcon_core.verb:Building package 'amr_simulation' with the following arguments: {'ament_cmake_args': None, 'build_base': '/workspaces/amr_ws/src/build/amr_simulation', 'catkin_cmake_args': None, 'catkin_skip_building_tests': False, 'cmake_args': None, 'cmake_clean_cache': False, 'cmake_clean_first': False, 'cmake_force_configure': False, 'cmake_target': None, 'cmake_target_skip_unavailable': False, 'install_base': '/workspaces/amr_ws/src/install/amr_simulation', 'merge_install': False, 'path': '/workspaces/amr_ws/src/amr_simulation', 'symlink_install': True, 'test_result_base': None}
[1.265s] INFO:colcon.colcon_core.executor:Executing jobs using 'parallel' executor
[1.266s] DEBUG:colcon.colcon_parallel_executor.executor.parallel:run_until_complete
[1.267s] INFO:colcon.colcon_ros.task.ament_cmake.build:Building ROS package in '/workspaces/amr_ws/src/amr_msgs' with build type 'ament_cmake'
[1.267s] INFO:colcon.colcon_cmake.task.cmake.build:Building CMake package in '/workspaces/amr_ws/src/amr_msgs'
[1.287s] INFO:colcon.colcon_core.plugin_system:Skipping extension 'colcon_core.shell.bat': Not used on non-Windows systems
[1.287s] INFO:colcon.colcon_core.shell:Skip shell extension 'powershell' for command environment: Not usable outside of PowerShell
[1.288s] DEBUG:colcon.colcon_core.shell:Skip shell extension 'dsv' for command environment
[1.316s] INFO:colcon.colcon_ros.task.ament_python.build:Building ROS package in '/workspaces/amr_ws/src/amr_bringup' with build type 'ament_python'
[1.316s] Level 1:colcon.colcon_core.shell:create_environment_hook('amr_bringup', 'ament_prefix_path')
[1.317s] INFO:colcon.colcon_core.shell:Creating environment hook '/workspaces/amr_ws/src/install/amr_bringup/share/amr_bringup/hook/ament_prefix_path.ps1'
[1.321s] INFO:colcon.colcon_core.shell:Creating environment descriptor '/workspaces/amr_ws/src/install/amr_bringup/share/amr_bringup/hook/ament_prefix_path.dsv'
[1.324s] INFO:colcon.colcon_core.shell:Creating environment hook '/workspaces/amr_ws/src/install/amr_bringup/share/amr_bringup/hook/ament_prefix_path.sh'
[1.329s] INFO:colcon.colcon_core.shell:Skip shell extension 'powershell' for command environment: Not usable outside of PowerShell
[1.329s] DEBUG:colcon.colcon_core.shell:Skip shell extension 'dsv' for command environment
[1.346s] INFO:colcon.colcon_ros.task.ament_python.build:Building ROS package in '/workspaces/amr_ws/src/amr_planning' with build type 'ament_python'
[1.348s] Level 1:colcon.colcon_core.shell:create_environment_hook('amr_planning', 'ament_prefix_path')
[1.349s] INFO:colcon.colcon_core.shell:Creating environment hook '/workspaces/amr_ws/src/install/amr_planning/share/amr_planning/hook/ament_prefix_path.ps1'
[1.352s] INFO:colcon.colcon_core.shell:Creating environment descriptor '/workspaces/amr_ws/src/install/amr_planning/share/amr_planning/hook/ament_prefix_path.dsv'
[1.353s] INFO:colcon.colcon_core.shell:Creating environment hook '/workspaces/amr_ws/src/install/amr_planning/share/amr_planning/hook/ament_prefix_path.sh'
[1.356s] INFO:colcon.colcon_core.shell:Skip shell extension 'powershell' for command environment: Not usable outside of PowerShell
[1.357s] DEBUG:colcon.colcon_core.shell:Skip shell extension 'dsv' for command environment
[1.413s] DEBUG:colcon.colcon_core.event_handler.log_command:Invoking command in '/workspaces/amr_ws/src/build/amr_msgs': CMAKE_PREFIX_PATH=${CMAKE_PREFIX_PATH}:/workspaces/amr_ws/src/install/amr_simulation:/workspaces/amr_ws/src/install/amr_planning:/workspaces/amr_ws/src/install/amr_localization:/workspaces/amr_ws/src/install/amr_control:/workspaces/amr_ws/src/install/amr_bringup:/opt/ros/humble /usr/bin/cmake --build /workspaces/amr_ws/src/build/amr_msgs -- -j8 -l8
[2.018s] INFO:colcon.colcon_core.task.python.build:Building Python package in '/workspaces/amr_ws/src/amr_bringup'
[2.019s] INFO:colcon.colcon_core.shell:Skip shell extension 'powershell' for command environment: Not usable outside of PowerShell
[2.019s] DEBUG:colcon.colcon_core.shell:Skip shell extension 'dsv' for command environment
[2.806s] INFO:colcon.colcon_core.task.python.build:Building Python package in '/workspaces/amr_ws/src/amr_planning'
[2.806s] INFO:colcon.colcon_core.shell:Skip shell extension 'powershell' for command environment: Not usable outside of PowerShell
[2.806s] DEBUG:colcon.colcon_core.shell:Skip shell extension 'dsv' for command environment
[3.536s] DEBUG:colcon.colcon_core.event_handler.log_command:Invoked command in '/workspaces/amr_ws/src/build/amr_msgs' returned '0': CMAKE_PREFIX_PATH=${CMAKE_PREFIX_PATH}:/workspaces/amr_ws/src/install/amr_simulation:/workspaces/amr_ws/src/install/amr_planning:/workspaces/amr_ws/src/install/amr_localization:/workspaces/amr_ws/src/install/amr_control:/workspaces/amr_ws/src/install/amr_bringup:/opt/ros/humble /usr/bin/cmake --build /workspaces/amr_ws/src/build/amr_msgs -- -j8 -l8
[3.584s] DEBUG:colcon.colcon_core.event_handler.log_command:Invoking command in '/workspaces/amr_ws/src/build/amr_msgs': CMAKE_PREFIX_PATH=${CMAKE_PREFIX_PATH}:/workspaces/amr_ws/src/install/amr_simulation:/workspaces/amr_ws/src/install/amr_planning:/workspaces/amr_ws/src/install/amr_localization:/workspaces/amr_ws/src/install/amr_control:/workspaces/amr_ws/src/install/amr_bringup:/opt/ros/humble /usr/bin/cmake --install /workspaces/amr_ws/src/build/amr_msgs
[3.690s] DEBUG:colcon.colcon_core.event_handler.log_command:Invoking command in '/workspaces/amr_ws/src/build/amr_bringup': PYTHONPATH=/workspaces/amr_ws/src/build/amr_bringup/prefix_override:/usr/lib/python3/dist-packages/colcon_core/task/python/colcon_distutils_commands:/workspaces/amr_ws/src/install/amr_bringup/lib/python3.10/site-packages:${PYTHONPATH} /usr/bin/python3 -W ignore:setup.py install is deprecated -W ignore:easy_install command is deprecated setup.py develop --editable --build-directory /workspaces/amr_ws/src/build/amr_bringup/build --no-deps symlink_data
[3.707s] DEBUG:colcon.colcon_core.event_handler.log_command:Invoking command in '/workspaces/amr_ws/src/build/amr_planning': PYTHONPATH=/workspaces/amr_ws/src/build/amr_planning/prefix_override:/usr/lib/python3/dist-packages/colcon_core/task/python/colcon_distutils_commands:/workspaces/amr_ws/src/install/amr_planning/lib/python3.10/site-packages:${PYTHONPATH} /usr/bin/python3 -W ignore:setup.py install is deprecated -W ignore:easy_install command is deprecated setup.py develop --editable --build-directory /workspaces/amr_ws/src/build/amr_planning/build --no-deps symlink_data
[4.056s] Level 1:colcon.colcon_core.environment:create_environment_scripts_only(amr_msgs)
[4.059s] DEBUG:colcon.colcon_core.event_handler.log_command:Invoked command in '/workspaces/amr_ws/src/build/amr_msgs' returned '0': CMAKE_PREFIX_PATH=${CMAKE_PREFIX_PATH}:/workspaces/amr_ws/src/install/amr_simulation:/workspaces/amr_ws/src/install/amr_planning:/workspaces/amr_ws/src/install/amr_localization:/workspaces/amr_ws/src/install/amr_control:/workspaces/amr_ws/src/install/amr_bringup:/opt/ros/humble /usr/bin/cmake --install /workspaces/amr_ws/src/build/amr_msgs
[4.069s] Level 1:colcon.colcon_core.environment:checking '/workspaces/amr_ws/src/install/amr_msgs' for CMake module files
[4.087s] Level 1:colcon.colcon_core.environment:checking '/workspaces/amr_ws/src/install/amr_msgs' for CMake config files
[4.112s] Level 1:colcon.colcon_core.shell:create_environment_hook('amr_msgs', 'cmake_prefix_path')
[4.113s] INFO:colcon.colcon_core.shell:Creating environment hook '/workspaces/amr_ws/src/install/amr_msgs/share/amr_msgs/hook/cmake_prefix_path.ps1'
[4.116s] INFO:colcon.colcon_core.shell:Creating environment descriptor '/workspaces/amr_ws/src/install/amr_msgs/share/amr_msgs/hook/cmake_prefix_path.dsv'
[4.117s] INFO:colcon.colcon_core.shell:Creating environment hook '/workspaces/amr_ws/src/install/amr_msgs/share/amr_msgs/hook/cmake_prefix_path.sh'
[4.121s] Level 1:colcon.colcon_core.environment:checking '/workspaces/amr_ws/src/install/amr_msgs/lib'
[4.122s] Level 1:colcon.colcon_core.shell:create_environment_hook('amr_msgs', 'ld_library_path_lib')
[4.123s] INFO:colcon.colcon_core.shell:Creating environment hook '/workspaces/amr_ws/src/install/amr_msgs/share/amr_msgs/hook/ld_library_path_lib.ps1'
[4.129s] INFO:colcon.colcon_core.shell:Creating environment descriptor '/workspaces/amr_ws/src/install/amr_msgs/share/amr_msgs/hook/ld_library_path_lib.dsv'
[4.132s] INFO:colcon.colcon_core.shell:Creating environment hook '/workspaces/amr_ws/src/install/amr_msgs/share/amr_msgs/hook/ld_library_path_lib.sh'
[4.136s] Level 1:colcon.colcon_core.environment:checking '/workspaces/amr_ws/src/install/amr_msgs/bin'
[4.137s] Level 1:colcon.colcon_core.environment:checking '/workspaces/amr_ws/src/install/amr_msgs/lib/pkgconfig/amr_msgs.pc'
[4.138s] Level 1:colcon.colcon_core.environment:checking '/workspaces/amr_ws/src/install/amr_msgs/lib/python3.10/site-packages'
[4.141s] Level 1:colcon.colcon_core.environment:checking '/workspaces/amr_ws/src/install/amr_msgs/bin'
[4.143s] INFO:colcon.colcon_core.shell:Creating package script '/workspaces/amr_ws/src/install/amr_msgs/share/amr_msgs/package.ps1'
[4.149s] INFO:colcon.colcon_core.shell:Creating package descriptor '/workspaces/amr_ws/src/install/amr_msgs/share/amr_msgs/package.dsv'
[4.153s] INFO:colcon.colcon_core.shell:Creating package script '/workspaces/amr_ws/src/install/amr_msgs/share/amr_msgs/package.sh'
[4.156s] INFO:colcon.colcon_core.shell:Creating package script '/workspaces/amr_ws/src/install/amr_msgs/share/amr_msgs/package.bash'
[4.160s] INFO:colcon.colcon_core.shell:Creating package script '/workspaces/amr_ws/src/install/amr_msgs/share/amr_msgs/package.zsh'
[4.167s] Level 1:colcon.colcon_core.environment:create_file_with_runtime_dependencies(/workspaces/amr_ws/src/install/amr_msgs/share/colcon-core/packages/amr_msgs)
[4.175s] Level 1:colcon.colcon_core.environment:create_environment_scripts_only(amr_msgs)
[4.177s] Level 1:colcon.colcon_core.environment:checking '/workspaces/amr_ws/src/install/amr_msgs' for CMake module files
[4.196s] Level 1:colcon.colcon_core.environment:checking '/workspaces/amr_ws/src/install/amr_msgs' for CMake config files
[4.221s] Level 1:colcon.colcon_core.shell:create_environment_hook('amr_msgs', 'cmake_prefix_path')
[4.222s] INFO:colcon.colcon_core.shell:Creating environment hook '/workspaces/amr_ws/src/install/amr_msgs/share/amr_msgs/hook/cmake_prefix_path.ps1'
[4.227s] INFO:colcon.colcon_core.shell:Creating environment descriptor '/workspaces/amr_ws/src/install/amr_msgs/share/amr_msgs/hook/cmake_prefix_path.dsv'
[4.231s] INFO:colcon.colcon_core.shell:Creating environment hook '/workspaces/amr_ws/src/install/amr_msgs/share/amr_msgs/hook/cmake_prefix_path.sh'
[4.233s] Level 1:colcon.colcon_core.environment:checking '/workspaces/amr_ws/src/install/amr_msgs/lib'
[4.234s] Level 1:colcon.colcon_core.shell:create_environment_hook('amr_msgs', 'ld_library_path_lib')
[4.234s] INFO:colcon.colcon_core.shell:Creating environment hook '/workspaces/amr_ws/src/install/amr_msgs/share/amr_msgs/hook/ld_library_path_lib.ps1'
[4.235s] INFO:colcon.colcon_core.shell:Creating environment descriptor '/workspaces/amr_ws/src/install/amr_msgs/share/amr_msgs/hook/ld_library_path_lib.dsv'
[4.239s] INFO:colcon.colcon_core.shell:Creating environment hook '/workspaces/amr_ws/src/install/amr_msgs/share/amr_msgs/hook/ld_library_path_lib.sh'
[4.243s] Level 1:colcon.colcon_core.environment:checking '/workspaces/amr_ws/src/install/amr_msgs/bin'
[4.243s] Level 1:colcon.colcon_core.environment:checking '/workspaces/amr_ws/src/install/amr_msgs/lib/pkgconfig/amr_msgs.pc'
[4.244s] Level 1:colcon.colcon_core.environment:checking '/workspaces/amr_ws/src/install/amr_msgs/lib/python3.10/site-packages'
[4.250s] Level 1:colcon.colcon_core.environment:checking '/workspaces/amr_ws/src/install/amr_msgs/bin'
[4.251s] INFO:colcon.colcon_core.shell:Creating package script '/workspaces/amr_ws/src/install/amr_msgs/share/amr_msgs/package.ps1'
[4.253s] INFO:colcon.colcon_core.shell:Creating package descriptor '/workspaces/amr_ws/src/install/amr_msgs/share/amr_msgs/package.dsv'
[4.255s] INFO:colcon.colcon_core.shell:Creating package script '/workspaces/amr_ws/src/install/amr_msgs/share/amr_msgs/package.sh'
[4.257s] INFO:colcon.colcon_core.shell:Creating package script '/workspaces/amr_ws/src/install/amr_msgs/share/amr_msgs/package.bash'
[4.259s] INFO:colcon.colcon_core.shell:Creating package script '/workspaces/amr_ws/src/install/amr_msgs/share/amr_msgs/package.zsh'
[4.260s] Level 1:colcon.colcon_core.environment:create_file_with_runtime_dependencies(/workspaces/amr_ws/src/install/amr_msgs/share/colcon-core/packages/amr_msgs)
[4.263s] INFO:colcon.colcon_ros.task.ament_python.build:Building ROS package in '/workspaces/amr_ws/src/amr_control' with build type 'ament_python'
[4.263s] Level 1:colcon.colcon_core.shell:create_environment_hook('amr_control', 'ament_prefix_path')
[4.264s] INFO:colcon.colcon_core.shell:Creating environment hook '/workspaces/amr_ws/src/install/amr_control/share/amr_control/hook/ament_prefix_path.ps1'
[4.268s] INFO:colcon.colcon_core.shell:Creating environment descriptor '/workspaces/amr_ws/src/install/amr_control/share/amr_control/hook/ament_prefix_path.dsv'
[4.270s] INFO:colcon.colcon_core.shell:Creating environment hook '/workspaces/amr_ws/src/install/amr_control/share/amr_control/hook/ament_prefix_path.sh'
[4.274s] INFO:colcon.colcon_core.shell:Skip shell extension 'powershell' for command environment: Not usable outside of PowerShell
[4.275s] DEBUG:colcon.colcon_core.shell:Skip shell extension 'dsv' for command environment
[4.298s] INFO:colcon.colcon_ros.task.ament_python.build:Building ROS package in '/workspaces/amr_ws/src/amr_localization' with build type 'ament_python'
[4.299s] Level 1:colcon.colcon_core.shell:create_environment_hook('amr_localization', 'ament_prefix_path')
[4.299s] INFO:colcon.colcon_core.shell:Creating environment hook '/workspaces/amr_ws/src/install/amr_localization/share/amr_localization/hook/ament_prefix_path.ps1'
[4.302s] INFO:colcon.colcon_core.shell:Creating environment descriptor '/workspaces/amr_ws/src/install/amr_localization/share/amr_localization/hook/ament_prefix_path.dsv'
[4.305s] INFO:colcon.colcon_core.shell:Creating environment hook '/workspaces/amr_ws/src/install/amr_localization/share/amr_localization/hook/ament_prefix_path.sh'
[4.312s] INFO:colcon.colcon_core.shell:Skip shell extension 'powershell' for command environment: Not usable outside of PowerShell
[4.312s] DEBUG:colcon.colcon_core.shell:Skip shell extension 'dsv' for command environment
[4.336s] INFO:colcon.colcon_ros.task.ament_python.build:Building ROS package in '/workspaces/amr_ws/src/amr_simulation' with build type 'ament_python'
[4.336s] Level 1:colcon.colcon_core.shell:create_environment_hook('amr_simulation', 'ament_prefix_path')
[4.337s] INFO:colcon.colcon_core.shell:Creating environment hook '/workspaces/amr_ws/src/install/amr_simulation/share/amr_simulation/hook/ament_prefix_path.ps1'
[4.341s] INFO:colcon.colcon_core.shell:Creating environment descriptor '/workspaces/amr_ws/src/install/amr_simulation/share/amr_simulation/hook/ament_prefix_path.dsv'
[4.344s] INFO:colcon.colcon_core.shell:Creating environment hook '/workspaces/amr_ws/src/install/amr_simulation/share/amr_simulation/hook/ament_prefix_path.sh'
[4.348s] INFO:colcon.colcon_core.shell:Skip shell extension 'powershell' for command environment: Not usable outside of PowerShell
[4.348s] DEBUG:colcon.colcon_core.shell:Skip shell extension 'dsv' for command environment
[4.897s] INFO:colcon.colcon_core.task.python.build:Building Python package in '/workspaces/amr_ws/src/amr_control'
[4.897s] INFO:colcon.colcon_core.shell:Skip shell extension 'powershell' for command environment: Not usable outside of PowerShell
[4.898s] DEBUG:colcon.colcon_core.shell:Skip shell extension 'dsv' for command environment
[5.370s] INFO:colcon.colcon_core.task.python.build:Building Python package in '/workspaces/amr_ws/src/amr_localization'
[5.370s] INFO:colcon.colcon_core.shell:Skip shell extension 'powershell' for command environment: Not usable outside of PowerShell
[5.371s] DEBUG:colcon.colcon_core.shell:Skip shell extension 'dsv' for command environment
[5.833s] INFO:colcon.colcon_core.task.python.build:Building Python package in '/workspaces/amr_ws/src/amr_simulation'
[5.834s] INFO:colcon.colcon_core.shell:Skip shell extension 'powershell' for command environment: Not usable outside of PowerShell
[5.834s] DEBUG:colcon.colcon_core.shell:Skip shell extension 'dsv' for command environment
[5.850s] Level 1:colcon.colcon_core.shell:create_environment_hook('amr_planning', 'pythonpath_develop')
[5.850s] INFO:colcon.colcon_core.shell:Creating environment hook '/workspaces/amr_ws/src/build/amr_planning/share/amr_planning/hook/pythonpath_develop.ps1'
[5.851s] DEBUG:colcon.colcon_core.event_handler.log_command:Invoked command in '/workspaces/amr_ws/src/build/amr_planning' returned '0': PYTHONPATH=/workspaces/amr_ws/src/build/amr_planning/prefix_override:/usr/lib/python3/dist-packages/colcon_core/task/python/colcon_distutils_commands:/workspaces/amr_ws/src/install/amr_planning/lib/python3.10/site-packages:${PYTHONPATH} /usr/bin/python3 -W ignore:setup.py install is deprecated -W ignore:easy_install command is deprecated setup.py develop --editable --build-directory /workspaces/amr_ws/src/build/amr_planning/build --no-deps symlink_data
[5.853s] INFO:colcon.colcon_core.shell:Creating environment descriptor '/workspaces/amr_ws/src/build/amr_planning/share/amr_planning/hook/pythonpath_develop.dsv'
[5.854s] INFO:colcon.colcon_core.shell:Creating environment hook '/workspaces/amr_ws/src/build/amr_planning/share/amr_planning/hook/pythonpath_develop.sh'
[5.857s] Level 1:colcon.colcon_core.environment:checking '/workspaces/amr_ws/src/install/amr_planning' for CMake module files
[5.864s] Level 1:colcon.colcon_core.environment:checking '/workspaces/amr_ws/src/install/amr_planning' for CMake config files
[5.873s] Level 1:colcon.colcon_core.environment:checking '/workspaces/amr_ws/src/install/amr_planning/lib'
[5.874s] Level 1:colcon.colcon_core.environment:checking '/workspaces/amr_ws/src/install/amr_planning/bin'
[5.874s] Level 1:colcon.colcon_core.environment:checking '/workspaces/amr_ws/src/install/amr_planning/lib/pkgconfig/amr_planning.pc'
[5.875s] Level 1:colcon.colcon_core.environment:checking '/workspaces/amr_ws/src/install/amr_planning/lib/python3.10/site-packages'
[5.875s] Level 1:colcon.colcon_core.shell:create_environment_hook('amr_planning', 'pythonpath')
[5.875s] INFO:colcon.colcon_core.shell:Creating environment hook '/workspaces/amr_ws/src/install/amr_planning/share/amr_planning/hook/pythonpath.ps1'
[5.877s] INFO:colcon.colcon_core.shell:Creating environment descriptor '/workspaces/amr_ws/src/install/amr_planning/share/amr_planning/hook/pythonpath.dsv'
[5.879s] INFO:colcon.colcon_core.shell:Creating environment hook '/workspaces/amr_ws/src/install/amr_planning/share/amr_planning/hook/pythonpath.sh'
[5.881s] Level 1:colcon.colcon_core.environment:checking '/workspaces/amr_ws/src/install/amr_planning/bin'
[5.882s] Level 1:colcon.colcon_core.environment:create_environment_scripts_only(amr_planning)
[5.882s] INFO:colcon.colcon_core.shell:Creating package script '/workspaces/amr_ws/src/install/amr_planning/share/amr_planning/package.ps1'
[5.884s] INFO:colcon.colcon_core.shell:Creating package descriptor '/workspaces/amr_ws/src/install/amr_planning/share/amr_planning/package.dsv'
[5.886s] INFO:colcon.colcon_core.shell:Creating package script '/workspaces/amr_ws/src/install/amr_planning/share/amr_planning/package.sh'
[5.887s] INFO:colcon.colcon_core.shell:Creating package script '/workspaces/amr_ws/src/install/amr_planning/share/amr_planning/package.bash'
[5.889s] INFO:colcon.colcon_core.shell:Creating package script '/workspaces/amr_ws/src/install/amr_planning/share/amr_planning/package.zsh'
[5.891s] Level 1:colcon.colcon_core.environment:create_file_with_runtime_dependencies(/workspaces/amr_ws/src/install/amr_planning/share/colcon-core/packages/amr_planning)
[5.892s] Level 1:colcon.colcon_core.shell:create_environment_hook('amr_bringup', 'pythonpath_develop')
[5.893s] INFO:colcon.colcon_core.shell:Creating environment hook '/workspaces/amr_ws/src/build/amr_bringup/share/amr_bringup/hook/pythonpath_develop.ps1'
[5.895s] INFO:colcon.colcon_core.shell:Creating environment descriptor '/workspaces/amr_ws/src/build/amr_bringup/share/amr_bringup/hook/pythonpath_develop.dsv'
[5.896s] DEBUG:colcon.colcon_core.event_handler.log_command:Invoked command in '/workspaces/amr_ws/src/build/amr_bringup' returned '0': PYTHONPATH=/workspaces/amr_ws/src/build/amr_bringup/prefix_override:/usr/lib/python3/dist-packages/colcon_core/task/python/colcon_distutils_commands:/workspaces/amr_ws/src/install/amr_bringup/lib/python3.10/site-packages:${PYTHONPATH} /usr/bin/python3 -W ignore:setup.py install is deprecated -W ignore:easy_install command is deprecated setup.py develop --editable --build-directory /workspaces/amr_ws/src/build/amr_bringup/build --no-deps symlink_data
[5.896s] INFO:colcon.colcon_core.shell:Creating environment hook '/workspaces/amr_ws/src/build/amr_bringup/share/amr_bringup/hook/pythonpath_develop.sh'
[5.899s] Level 1:colcon.colcon_core.environment:checking '/workspaces/amr_ws/src/install/amr_bringup' for CMake module files
[5.907s] Level 1:colcon.colcon_core.environment:checking '/workspaces/amr_ws/src/install/amr_bringup' for CMake config files
[5.919s] Level 1:colcon.colcon_core.environment:checking '/workspaces/amr_ws/src/install/amr_bringup/lib'
[5.920s] Level 1:colcon.colcon_core.environment:checking '/workspaces/amr_ws/src/install/amr_bringup/bin'
[5.920s] Level 1:colcon.colcon_core.environment:checking '/workspaces/amr_ws/src/install/amr_bringup/lib/pkgconfig/amr_bringup.pc'
[5.922s] Level 1:colcon.colcon_core.environment:checking '/workspaces/amr_ws/src/install/amr_bringup/lib/python3.10/site-packages'
[5.922s] Level 1:colcon.colcon_core.shell:create_environment_hook('amr_bringup', 'pythonpath')
[5.922s] INFO:colcon.colcon_core.shell:Creating environment hook '/workspaces/amr_ws/src/install/amr_bringup/share/amr_bringup/hook/pythonpath.ps1'
[5.924s] INFO:colcon.colcon_core.shell:Creating environment descriptor '/workspaces/amr_ws/src/install/amr_bringup/share/amr_bringup/hook/pythonpath.dsv'
[5.926s] INFO:colcon.colcon_core.shell:Creating environment hook '/workspaces/amr_ws/src/install/amr_bringup/share/amr_bringup/hook/pythonpath.sh'
[5.929s] Level 1:colcon.colcon_core.environment:checking '/workspaces/amr_ws/src/install/amr_bringup/bin'
[5.930s] Level 1:colcon.colcon_core.environment:create_environment_scripts_only(amr_bringup)
[5.932s] INFO:colcon.colcon_core.shell:Creating package script '/workspaces/amr_ws/src/install/amr_bringup/share/amr_bringup/package.ps1'
[5.934s] INFO:colcon.colcon_core.shell:Creating package descriptor '/workspaces/amr_ws/src/install/amr_bringup/share/amr_bringup/package.dsv'
[5.937s] INFO:colcon.colcon_core.shell:Creating package script '/workspaces/amr_ws/src/install/amr_bringup/share/amr_bringup/package.sh'
[5.940s] INFO:colcon.colcon_core.shell:Creating package script '/workspaces/amr_ws/src/install/amr_bringup/share/amr_bringup/package.bash'
[5.942s] INFO:colcon.colcon_core.shell:Creating package script '/workspaces/amr_ws/src/install/amr_bringup/share/amr_bringup/package.zsh'
[5.944s] Level 1:colcon.colcon_core.environment:create_file_with_runtime_dependencies(/workspaces/amr_ws/src/install/amr_bringup/share/colcon-core/packages/amr_bringup)
[6.650s] DEBUG:colcon.colcon_core.event_handler.log_command:Invoking command in '/workspaces/amr_ws/src/build/amr_control': PYTHONPATH=/workspaces/amr_ws/src/build/amr_control/prefix_override:/usr/lib/python3/dist-packages/colcon_core/task/python/colcon_distutils_commands:/workspaces/amr_ws/src/install/amr_control/lib/python3.10/site-packages:${PYTHONPATH} /usr/bin/python3 -W ignore:setup.py install is deprecated -W ignore:easy_install command is deprecated setup.py develop --editable --build-directory /workspaces/amr_ws/src/build/amr_control/build --no-deps symlink_data
[6.665s] DEBUG:colcon.colcon_core.event_handler.log_command:Invoking command in '/workspaces/amr_ws/src/build/amr_localization': PYTHONPATH=/workspaces/amr_ws/src/build/amr_localization/prefix_override:/usr/lib/python3/dist-packages/colcon_core/task/python/colcon_distutils_commands:/workspaces/amr_ws/src/install/amr_localization/lib/python3.10/site-packages:${PYTHONPATH} /usr/bin/python3 -W ignore:setup.py install is deprecated -W ignore:easy_install command is deprecated setup.py develop --editable --build-directory /workspaces/amr_ws/src/build/amr_localization/build --no-deps symlink_data
[6.673s] DEBUG:colcon.colcon_core.event_handler.log_command:Invoking command in '/workspaces/amr_ws/src/build/amr_simulation': PYTHONPATH=/workspaces/amr_ws/src/build/amr_simulation/prefix_override:/usr/lib/python3/dist-packages/colcon_core/task/python/colcon_distutils_commands:/workspaces/amr_ws/src/install/amr_simulation/lib/python3.10/site-packages:${PYTHONPATH} /usr/bin/python3 -W ignore:setup.py install is deprecated -W ignore:easy_install command is deprecated setup.py develop --editable --build-directory /workspaces/amr_ws/src/build/amr_simulation/build --no-deps symlink_data
[7.633s] Level 1:colcon.colcon_core.shell:create_environment_hook('amr_localization', 'pythonpath_develop')
[7.636s] INFO:colcon.colcon_core.shell:Creating environment hook '/workspaces/amr_ws/src/build/amr_localization/share/amr_localization/hook/pythonpath_develop.ps1'
[7.637s] DEBUG:colcon.colcon_core.event_handler.log_command:Invoked command in '/workspaces/amr_ws/src/build/amr_localization' returned '0': PYTHONPATH=/workspaces/amr_ws/src/build/amr_localization/prefix_override:/usr/lib/python3/dist-packages/colcon_core/task/python/colcon_distutils_commands:/workspaces/amr_ws/src/install/amr_localization/lib/python3.10/site-packages:${PYTHONPATH} /usr/bin/python3 -W ignore:setup.py install is deprecated -W ignore:easy_install command is deprecated setup.py develop --editable --build-directory /workspaces/amr_ws/src/build/amr_localization/build --no-deps symlink_data
[7.640s] INFO:colcon.colcon_core.shell:Creating environment descriptor '/workspaces/amr_ws/src/build/amr_localization/share/amr_localization/hook/pythonpath_develop.dsv'
[7.645s] INFO:colcon.colcon_core.shell:Creating environment hook '/workspaces/amr_ws/src/build/amr_localization/share/amr_localization/hook/pythonpath_develop.sh'
[7.648s] Level 1:colcon.colcon_core.environment:checking '/workspaces/amr_ws/src/install/amr_localization' for CMake module files
[7.656s] Level 1:colcon.colcon_core.environment:checking '/workspaces/amr_ws/src/install/amr_localization' for CMake config files
[7.666s] Level 1:colcon.colcon_core.environment:checking '/workspaces/amr_ws/src/install/amr_localization/lib'
[7.666s] Level 1:colcon.colcon_core.environment:checking '/workspaces/amr_ws/src/install/amr_localization/bin'
[7.667s] Level 1:colcon.colcon_core.environment:checking '/workspaces/amr_ws/src/install/amr_localization/lib/pkgconfig/amr_localization.pc'
[7.668s] Level 1:colcon.colcon_core.environment:checking '/workspaces/amr_ws/src/install/amr_localization/lib/python3.10/site-packages'
[7.668s] Level 1:colcon.colcon_core.shell:create_environment_hook('amr_localization', 'pythonpath')
[7.669s] INFO:colcon.colcon_core.shell:Creating environment hook '/workspaces/amr_ws/src/install/amr_localization/share/amr_localization/hook/pythonpath.ps1'
[7.671s] INFO:colcon.colcon_core.shell:Creating environment descriptor '/workspaces/amr_ws/src/install/amr_localization/share/amr_localization/hook/pythonpath.dsv'
[7.673s] INFO:colcon.colcon_core.shell:Creating environment hook '/workspaces/amr_ws/src/install/amr_localization/share/amr_localization/hook/pythonpath.sh'
[7.675s] Level 1:colcon.colcon_core.environment:checking '/workspaces/amr_ws/src/install/amr_localization/bin'
[7.675s] Level 1:colcon.colcon_core.environment:create_environment_scripts_only(amr_localization)
[7.676s] INFO:colcon.colcon_core.shell:Creating package script '/workspaces/amr_ws/src/install/amr_localization/share/amr_localization/package.ps1'
[7.677s] INFO:colcon.colcon_core.shell:Creating package descriptor '/workspaces/amr_ws/src/install/amr_localization/share/amr_localization/package.dsv'
[7.679s] INFO:colcon.colcon_core.shell:Creating package script '/workspaces/amr_ws/src/install/amr_localization/share/amr_localization/package.sh'
[7.680s] INFO:colcon.colcon_core.shell:Creating package script '/workspaces/amr_ws/src/install/amr_localization/share/amr_localization/package.bash'
[7.682s] INFO:colcon.colcon_core.shell:Creating package script '/workspaces/amr_ws/src/install/amr_localization/share/amr_localization/package.zsh'
[7.684s] Level 1:colcon.colcon_core.environment:create_file_with_runtime_dependencies(/workspaces/amr_ws/src/install/amr_localization/share/colcon-core/packages/amr_localization)
[7.686s] Level 1:colcon.colcon_core.shell:create_environment_hook('amr_control', 'pythonpath_develop')
[7.687s] INFO:colcon.colcon_core.shell:Creating environment hook '/workspaces/amr_ws/src/build/amr_control/share/amr_control/hook/pythonpath_develop.ps1'
[7.689s] DEBUG:colcon.colcon_core.event_handler.log_command:Invoked command in '/workspaces/amr_ws/src/build/amr_control' returned '0': PYTHONPATH=/workspaces/amr_ws/src/build/amr_control/prefix_override:/usr/lib/python3/dist-packages/colcon_core/task/python/colcon_distutils_commands:/workspaces/amr_ws/src/install/amr_control/lib/python3.10/site-packages:${PYTHONPATH} /usr/bin/python3 -W ignore:setup.py install is deprecated -W ignore:easy_install command is deprecated setup.py develop --editable --build-directory /workspaces/amr_ws/src/build/amr_control/build --no-deps symlink_data
[7.690s] INFO:colcon.colcon_core.shell:Creating environment descriptor '/workspaces/amr_ws/src/build/amr_control/share/amr_control/hook/pythonpath_develop.dsv'
[7.692s] INFO:colcon.colcon_core.shell:Creating environment hook '/workspaces/amr_ws/src/build/amr_control/share/amr_control/hook/pythonpath_develop.sh'
[7.695s] Level 1:colcon.colcon_core.environment:checking '/workspaces/amr_ws/src/install/amr_control' for CMake module files
[7.702s] Level 1:colcon.colcon_core.environment:checking '/workspaces/amr_ws/src/install/amr_control' for CMake config files
[7.711s] Level 1:colcon.colcon_core.environment:checking '/workspaces/amr_ws/src/install/amr_control/lib'
[7.712s] Level 1:colcon.colcon_core.environment:checking '/workspaces/amr_ws/src/install/amr_control/bin'
[7.712s] Level 1:colcon.colcon_core.environment:checking '/workspaces/amr_ws/src/install/amr_control/lib/pkgconfig/amr_control.pc'
[7.713s] Level 1:colcon.colcon_core.environment:checking '/workspaces/amr_ws/src/install/amr_control/lib/python3.10/site-packages'
[7.713s] Level 1:colcon.colcon_core.shell:create_environment_hook('amr_control', 'pythonpath')
[7.714s] INFO:colcon.colcon_core.shell:Creating environment hook '/workspaces/amr_ws/src/install/amr_control/share/amr_control/hook/pythonpath.ps1'
[7.716s] INFO:colcon.colcon_core.shell:Creating environment descriptor '/workspaces/amr_ws/src/install/amr_control/share/amr_control/hook/pythonpath.dsv'
[7.717s] INFO:colcon.colcon_core.shell:Creating environment hook '/workspaces/amr_ws/src/install/amr_control/share/amr_control/hook/pythonpath.sh'
[7.719s] Level 1:colcon.colcon_core.environment:checking '/workspaces/amr_ws/src/install/amr_control/bin'
[7.720s] Level 1:colcon.colcon_core.environment:create_environment_scripts_only(amr_control)
[7.720s] INFO:colcon.colcon_core.shell:Creating package script '/workspaces/amr_ws/src/install/amr_control/share/amr_control/package.ps1'
[7.722s] INFO:colcon.colcon_core.shell:Creating package descriptor '/workspaces/amr_ws/src/install/amr_control/share/amr_control/package.dsv'
[7.723s] INFO:colcon.colcon_core.shell:Creating package script '/workspaces/amr_ws/src/install/amr_control/share/amr_control/package.sh'
[7.726s] INFO:colcon.colcon_core.shell:Creating package script '/workspaces/amr_ws/src/install/amr_control/share/amr_control/package.bash'
[7.729s] INFO:colcon.colcon_core.shell:Creating package script '/workspaces/amr_ws/src/install/amr_control/share/amr_control/package.zsh'
[7.731s] Level 1:colcon.colcon_core.environment:create_file_with_runtime_dependencies(/workspaces/amr_ws/src/install/amr_control/share/colcon-core/packages/amr_control)
[7.733s] Level 1:colcon.colcon_core.shell:create_environment_hook('amr_simulation', 'pythonpath_develop')
[7.734s] INFO:colcon.colcon_core.shell:Creating environment hook '/workspaces/amr_ws/src/build/amr_simulation/share/amr_simulation/hook/pythonpath_develop.ps1'
[7.738s] INFO:colcon.colcon_core.shell:Creating environment descriptor '/workspaces/amr_ws/src/build/amr_simulation/share/amr_simulation/hook/pythonpath_develop.dsv'
[7.740s] DEBUG:colcon.colcon_core.event_handler.log_command:Invoked command in '/workspaces/amr_ws/src/build/amr_simulation' returned '0': PYTHONPATH=/workspaces/amr_ws/src/build/amr_simulation/prefix_override:/usr/lib/python3/dist-packages/colcon_core/task/python/colcon_distutils_commands:/workspaces/amr_ws/src/install/amr_simulation/lib/python3.10/site-packages:${PYTHONPATH} /usr/bin/python3 -W ignore:setup.py install is deprecated -W ignore:easy_install command is deprecated setup.py develop --editable --build-directory /workspaces/amr_ws/src/build/amr_simulation/build --no-deps symlink_data
[7.741s] INFO:colcon.colcon_core.shell:Creating environment hook '/workspaces/amr_ws/src/build/amr_simulation/share/amr_simulation/hook/pythonpath_develop.sh'
[7.744s] Level 1:colcon.colcon_core.environment:checking '/workspaces/amr_ws/src/install/amr_simulation' for CMake module files
[7.752s] Level 1:colcon.colcon_core.environment:checking '/workspaces/amr_ws/src/install/amr_simulation' for CMake config files
[7.760s] Level 1:colcon.colcon_core.environment:checking '/workspaces/amr_ws/src/install/amr_simulation/lib'
[7.761s] Level 1:colcon.colcon_core.environment:checking '/workspaces/amr_ws/src/install/amr_simulation/bin'
[7.761s] Level 1:colcon.colcon_core.environment:checking '/workspaces/amr_ws/src/install/amr_simulation/lib/pkgconfig/amr_simulation.pc'
[7.762s] Level 1:colcon.colcon_core.environment:checking '/workspaces/amr_ws/src/install/amr_simulation/lib/python3.10/site-packages'
[7.763s] Level 1:colcon.colcon_core.shell:create_environment_hook('amr_simulation', 'pythonpath')
[7.763s] INFO:colcon.colcon_core.shell:Creating environment hook '/workspaces/amr_ws/src/install/amr_simulation/share/amr_simulation/hook/pythonpath.ps1'
[7.768s] INFO:colcon.colcon_core.shell:Creating environment descriptor '/workspaces/amr_ws/src/install/amr_simulation/share/amr_simulation/hook/pythonpath.dsv'
[7.770s] INFO:colcon.colcon_core.shell:Creating environment hook '/workspaces/amr_ws/src/install/amr_simulation/share/amr_simulation/hook/pythonpath.sh'
[7.772s] Level 1:colcon.colcon_core.environment:checking '/workspaces/amr_ws/src/install/amr_simulation/bin'
[7.773s] Level 1:colcon.colcon_core.environment:create_environment_scripts_only(amr_simulation)
[7.774s] INFO:colcon.colcon_core.shell:Creating package script '/workspaces/amr_ws/src/install/amr_simulation/share/amr_simulation/package.ps1'
[7.776s] INFO:colcon.colcon_core.shell:Creating package descriptor '/workspaces/amr_ws/src/install/amr_simulation/share/amr_simulation/package.dsv'
[7.779s] INFO:colcon.colcon_core.shell:Creating package script '/workspaces/amr_ws/src/install/amr_simulation/share/amr_simulation/package.sh'
[7.782s] INFO:colcon.colcon_core.shell:Creating package script '/workspaces/amr_ws/src/install/amr_simulation/share/amr_simulation/package.bash'
[7.784s] INFO:colcon.colcon_core.shell:Creating package script '/workspaces/amr_ws/src/install/amr_simulation/share/amr_simulation/package.zsh'
[7.786s] Level 1:colcon.colcon_core.environment:create_file_with_runtime_dependencies(/workspaces/amr_ws/src/install/amr_simulation/share/colcon-core/packages/amr_simulation)
[7.788s] DEBUG:colcon.colcon_parallel_executor.executor.parallel:closing loop
[7.788s] DEBUG:colcon.colcon_parallel_executor.executor.parallel:loop closed
[7.789s] DEBUG:colcon.colcon_parallel_executor.executor.parallel:run_until_complete finished with '0'
[7.790s] DEBUG:colcon.colcon_core.event_reactor:joining thread
[7.826s] INFO:colcon.colcon_core.plugin_system:Skipping extension 'colcon_notification.desktop_notification.notify_send': Could not find 'notify-send'
[7.826s] INFO:colcon.colcon_core.plugin_system:Skipping extension 'colcon_notification.desktop_notification.terminal_notifier': Not used on non-Darwin systems
[7.826s] INFO:colcon.colcon_core.plugin_system:Skipping extension 'colcon_notification.desktop_notification.win32': Not used on non-Windows systems
[7.827s] INFO:colcon.colcon_notification.desktop_notification:Sending desktop notification using 'notify2'
[7.830s] DEBUG:colcon.colcon_notification.desktop_notification.notify2:Failed to initialize notify2: org.freedesktop.DBus.Error.NotSupported: Unable to autolaunch a dbus-daemon without a $DISPLAY for X11
[7.830s] DEBUG:colcon.colcon_core.event_reactor:joined thread
[7.831s] INFO:colcon.colcon_core.shell:Creating prefix script '/workspaces/amr_ws/src/install/local_setup.ps1'
[7.834s] INFO:colcon.colcon_core.shell:Creating prefix util module '/workspaces/amr_ws/src/install/_local_setup_util_ps1.py'
[7.837s] INFO:colcon.colcon_core.shell:Creating prefix chain script '/workspaces/amr_ws/src/install/setup.ps1'
[7.846s] INFO:colcon.colcon_core.shell:Creating prefix script '/workspaces/amr_ws/src/install/local_setup.sh'
[7.849s] INFO:colcon.colcon_core.shell:Creating prefix util module '/workspaces/amr_ws/src/install/_local_setup_util_sh.py'
[7.850s] INFO:colcon.colcon_core.shell:Creating prefix chain script '/workspaces/amr_ws/src/install/setup.sh'
[7.858s] INFO:colcon.colcon_core.shell:Creating prefix script '/workspaces/amr_ws/src/install/local_setup.bash'
[7.860s] INFO:colcon.colcon_core.shell:Creating prefix chain script '/workspaces/amr_ws/src/install/setup.bash'
[7.867s] INFO:colcon.colcon_core.shell:Creating prefix script '/workspaces/amr_ws/src/install/local_setup.zsh'
[7.870s] INFO:colcon.colcon_core.shell:Creating prefix chain script '/workspaces/amr_ws/src/install/setup.zsh'
