running develop
running egg_info
creating amr_simulation.egg-info
writing amr_simulation.egg-info/PKG-INFO
writing dependency_links to amr_simulation.egg-info/dependency_links.txt
writing entry points to amr_simulation.egg-info/entry_points.txt
writing requirements to amr_simulation.egg-info/requires.txt
writing top-level names to amr_simulation.egg-info/top_level.txt
writing manifest file 'amr_simulation.egg-info/SOURCES.txt'
reading manifest file 'amr_simulation.egg-info/SOURCES.txt'
writing manifest file 'amr_simulation.egg-info/SOURCES.txt'
running build_ext
Creating /workspaces/amr_ws/src/install/amr_simulation/lib/python3.10/site-packages/amr-simulation.egg-link (link to .)
Installing coppeliasim script to /workspaces/amr_ws/src/install/amr_simulation/lib/amr_simulation

Installed /workspaces/amr_ws/src/build/amr_simulation
running symlink_data
creating /workspaces/amr_ws/src/install/amr_simulation/share/ament_index
creating /workspaces/amr_ws/src/install/amr_simulation/share/ament_index/resource_index
creating /workspaces/amr_ws/src/install/amr_simulation/share/ament_index/resource_index/packages
symbolically linking /workspaces/amr_ws/src/build/amr_simulation/resource/amr_simulation -> /workspaces/amr_ws/src/install/amr_simulation/share/ament_index/resource_index/packages
symbolically linking /workspaces/amr_ws/src/build/amr_simulation/package.xml -> /workspaces/amr_ws/src/install/amr_simulation/share/amr_simulation
