[35m[1mConsolidate compiler generated dependencies of target amr_msgs__rosidl_generator_c[0m
[  2%] Built target amr_msgs__cpp
[  2%] Built target ament_cmake_python_symlink_amr_msgs
[35m[1mConsolidate compiler generated dependencies of target amr_msgs__rosidl_typesupport_cpp[0m
[35m[1mConsolidate compiler generated dependencies of target amr_msgs__rosidl_typesupport_fastrtps_cpp[0m
[35m[1mConsolidate compiler generated dependencies of target amr_msgs__rosidl_typesupport_introspection_cpp[0m
[ 12%] Built target amr_msgs__rosidl_generator_c
[35m[1mConsolidate compiler generated dependencies of target amr_msgs__rosidl_typesupport_fastrtps_c[0m
[35m[1mConsolidate compiler generated dependencies of target amr_msgs__rosidl_typesupport_c[0m
[35m[1mConsolidate compiler generated dependencies of target amr_msgs__rosidl_typesupport_introspection_c[0m
[ 23%] Built target amr_msgs__rosidl_typesupport_introspection_cpp
[ 33%] Built target amr_msgs__rosidl_typesupport_c
[ 51%] Built target amr_msgs__rosidl_typesupport_cpp
[ 53%] Built target amr_msgs__rosidl_typesupport_fastrtps_cpp
[ 64%] Built target amr_msgs__rosidl_typesupport_introspection_c
[ 74%] Built target amr_msgs__rosidl_typesupport_fastrtps_c
[ 74%] Built target amr_msgs
[ 76%] Built target amr_msgs__py
[35m[1mConsolidate compiler generated dependencies of target amr_msgs__rosidl_generator_py[0m
running egg_info
writing amr_msgs.egg-info/PKG-INFO
writing dependency_links to amr_msgs.egg-info/dependency_links.txt
writing top-level names to amr_msgs.egg-info/top_level.txt
reading manifest file 'amr_msgs.egg-info/SOURCES.txt'
writing manifest file 'amr_msgs.egg-info/SOURCES.txt'
[ 76%] Built target ament_cmake_python_build_amr_msgs_egg
[ 84%] Built target amr_msgs__rosidl_generator_py
[35m[1mConsolidate compiler generated dependencies of target amr_msgs__rosidl_typesupport_fastrtps_c__pyext[0m
[35m[1mConsolidate compiler generated dependencies of target amr_msgs__rosidl_typesupport_c__pyext[0m
[35m[1mConsolidate compiler generated dependencies of target amr_msgs__rosidl_typesupport_introspection_c__pyext[0m
[ 89%] Built target amr_msgs__rosidl_typesupport_fastrtps_c__pyext
[100%] Built target amr_msgs__rosidl_typesupport_introspection_c__pyext
[100%] Built target amr_msgs__rosidl_typesupport_c__pyext
-- Install configuration: ""
-- Execute custom install script
-- Up-to-date symlink: /workspaces/amr_ws/src/install/amr_msgs/share/ament_index/resource_index/rosidl_interfaces/amr_msgs
-- Up-to-date symlink: /workspaces/amr_ws/src/install/amr_msgs/include/amr_msgs/amr_msgs/msg/detail/pose_stamped__functions.h
-- Up-to-date symlink: /workspaces/amr_ws/src/install/amr_msgs/include/amr_msgs/amr_msgs/msg/detail/pose_stamped__struct.h
-- Up-to-date symlink: /workspaces/amr_ws/src/install/amr_msgs/include/amr_msgs/amr_msgs/msg/detail/pose_stamped__type_support.h
-- Up-to-date symlink: /workspaces/amr_ws/src/install/amr_msgs/include/amr_msgs/amr_msgs/msg/detail/range_scan__functions.h
-- Up-to-date symlink: /workspaces/amr_ws/src/install/amr_msgs/include/amr_msgs/amr_msgs/msg/detail/range_scan__struct.h
-- Up-to-date symlink: /workspaces/amr_ws/src/install/amr_msgs/include/amr_msgs/amr_msgs/msg/detail/range_scan__type_support.h
-- Up-to-date symlink: /workspaces/amr_ws/src/install/amr_msgs/include/amr_msgs/amr_msgs/msg/pose_stamped.h
-- Up-to-date symlink: /workspaces/amr_ws/src/install/amr_msgs/include/amr_msgs/amr_msgs/msg/range_scan.h
-- Up-to-date symlink: /workspaces/amr_ws/src/install/amr_msgs/include/amr_msgs/amr_msgs/msg/rosidl_generator_c__visibility_control.h
-- Up-to-date symlink: /workspaces/amr_ws/src/install/amr_msgs/share/amr_msgs/environment/library_path.sh
-- Up-to-date symlink: /workspaces/amr_ws/src/install/amr_msgs/share/amr_msgs/environment/library_path.dsv
-- Up-to-date symlink: /workspaces/amr_ws/src/install/amr_msgs/include/amr_msgs/amr_msgs/msg/detail/pose_stamped__rosidl_typesupport_fastrtps_c.h
-- Up-to-date symlink: /workspaces/amr_ws/src/install/amr_msgs/include/amr_msgs/amr_msgs/msg/detail/range_scan__rosidl_typesupport_fastrtps_c.h
-- Up-to-date symlink: /workspaces/amr_ws/src/install/amr_msgs/include/amr_msgs/amr_msgs/msg/rosidl_typesupport_fastrtps_c__visibility_control.h
-- Up-to-date symlink: /workspaces/amr_ws/src/install/amr_msgs/include/amr_msgs/amr_msgs/msg/detail/pose_stamped__rosidl_typesupport_introspection_c.h
-- Up-to-date symlink: /workspaces/amr_ws/src/install/amr_msgs/include/amr_msgs/amr_msgs/msg/detail/range_scan__rosidl_typesupport_introspection_c.h
-- Up-to-date symlink: /workspaces/amr_ws/src/install/amr_msgs/include/amr_msgs/amr_msgs/msg/rosidl_typesupport_introspection_c__visibility_control.h
-- Up-to-date symlink: /workspaces/amr_ws/src/install/amr_msgs/include/amr_msgs/amr_msgs/msg/detail/pose_stamped__builder.hpp
-- Up-to-date symlink: /workspaces/amr_ws/src/install/amr_msgs/include/amr_msgs/amr_msgs/msg/detail/pose_stamped__struct.hpp
-- Up-to-date symlink: /workspaces/amr_ws/src/install/amr_msgs/include/amr_msgs/amr_msgs/msg/detail/pose_stamped__traits.hpp
-- Up-to-date symlink: /workspaces/amr_ws/src/install/amr_msgs/include/amr_msgs/amr_msgs/msg/detail/pose_stamped__type_support.hpp
-- Up-to-date symlink: /workspaces/amr_ws/src/install/amr_msgs/include/amr_msgs/amr_msgs/msg/detail/range_scan__builder.hpp
-- Up-to-date symlink: /workspaces/amr_ws/src/install/amr_msgs/include/amr_msgs/amr_msgs/msg/detail/range_scan__struct.hpp
-- Up-to-date symlink: /workspaces/amr_ws/src/install/amr_msgs/include/amr_msgs/amr_msgs/msg/detail/range_scan__traits.hpp
-- Up-to-date symlink: /workspaces/amr_ws/src/install/amr_msgs/include/amr_msgs/amr_msgs/msg/detail/range_scan__type_support.hpp
-- Up-to-date symlink: /workspaces/amr_ws/src/install/amr_msgs/include/amr_msgs/amr_msgs/msg/pose_stamped.hpp
-- Up-to-date symlink: /workspaces/amr_ws/src/install/amr_msgs/include/amr_msgs/amr_msgs/msg/range_scan.hpp
-- Up-to-date symlink: /workspaces/amr_ws/src/install/amr_msgs/include/amr_msgs/amr_msgs/msg/rosidl_generator_cpp__visibility_control.hpp
-- Up-to-date symlink: /workspaces/amr_ws/src/install/amr_msgs/include/amr_msgs/amr_msgs/msg/detail/pose_stamped__rosidl_typesupport_fastrtps_cpp.hpp
-- Up-to-date symlink: /workspaces/amr_ws/src/install/amr_msgs/include/amr_msgs/amr_msgs/msg/detail/range_scan__rosidl_typesupport_fastrtps_cpp.hpp
-- Up-to-date symlink: /workspaces/amr_ws/src/install/amr_msgs/include/amr_msgs/amr_msgs/msg/rosidl_typesupport_fastrtps_cpp__visibility_control.h
-- Up-to-date symlink: /workspaces/amr_ws/src/install/amr_msgs/include/amr_msgs/amr_msgs/msg/detail/pose_stamped__rosidl_typesupport_introspection_cpp.hpp
-- Up-to-date symlink: /workspaces/amr_ws/src/install/amr_msgs/include/amr_msgs/amr_msgs/msg/detail/range_scan__rosidl_typesupport_introspection_cpp.hpp
-- Up-to-date symlink: /workspaces/amr_ws/src/install/amr_msgs/share/amr_msgs/environment/pythonpath.sh
-- Up-to-date symlink: /workspaces/amr_ws/src/install/amr_msgs/share/amr_msgs/environment/pythonpath.dsv
-- Up-to-date symlink: /workspaces/amr_ws/src/install/amr_msgs/local/lib/python3.10/dist-packages/amr_msgs-1.0.0-py3.10.egg-info/PKG-INFO
-- Up-to-date symlink: /workspaces/amr_ws/src/install/amr_msgs/local/lib/python3.10/dist-packages/amr_msgs-1.0.0-py3.10.egg-info/SOURCES.txt
-- Up-to-date symlink: /workspaces/amr_ws/src/install/amr_msgs/local/lib/python3.10/dist-packages/amr_msgs-1.0.0-py3.10.egg-info/dependency_links.txt
-- Up-to-date symlink: /workspaces/amr_ws/src/install/amr_msgs/local/lib/python3.10/dist-packages/amr_msgs-1.0.0-py3.10.egg-info/top_level.txt
-- Up-to-date symlink: /workspaces/amr_ws/src/install/amr_msgs/local/lib/python3.10/dist-packages/amr_msgs/__init__.py
-- Up-to-date symlink: /workspaces/amr_ws/src/install/amr_msgs/local/lib/python3.10/dist-packages/amr_msgs/_amr_msgs_s.ep.rosidl_typesupport_c.c
-- Up-to-date symlink: /workspaces/amr_ws/src/install/amr_msgs/local/lib/python3.10/dist-packages/amr_msgs/_amr_msgs_s.ep.rosidl_typesupport_fastrtps_c.c
-- Up-to-date symlink: /workspaces/amr_ws/src/install/amr_msgs/local/lib/python3.10/dist-packages/amr_msgs/_amr_msgs_s.ep.rosidl_typesupport_introspection_c.c
-- Up-to-date symlink: /workspaces/amr_ws/src/install/amr_msgs/local/lib/python3.10/dist-packages/amr_msgs/amr_msgs_s__rosidl_typesupport_c.cpython-310-x86_64-linux-gnu.so
-- Up-to-date symlink: /workspaces/amr_ws/src/install/amr_msgs/local/lib/python3.10/dist-packages/amr_msgs/amr_msgs_s__rosidl_typesupport_fastrtps_c.cpython-310-x86_64-linux-gnu.so
-- Up-to-date symlink: /workspaces/amr_ws/src/install/amr_msgs/local/lib/python3.10/dist-packages/amr_msgs/amr_msgs_s__rosidl_typesupport_introspection_c.cpython-310-x86_64-linux-gnu.so
-- Up-to-date symlink: /workspaces/amr_ws/src/install/amr_msgs/local/lib/python3.10/dist-packages/amr_msgs/libamr_msgs__rosidl_generator_py.so
-- Up-to-date symlink: /workspaces/amr_ws/src/install/amr_msgs/local/lib/python3.10/dist-packages/amr_msgs/msg/__init__.py
-- Up-to-date symlink: /workspaces/amr_ws/src/install/amr_msgs/local/lib/python3.10/dist-packages/amr_msgs/msg/_pose_stamped.py
-- Up-to-date symlink: /workspaces/amr_ws/src/install/amr_msgs/local/lib/python3.10/dist-packages/amr_msgs/msg/_pose_stamped_s.c
-- Up-to-date symlink: /workspaces/amr_ws/src/install/amr_msgs/local/lib/python3.10/dist-packages/amr_msgs/msg/_range_scan.py
-- Up-to-date symlink: /workspaces/amr_ws/src/install/amr_msgs/local/lib/python3.10/dist-packages/amr_msgs/msg/_range_scan_s.c
-- Up-to-date symlink: /workspaces/amr_ws/src/install/amr_msgs/local/lib/python3.10/dist-packages/amr_msgs/amr_msgs_s__rosidl_typesupport_fastrtps_c.cpython-310-x86_64-linux-gnu.so
-- Up-to-date symlink: /workspaces/amr_ws/src/install/amr_msgs/local/lib/python3.10/dist-packages/amr_msgs/amr_msgs_s__rosidl_typesupport_introspection_c.cpython-310-x86_64-linux-gnu.so
-- Up-to-date symlink: /workspaces/amr_ws/src/install/amr_msgs/local/lib/python3.10/dist-packages/amr_msgs/amr_msgs_s__rosidl_typesupport_c.cpython-310-x86_64-linux-gnu.so
-- Up-to-date symlink: /workspaces/amr_ws/src/install/amr_msgs/share/amr_msgs/msg/PoseStamped.idl
-- Up-to-date symlink: /workspaces/amr_ws/src/install/amr_msgs/share/amr_msgs/msg/RangeScan.idl
-- Up-to-date symlink: /workspaces/amr_ws/src/install/amr_msgs/share/amr_msgs/msg/PoseStamped.msg
-- Up-to-date symlink: /workspaces/amr_ws/src/install/amr_msgs/share/amr_msgs/msg/RangeScan.msg
-- Up-to-date symlink: /workspaces/amr_ws/src/install/amr_msgs/share/ament_index/resource_index/package_run_dependencies/amr_msgs
-- Up-to-date symlink: /workspaces/amr_ws/src/install/amr_msgs/share/ament_index/resource_index/parent_prefix_path/amr_msgs
-- Up-to-date symlink: /workspaces/amr_ws/src/install/amr_msgs/share/amr_msgs/environment/ament_prefix_path.sh
-- Up-to-date symlink: /workspaces/amr_ws/src/install/amr_msgs/share/amr_msgs/environment/ament_prefix_path.dsv
-- Up-to-date symlink: /workspaces/amr_ws/src/install/amr_msgs/share/amr_msgs/environment/path.sh
-- Up-to-date symlink: /workspaces/amr_ws/src/install/amr_msgs/share/amr_msgs/environment/path.dsv
-- Up-to-date symlink: /workspaces/amr_ws/src/install/amr_msgs/share/amr_msgs/local_setup.bash
-- Up-to-date symlink: /workspaces/amr_ws/src/install/amr_msgs/share/amr_msgs/local_setup.sh
-- Up-to-date symlink: /workspaces/amr_ws/src/install/amr_msgs/share/amr_msgs/local_setup.zsh
-- Up-to-date symlink: /workspaces/amr_ws/src/install/amr_msgs/share/amr_msgs/local_setup.dsv
-- Symlinking: /workspaces/amr_ws/src/install/amr_msgs/share/amr_msgs/package.dsv
-- Up-to-date symlink: /workspaces/amr_ws/src/install/amr_msgs/share/ament_index/resource_index/packages/amr_msgs
-- Up-to-date symlink: /workspaces/amr_ws/src/install/amr_msgs/share/amr_msgs/cmake/rosidl_cmake-extras.cmake
-- Up-to-date symlink: /workspaces/amr_ws/src/install/amr_msgs/share/amr_msgs/cmake/ament_cmake_export_dependencies-extras.cmake
-- Up-to-date symlink: /workspaces/amr_ws/src/install/amr_msgs/share/amr_msgs/cmake/ament_cmake_export_include_directories-extras.cmake
-- Up-to-date symlink: /workspaces/amr_ws/src/install/amr_msgs/share/amr_msgs/cmake/ament_cmake_export_libraries-extras.cmake
-- Up-to-date symlink: /workspaces/amr_ws/src/install/amr_msgs/share/amr_msgs/cmake/ament_cmake_export_targets-extras.cmake
-- Up-to-date symlink: /workspaces/amr_ws/src/install/amr_msgs/share/amr_msgs/cmake/rosidl_cmake_export_typesupport_targets-extras.cmake
-- Up-to-date symlink: /workspaces/amr_ws/src/install/amr_msgs/share/amr_msgs/cmake/rosidl_cmake_export_typesupport_libraries-extras.cmake
-- Up-to-date symlink: /workspaces/amr_ws/src/install/amr_msgs/share/amr_msgs/cmake/amr_msgsConfig.cmake
-- Up-to-date symlink: /workspaces/amr_ws/src/install/amr_msgs/share/amr_msgs/cmake/amr_msgsConfig-version.cmake
-- Up-to-date symlink: /workspaces/amr_ws/src/install/amr_msgs/share/amr_msgs/package.xml
-- Up-to-date: /workspaces/amr_ws/src/install/amr_msgs/lib/libamr_msgs__rosidl_generator_c.so
-- Up-to-date: /workspaces/amr_ws/src/install/amr_msgs/lib/libamr_msgs__rosidl_typesupport_fastrtps_c.so
-- Up-to-date: /workspaces/amr_ws/src/install/amr_msgs/lib/libamr_msgs__rosidl_typesupport_introspection_c.so
-- Up-to-date: /workspaces/amr_ws/src/install/amr_msgs/lib/libamr_msgs__rosidl_typesupport_c.so
-- Up-to-date: /workspaces/amr_ws/src/install/amr_msgs/lib/libamr_msgs__rosidl_typesupport_fastrtps_cpp.so
-- Up-to-date: /workspaces/amr_ws/src/install/amr_msgs/lib/libamr_msgs__rosidl_typesupport_introspection_cpp.so
-- Up-to-date: /workspaces/amr_ws/src/install/amr_msgs/lib/libamr_msgs__rosidl_typesupport_cpp.so
Listing '/workspaces/amr_ws/src/install/amr_msgs/local/lib/python3.10/dist-packages/amr_msgs'...
Listing '/workspaces/amr_ws/src/install/amr_msgs/local/lib/python3.10/dist-packages/amr_msgs/msg'...
-- Up-to-date: /workspaces/amr_ws/src/install/amr_msgs/lib/libamr_msgs__rosidl_generator_py.so
-- Up-to-date: /workspaces/amr_ws/src/install/amr_msgs/share/amr_msgs/cmake/export_amr_msgs__rosidl_generator_cExport.cmake
-- Up-to-date: /workspaces/amr_ws/src/install/amr_msgs/share/amr_msgs/cmake/export_amr_msgs__rosidl_generator_cExport-noconfig.cmake
-- Up-to-date: /workspaces/amr_ws/src/install/amr_msgs/share/amr_msgs/cmake/export_amr_msgs__rosidl_typesupport_fastrtps_cExport.cmake
-- Up-to-date: /workspaces/amr_ws/src/install/amr_msgs/share/amr_msgs/cmake/export_amr_msgs__rosidl_typesupport_fastrtps_cExport-noconfig.cmake
-- Up-to-date: /workspaces/amr_ws/src/install/amr_msgs/share/amr_msgs/cmake/amr_msgs__rosidl_typesupport_introspection_cExport.cmake
-- Up-to-date: /workspaces/amr_ws/src/install/amr_msgs/share/amr_msgs/cmake/amr_msgs__rosidl_typesupport_introspection_cExport-noconfig.cmake
-- Up-to-date: /workspaces/amr_ws/src/install/amr_msgs/share/amr_msgs/cmake/amr_msgs__rosidl_typesupport_cExport.cmake
-- Up-to-date: /workspaces/amr_ws/src/install/amr_msgs/share/amr_msgs/cmake/amr_msgs__rosidl_typesupport_cExport-noconfig.cmake
-- Up-to-date: /workspaces/amr_ws/src/install/amr_msgs/share/amr_msgs/cmake/export_amr_msgs__rosidl_generator_cppExport.cmake
-- Up-to-date: /workspaces/amr_ws/src/install/amr_msgs/share/amr_msgs/cmake/export_amr_msgs__rosidl_typesupport_fastrtps_cppExport.cmake
-- Up-to-date: /workspaces/amr_ws/src/install/amr_msgs/share/amr_msgs/cmake/export_amr_msgs__rosidl_typesupport_fastrtps_cppExport-noconfig.cmake
-- Up-to-date: /workspaces/amr_ws/src/install/amr_msgs/share/amr_msgs/cmake/amr_msgs__rosidl_typesupport_introspection_cppExport.cmake
-- Up-to-date: /workspaces/amr_ws/src/install/amr_msgs/share/amr_msgs/cmake/amr_msgs__rosidl_typesupport_introspection_cppExport-noconfig.cmake
-- Up-to-date: /workspaces/amr_ws/src/install/amr_msgs/share/amr_msgs/cmake/amr_msgs__rosidl_typesupport_cppExport.cmake
-- Up-to-date: /workspaces/amr_ws/src/install/amr_msgs/share/amr_msgs/cmake/amr_msgs__rosidl_typesupport_cppExport-noconfig.cmake
-- Up-to-date: /workspaces/amr_ws/src/install/amr_msgs/share/amr_msgs/cmake/export_amr_msgs__rosidl_generator_pyExport.cmake
-- Up-to-date: /workspaces/amr_ws/src/install/amr_msgs/share/amr_msgs/cmake/export_amr_msgs__rosidl_generator_pyExport-noconfig.cmake
