[0.140s] Invoking command in '/workspaces/amr_ws/src/build/amr_msgs': CMAKE_PREFIX_PATH=${CMAKE_PREFIX_PATH}:/workspaces/amr_ws/src/install/amr_simulation:/workspaces/amr_ws/src/install/amr_planning:/workspaces/amr_ws/src/install/amr_localization:/workspaces/amr_ws/src/install/amr_control:/workspaces/amr_ws/src/install/amr_bringup:/opt/ros/humble /usr/bin/cmake --build /workspaces/amr_ws/src/build/amr_msgs -- -j8 -l8
[0.784s] [35m[1mConsolidate compiler generated dependencies of target amr_msgs__rosidl_generator_c[0m
[0.786s] [  2%] Built target amr_msgs__cpp
[0.791s] [  2%] Built target ament_cmake_python_symlink_amr_msgs
[0.793s] [35m[1mConsolidate compiler generated dependencies of target amr_msgs__rosidl_typesupport_cpp[0m
[0.794s] [35m[1mConsolidate compiler generated dependencies of target amr_msgs__rosidl_typesupport_fastrtps_cpp[0m
[0.795s] [35m[1mConsolidate compiler generated dependencies of target amr_msgs__rosidl_typesupport_introspection_cpp[0m
[0.859s] [ 12%] Built target amr_msgs__rosidl_generator_c
[0.993s] [35m[1mConsolidate compiler generated dependencies of target amr_msgs__rosidl_typesupport_fastrtps_c[0m
[1.012s] [35m[1mConsolidate compiler generated dependencies of target amr_msgs__rosidl_typesupport_c[0m
[1.014s] [35m[1mConsolidate compiler generated dependencies of target amr_msgs__rosidl_typesupport_introspection_c[0m
[1.192s] [ 23%] Built target amr_msgs__rosidl_typesupport_introspection_cpp
[1.204s] [ 33%] Built target amr_msgs__rosidl_typesupport_c
[1.240s] [ 51%] Built target amr_msgs__rosidl_typesupport_cpp
[1.241s] [ 53%] Built target amr_msgs__rosidl_typesupport_fastrtps_cpp
[1.248s] [ 64%] Built target amr_msgs__rosidl_typesupport_introspection_c
[1.330s] [ 74%] Built target amr_msgs__rosidl_typesupport_fastrtps_c
[1.408s] [ 74%] Built target amr_msgs
[1.494s] [ 76%] Built target amr_msgs__py
[1.539s] [35m[1mConsolidate compiler generated dependencies of target amr_msgs__rosidl_generator_py[0m
[1.568s] running egg_info
[1.571s] writing amr_msgs.egg-info/PKG-INFO
[1.573s] writing dependency_links to amr_msgs.egg-info/dependency_links.txt
[1.576s] writing top-level names to amr_msgs.egg-info/top_level.txt
[1.590s] reading manifest file 'amr_msgs.egg-info/SOURCES.txt'
[1.596s] writing manifest file 'amr_msgs.egg-info/SOURCES.txt'
[1.667s] [ 76%] Built target ament_cmake_python_build_amr_msgs_egg
[1.840s] [ 84%] Built target amr_msgs__rosidl_generator_py
[1.922s] [35m[1mConsolidate compiler generated dependencies of target amr_msgs__rosidl_typesupport_fastrtps_c__pyext[0m
[1.926s] [35m[1mConsolidate compiler generated dependencies of target amr_msgs__rosidl_typesupport_c__pyext[0m
[1.927s] [35m[1mConsolidate compiler generated dependencies of target amr_msgs__rosidl_typesupport_introspection_c__pyext[0m
[2.184s] [ 89%] Built target amr_msgs__rosidl_typesupport_fastrtps_c__pyext
[2.193s] [100%] Built target amr_msgs__rosidl_typesupport_introspection_c__pyext
[2.194s] [100%] Built target amr_msgs__rosidl_typesupport_c__pyext
[2.263s] Invoked command in '/workspaces/amr_ws/src/build/amr_msgs' returned '0': CMAKE_PREFIX_PATH=${CMAKE_PREFIX_PATH}:/workspaces/amr_ws/src/install/amr_simulation:/workspaces/amr_ws/src/install/amr_planning:/workspaces/amr_ws/src/install/amr_localization:/workspaces/amr_ws/src/install/amr_control:/workspaces/amr_ws/src/install/amr_bringup:/opt/ros/humble /usr/bin/cmake --build /workspaces/amr_ws/src/build/amr_msgs -- -j8 -l8
[2.311s] Invoking command in '/workspaces/amr_ws/src/build/amr_msgs': CMAKE_PREFIX_PATH=${CMAKE_PREFIX_PATH}:/workspaces/amr_ws/src/install/amr_simulation:/workspaces/amr_ws/src/install/amr_planning:/workspaces/amr_ws/src/install/amr_localization:/workspaces/amr_ws/src/install/amr_control:/workspaces/amr_ws/src/install/amr_bringup:/opt/ros/humble /usr/bin/cmake --install /workspaces/amr_ws/src/build/amr_msgs
[2.340s] -- Install configuration: ""
[2.345s] -- Execute custom install script
[2.349s] -- Up-to-date symlink: /workspaces/amr_ws/src/install/amr_msgs/share/ament_index/resource_index/rosidl_interfaces/amr_msgs
[2.358s] -- Up-to-date symlink: /workspaces/amr_ws/src/install/amr_msgs/include/amr_msgs/amr_msgs/msg/detail/pose_stamped__functions.h
[2.360s] -- Up-to-date symlink: /workspaces/amr_ws/src/install/amr_msgs/include/amr_msgs/amr_msgs/msg/detail/pose_stamped__struct.h
[2.362s] -- Up-to-date symlink: /workspaces/amr_ws/src/install/amr_msgs/include/amr_msgs/amr_msgs/msg/detail/pose_stamped__type_support.h
[2.364s] -- Up-to-date symlink: /workspaces/amr_ws/src/install/amr_msgs/include/amr_msgs/amr_msgs/msg/detail/range_scan__functions.h
[2.367s] -- Up-to-date symlink: /workspaces/amr_ws/src/install/amr_msgs/include/amr_msgs/amr_msgs/msg/detail/range_scan__struct.h
[2.369s] -- Up-to-date symlink: /workspaces/amr_ws/src/install/amr_msgs/include/amr_msgs/amr_msgs/msg/detail/range_scan__type_support.h
[2.371s] -- Up-to-date symlink: /workspaces/amr_ws/src/install/amr_msgs/include/amr_msgs/amr_msgs/msg/pose_stamped.h
[2.373s] -- Up-to-date symlink: /workspaces/amr_ws/src/install/amr_msgs/include/amr_msgs/amr_msgs/msg/range_scan.h
[2.376s] -- Up-to-date symlink: /workspaces/amr_ws/src/install/amr_msgs/include/amr_msgs/amr_msgs/msg/rosidl_generator_c__visibility_control.h
[2.379s] -- Up-to-date symlink: /workspaces/amr_ws/src/install/amr_msgs/share/amr_msgs/environment/library_path.sh
[2.382s] -- Up-to-date symlink: /workspaces/amr_ws/src/install/amr_msgs/share/amr_msgs/environment/library_path.dsv
[2.391s] -- Up-to-date symlink: /workspaces/amr_ws/src/install/amr_msgs/include/amr_msgs/amr_msgs/msg/detail/pose_stamped__rosidl_typesupport_fastrtps_c.h
[2.393s] -- Up-to-date symlink: /workspaces/amr_ws/src/install/amr_msgs/include/amr_msgs/amr_msgs/msg/detail/range_scan__rosidl_typesupport_fastrtps_c.h
[2.394s] -- Up-to-date symlink: /workspaces/amr_ws/src/install/amr_msgs/include/amr_msgs/amr_msgs/msg/rosidl_typesupport_fastrtps_c__visibility_control.h
[2.420s] -- Up-to-date symlink: /workspaces/amr_ws/src/install/amr_msgs/include/amr_msgs/amr_msgs/msg/detail/pose_stamped__rosidl_typesupport_introspection_c.h
[2.421s] -- Up-to-date symlink: /workspaces/amr_ws/src/install/amr_msgs/include/amr_msgs/amr_msgs/msg/detail/range_scan__rosidl_typesupport_introspection_c.h
[2.423s] -- Up-to-date symlink: /workspaces/amr_ws/src/install/amr_msgs/include/amr_msgs/amr_msgs/msg/rosidl_typesupport_introspection_c__visibility_control.h
[2.423s] -- Up-to-date symlink: /workspaces/amr_ws/src/install/amr_msgs/include/amr_msgs/amr_msgs/msg/detail/pose_stamped__builder.hpp
[2.425s] -- Up-to-date symlink: /workspaces/amr_ws/src/install/amr_msgs/include/amr_msgs/amr_msgs/msg/detail/pose_stamped__struct.hpp
[2.437s] -- Up-to-date symlink: /workspaces/amr_ws/src/install/amr_msgs/include/amr_msgs/amr_msgs/msg/detail/pose_stamped__traits.hpp
[2.437s] -- Up-to-date symlink: /workspaces/amr_ws/src/install/amr_msgs/include/amr_msgs/amr_msgs/msg/detail/pose_stamped__type_support.hpp
[2.439s] -- Up-to-date symlink: /workspaces/amr_ws/src/install/amr_msgs/include/amr_msgs/amr_msgs/msg/detail/range_scan__builder.hpp
[2.440s] -- Up-to-date symlink: /workspaces/amr_ws/src/install/amr_msgs/include/amr_msgs/amr_msgs/msg/detail/range_scan__struct.hpp
[2.441s] -- Up-to-date symlink: /workspaces/amr_ws/src/install/amr_msgs/include/amr_msgs/amr_msgs/msg/detail/range_scan__traits.hpp
[2.442s] -- Up-to-date symlink: /workspaces/amr_ws/src/install/amr_msgs/include/amr_msgs/amr_msgs/msg/detail/range_scan__type_support.hpp
[2.443s] -- Up-to-date symlink: /workspaces/amr_ws/src/install/amr_msgs/include/amr_msgs/amr_msgs/msg/pose_stamped.hpp
[2.444s] -- Up-to-date symlink: /workspaces/amr_ws/src/install/amr_msgs/include/amr_msgs/amr_msgs/msg/range_scan.hpp
[2.445s] -- Up-to-date symlink: /workspaces/amr_ws/src/install/amr_msgs/include/amr_msgs/amr_msgs/msg/rosidl_generator_cpp__visibility_control.hpp
[2.446s] -- Up-to-date symlink: /workspaces/amr_ws/src/install/amr_msgs/include/amr_msgs/amr_msgs/msg/detail/pose_stamped__rosidl_typesupport_fastrtps_cpp.hpp
[2.447s] -- Up-to-date symlink: /workspaces/amr_ws/src/install/amr_msgs/include/amr_msgs/amr_msgs/msg/detail/range_scan__rosidl_typesupport_fastrtps_cpp.hpp
[2.449s] -- Up-to-date symlink: /workspaces/amr_ws/src/install/amr_msgs/include/amr_msgs/amr_msgs/msg/rosidl_typesupport_fastrtps_cpp__visibility_control.h
[2.450s] -- Up-to-date symlink: /workspaces/amr_ws/src/install/amr_msgs/include/amr_msgs/amr_msgs/msg/detail/pose_stamped__rosidl_typesupport_introspection_cpp.hpp
[2.451s] -- Up-to-date symlink: /workspaces/amr_ws/src/install/amr_msgs/include/amr_msgs/amr_msgs/msg/detail/range_scan__rosidl_typesupport_introspection_cpp.hpp
[2.453s] -- Up-to-date symlink: /workspaces/amr_ws/src/install/amr_msgs/share/amr_msgs/environment/pythonpath.sh
[2.454s] -- Up-to-date symlink: /workspaces/amr_ws/src/install/amr_msgs/share/amr_msgs/environment/pythonpath.dsv
[2.455s] -- Up-to-date symlink: /workspaces/amr_ws/src/install/amr_msgs/local/lib/python3.10/dist-packages/amr_msgs-1.0.0-py3.10.egg-info/PKG-INFO
[2.457s] -- Up-to-date symlink: /workspaces/amr_ws/src/install/amr_msgs/local/lib/python3.10/dist-packages/amr_msgs-1.0.0-py3.10.egg-info/SOURCES.txt
[2.460s] -- Up-to-date symlink: /workspaces/amr_ws/src/install/amr_msgs/local/lib/python3.10/dist-packages/amr_msgs-1.0.0-py3.10.egg-info/dependency_links.txt
[2.461s] -- Up-to-date symlink: /workspaces/amr_ws/src/install/amr_msgs/local/lib/python3.10/dist-packages/amr_msgs-1.0.0-py3.10.egg-info/top_level.txt
[2.469s] -- Up-to-date symlink: /workspaces/amr_ws/src/install/amr_msgs/local/lib/python3.10/dist-packages/amr_msgs/__init__.py
[2.470s] -- Up-to-date symlink: /workspaces/amr_ws/src/install/amr_msgs/local/lib/python3.10/dist-packages/amr_msgs/_amr_msgs_s.ep.rosidl_typesupport_c.c
[2.472s] -- Up-to-date symlink: /workspaces/amr_ws/src/install/amr_msgs/local/lib/python3.10/dist-packages/amr_msgs/_amr_msgs_s.ep.rosidl_typesupport_fastrtps_c.c
[2.474s] -- Up-to-date symlink: /workspaces/amr_ws/src/install/amr_msgs/local/lib/python3.10/dist-packages/amr_msgs/_amr_msgs_s.ep.rosidl_typesupport_introspection_c.c
[2.478s] -- Up-to-date symlink: /workspaces/amr_ws/src/install/amr_msgs/local/lib/python3.10/dist-packages/amr_msgs/amr_msgs_s__rosidl_typesupport_c.cpython-310-x86_64-linux-gnu.so
[2.479s] -- Up-to-date symlink: /workspaces/amr_ws/src/install/amr_msgs/local/lib/python3.10/dist-packages/amr_msgs/amr_msgs_s__rosidl_typesupport_fastrtps_c.cpython-310-x86_64-linux-gnu.so
[2.483s] -- Up-to-date symlink: /workspaces/amr_ws/src/install/amr_msgs/local/lib/python3.10/dist-packages/amr_msgs/amr_msgs_s__rosidl_typesupport_introspection_c.cpython-310-x86_64-linux-gnu.so
[2.484s] -- Up-to-date symlink: /workspaces/amr_ws/src/install/amr_msgs/local/lib/python3.10/dist-packages/amr_msgs/libamr_msgs__rosidl_generator_py.so
[2.487s] -- Up-to-date symlink: /workspaces/amr_ws/src/install/amr_msgs/local/lib/python3.10/dist-packages/amr_msgs/msg/__init__.py
[2.492s] -- Up-to-date symlink: /workspaces/amr_ws/src/install/amr_msgs/local/lib/python3.10/dist-packages/amr_msgs/msg/_pose_stamped.py
[2.493s] -- Up-to-date symlink: /workspaces/amr_ws/src/install/amr_msgs/local/lib/python3.10/dist-packages/amr_msgs/msg/_pose_stamped_s.c
[2.494s] -- Up-to-date symlink: /workspaces/amr_ws/src/install/amr_msgs/local/lib/python3.10/dist-packages/amr_msgs/msg/_range_scan.py
[2.495s] -- Up-to-date symlink: /workspaces/amr_ws/src/install/amr_msgs/local/lib/python3.10/dist-packages/amr_msgs/msg/_range_scan_s.c
[2.497s] -- Up-to-date symlink: /workspaces/amr_ws/src/install/amr_msgs/local/lib/python3.10/dist-packages/amr_msgs/amr_msgs_s__rosidl_typesupport_fastrtps_c.cpython-310-x86_64-linux-gnu.so
[2.502s] -- Up-to-date symlink: /workspaces/amr_ws/src/install/amr_msgs/local/lib/python3.10/dist-packages/amr_msgs/amr_msgs_s__rosidl_typesupport_introspection_c.cpython-310-x86_64-linux-gnu.so
[2.506s] -- Up-to-date symlink: /workspaces/amr_ws/src/install/amr_msgs/local/lib/python3.10/dist-packages/amr_msgs/amr_msgs_s__rosidl_typesupport_c.cpython-310-x86_64-linux-gnu.so
[2.509s] -- Up-to-date symlink: /workspaces/amr_ws/src/install/amr_msgs/share/amr_msgs/msg/PoseStamped.idl
[2.514s] -- Up-to-date symlink: /workspaces/amr_ws/src/install/amr_msgs/share/amr_msgs/msg/RangeScan.idl
[2.516s] -- Up-to-date symlink: /workspaces/amr_ws/src/install/amr_msgs/share/amr_msgs/msg/PoseStamped.msg
[2.518s] -- Up-to-date symlink: /workspaces/amr_ws/src/install/amr_msgs/share/amr_msgs/msg/RangeScan.msg
[2.519s] -- Up-to-date symlink: /workspaces/amr_ws/src/install/amr_msgs/share/ament_index/resource_index/package_run_dependencies/amr_msgs
[2.522s] -- Up-to-date symlink: /workspaces/amr_ws/src/install/amr_msgs/share/ament_index/resource_index/parent_prefix_path/amr_msgs
[2.523s] -- Up-to-date symlink: /workspaces/amr_ws/src/install/amr_msgs/share/amr_msgs/environment/ament_prefix_path.sh
[2.525s] -- Up-to-date symlink: /workspaces/amr_ws/src/install/amr_msgs/share/amr_msgs/environment/ament_prefix_path.dsv
[2.527s] -- Up-to-date symlink: /workspaces/amr_ws/src/install/amr_msgs/share/amr_msgs/environment/path.sh
[2.529s] -- Up-to-date symlink: /workspaces/amr_ws/src/install/amr_msgs/share/amr_msgs/environment/path.dsv
[2.532s] -- Up-to-date symlink: /workspaces/amr_ws/src/install/amr_msgs/share/amr_msgs/local_setup.bash
[2.533s] -- Up-to-date symlink: /workspaces/amr_ws/src/install/amr_msgs/share/amr_msgs/local_setup.sh
[2.535s] -- Up-to-date symlink: /workspaces/amr_ws/src/install/amr_msgs/share/amr_msgs/local_setup.zsh
[2.537s] -- Up-to-date symlink: /workspaces/amr_ws/src/install/amr_msgs/share/amr_msgs/local_setup.dsv
[2.540s] -- Symlinking: /workspaces/amr_ws/src/install/amr_msgs/share/amr_msgs/package.dsv
[2.570s] -- Up-to-date symlink: /workspaces/amr_ws/src/install/amr_msgs/share/ament_index/resource_index/packages/amr_msgs
[2.572s] -- Up-to-date symlink: /workspaces/amr_ws/src/install/amr_msgs/share/amr_msgs/cmake/rosidl_cmake-extras.cmake
[2.574s] -- Up-to-date symlink: /workspaces/amr_ws/src/install/amr_msgs/share/amr_msgs/cmake/ament_cmake_export_dependencies-extras.cmake
[2.575s] -- Up-to-date symlink: /workspaces/amr_ws/src/install/amr_msgs/share/amr_msgs/cmake/ament_cmake_export_include_directories-extras.cmake
[2.577s] -- Up-to-date symlink: /workspaces/amr_ws/src/install/amr_msgs/share/amr_msgs/cmake/ament_cmake_export_libraries-extras.cmake
[2.579s] -- Up-to-date symlink: /workspaces/amr_ws/src/install/amr_msgs/share/amr_msgs/cmake/ament_cmake_export_targets-extras.cmake
[2.581s] -- Up-to-date symlink: /workspaces/amr_ws/src/install/amr_msgs/share/amr_msgs/cmake/rosidl_cmake_export_typesupport_targets-extras.cmake
[2.582s] -- Up-to-date symlink: /workspaces/amr_ws/src/install/amr_msgs/share/amr_msgs/cmake/rosidl_cmake_export_typesupport_libraries-extras.cmake
[2.584s] -- Up-to-date symlink: /workspaces/amr_ws/src/install/amr_msgs/share/amr_msgs/cmake/amr_msgsConfig.cmake
[2.585s] -- Up-to-date symlink: /workspaces/amr_ws/src/install/amr_msgs/share/amr_msgs/cmake/amr_msgsConfig-version.cmake
[2.590s] -- Up-to-date symlink: /workspaces/amr_ws/src/install/amr_msgs/share/amr_msgs/package.xml
[2.594s] -- Up-to-date: /workspaces/amr_ws/src/install/amr_msgs/lib/libamr_msgs__rosidl_generator_c.so
[2.598s] -- Up-to-date: /workspaces/amr_ws/src/install/amr_msgs/lib/libamr_msgs__rosidl_typesupport_fastrtps_c.so
[2.601s] -- Up-to-date: /workspaces/amr_ws/src/install/amr_msgs/lib/libamr_msgs__rosidl_typesupport_introspection_c.so
[2.605s] -- Up-to-date: /workspaces/amr_ws/src/install/amr_msgs/lib/libamr_msgs__rosidl_typesupport_c.so
[2.609s] -- Up-to-date: /workspaces/amr_ws/src/install/amr_msgs/lib/libamr_msgs__rosidl_typesupport_fastrtps_cpp.so
[2.615s] -- Up-to-date: /workspaces/amr_ws/src/install/amr_msgs/lib/libamr_msgs__rosidl_typesupport_introspection_cpp.so
[2.622s] -- Up-to-date: /workspaces/amr_ws/src/install/amr_msgs/lib/libamr_msgs__rosidl_typesupport_cpp.so
[2.713s] Listing '/workspaces/amr_ws/src/install/amr_msgs/local/lib/python3.10/dist-packages/amr_msgs'...
[2.714s] Listing '/workspaces/amr_ws/src/install/amr_msgs/local/lib/python3.10/dist-packages/amr_msgs/msg'...
[2.718s] -- Up-to-date: /workspaces/amr_ws/src/install/amr_msgs/lib/libamr_msgs__rosidl_generator_py.so
[2.723s] -- Up-to-date: /workspaces/amr_ws/src/install/amr_msgs/share/amr_msgs/cmake/export_amr_msgs__rosidl_generator_cExport.cmake
[2.725s] -- Up-to-date: /workspaces/amr_ws/src/install/amr_msgs/share/amr_msgs/cmake/export_amr_msgs__rosidl_generator_cExport-noconfig.cmake
[2.731s] -- Up-to-date: /workspaces/amr_ws/src/install/amr_msgs/share/amr_msgs/cmake/export_amr_msgs__rosidl_typesupport_fastrtps_cExport.cmake
[2.733s] -- Up-to-date: /workspaces/amr_ws/src/install/amr_msgs/share/amr_msgs/cmake/export_amr_msgs__rosidl_typesupport_fastrtps_cExport-noconfig.cmake
[2.737s] -- Up-to-date: /workspaces/amr_ws/src/install/amr_msgs/share/amr_msgs/cmake/amr_msgs__rosidl_typesupport_introspection_cExport.cmake
[2.738s] -- Up-to-date: /workspaces/amr_ws/src/install/amr_msgs/share/amr_msgs/cmake/amr_msgs__rosidl_typesupport_introspection_cExport-noconfig.cmake
[2.742s] -- Up-to-date: /workspaces/amr_ws/src/install/amr_msgs/share/amr_msgs/cmake/amr_msgs__rosidl_typesupport_cExport.cmake
[2.745s] -- Up-to-date: /workspaces/amr_ws/src/install/amr_msgs/share/amr_msgs/cmake/amr_msgs__rosidl_typesupport_cExport-noconfig.cmake
[2.748s] -- Up-to-date: /workspaces/amr_ws/src/install/amr_msgs/share/amr_msgs/cmake/export_amr_msgs__rosidl_generator_cppExport.cmake
[2.750s] -- Up-to-date: /workspaces/amr_ws/src/install/amr_msgs/share/amr_msgs/cmake/export_amr_msgs__rosidl_typesupport_fastrtps_cppExport.cmake
[2.753s] -- Up-to-date: /workspaces/amr_ws/src/install/amr_msgs/share/amr_msgs/cmake/export_amr_msgs__rosidl_typesupport_fastrtps_cppExport-noconfig.cmake
[2.766s] -- Up-to-date: /workspaces/amr_ws/src/install/amr_msgs/share/amr_msgs/cmake/amr_msgs__rosidl_typesupport_introspection_cppExport.cmake
[2.767s] -- Up-to-date: /workspaces/amr_ws/src/install/amr_msgs/share/amr_msgs/cmake/amr_msgs__rosidl_typesupport_introspection_cppExport-noconfig.cmake
[2.769s] -- Up-to-date: /workspaces/amr_ws/src/install/amr_msgs/share/amr_msgs/cmake/amr_msgs__rosidl_typesupport_cppExport.cmake
[2.772s] -- Up-to-date: /workspaces/amr_ws/src/install/amr_msgs/share/amr_msgs/cmake/amr_msgs__rosidl_typesupport_cppExport-noconfig.cmake
[2.774s] -- Up-to-date: /workspaces/amr_ws/src/install/amr_msgs/share/amr_msgs/cmake/export_amr_msgs__rosidl_generator_pyExport.cmake
[2.777s] -- Up-to-date: /workspaces/amr_ws/src/install/amr_msgs/share/amr_msgs/cmake/export_amr_msgs__rosidl_generator_pyExport-noconfig.cmake
[2.786s] Invoked command in '/workspaces/amr_ws/src/build/amr_msgs' returned '0': CMAKE_PREFIX_PATH=${CMAKE_PREFIX_PATH}:/workspaces/amr_ws/src/install/amr_simulation:/workspaces/amr_ws/src/install/amr_planning:/workspaces/amr_ws/src/install/amr_localization:/workspaces/amr_ws/src/install/amr_control:/workspaces/amr_ws/src/install/amr_bringup:/opt/ros/humble /usr/bin/cmake --install /workspaces/amr_ws/src/build/amr_msgs
