-- Found ament_cmake: 1.3.12 (/opt/ros/humble/share/ament_cmake/cmake)
-- Override CMake install command with custom implementation using symlinks instead of copying resources
-- Found rosidl_default_generators: 1.2.0 (/opt/ros/humble/share/rosidl_default_generators/cmake)
-- Using all available rosidl_typesupport_c: rosidl_typesupport_fastrtps_c;rosidl_typesupport_introspection_c
-- Found rosidl_adapter: 3.1.8 (/opt/ros/humble/share/rosidl_adapter/cmake)
-- Using all available rosidl_typesupport_cpp: rosidl_typesupport_fastrtps_cpp;rosidl_typesupport_introspection_cpp
-- Found geometry_msgs: 4.9.0 (/opt/ros/humble/share/geometry_msgs/cmake)
-- Found ament_cmake_ros: 0.10.0 (/opt/ros/humble/share/ament_cmake_ros/cmake)
-- Using all available rosidl_typesupport_c: rosidl_typesupport_fastrtps_c;rosidl_typesupport_introspection_c
-- Using all available rosidl_typesupport_cpp: rosidl_typesupport_fastrtps_cpp;rosidl_typesupport_introspection_cpp
-- Found python_cmake_module: 0.10.0 (/opt/ros/humble/share/python_cmake_module/cmake)
-- Using PYTHON_EXECUTABLE: /usr/bin/python3
-- Using PYTHON_INCLUDE_DIRS: /usr/include/python3.10
-- Using PYTHON_LIBRARIES: /usr/lib/x86_64-linux-gnu/libpython3.10.so
-- Found ament_lint_auto: 0.12.14 (/opt/ros/humble/share/ament_lint_auto/cmake)
-- Added test 'copyright' to check source files copyright and LICENSE
-- Added test 'lint_cmake' to check CMake code style
-- Added test 'xmllint' to check XML markup files
-- Configuring done
-- Generating done
-- Build files have been written to: /workspaces/amr_ws/src/build/amr_msgs
[35m[1mConsolidate compiler generated dependencies of target amr_msgs__rosidl_generator_c[0m
[  0%] Built target ament_cmake_python_symlink_amr_msgs
[  2%] Built target amr_msgs__cpp
[35m[1mConsolidate compiler generated dependencies of target amr_msgs__rosidl_typesupport_cpp[0m
[35m[1mConsolidate compiler generated dependencies of target amr_msgs__rosidl_typesupport_fastrtps_cpp[0m
[35m[1mConsolidate compiler generated dependencies of target amr_msgs__rosidl_typesupport_introspection_cpp[0m
[  7%] [32mBuilding C object CMakeFiles/amr_msgs__rosidl_generator_c.dir/rosidl_generator_c/amr_msgs/msg/detail/range_scan__functions.c.o[0m
[  7%] [32mBuilding C object CMakeFiles/amr_msgs__rosidl_generator_c.dir/rosidl_generator_c/amr_msgs/msg/detail/pose_stamped__functions.c.o[0m
[ 10%] [32mBuilding CXX object CMakeFiles/amr_msgs__rosidl_typesupport_fastrtps_cpp.dir/rosidl_typesupport_fastrtps_cpp/amr_msgs/msg/detail/dds_fastrtps/pose_stamped__type_support.cpp.o[0m
[ 12%] [32mBuilding CXX object CMakeFiles/amr_msgs__rosidl_typesupport_cpp.dir/rosidl_typesupport_cpp/amr_msgs/msg/range_scan__type_support.cpp.o[0m
[ 15%] [32mBuilding CXX object CMakeFiles/amr_msgs__rosidl_typesupport_introspection_cpp.dir/rosidl_typesupport_introspection_cpp/amr_msgs/msg/detail/pose_stamped__type_support.cpp.o[0m
[ 17%] [32mBuilding CXX object CMakeFiles/amr_msgs__rosidl_typesupport_cpp.dir/rosidl_typesupport_cpp/amr_msgs/msg/pose_stamped__type_support.cpp.o[0m
[ 20%] [32mBuilding CXX object CMakeFiles/amr_msgs__rosidl_typesupport_fastrtps_cpp.dir/rosidl_typesupport_fastrtps_cpp/amr_msgs/msg/detail/dds_fastrtps/range_scan__type_support.cpp.o[0m
[ 23%] [32mBuilding CXX object CMakeFiles/amr_msgs__rosidl_typesupport_introspection_cpp.dir/rosidl_typesupport_introspection_cpp/amr_msgs/msg/detail/range_scan__type_support.cpp.o[0m
[ 25%] [32m[1mLinking C shared library libamr_msgs__rosidl_generator_c.so[0m
running egg_info
writing amr_msgs.egg-info/PKG-INFO
writing dependency_links to amr_msgs.egg-info/dependency_links.txt
writing top-level names to amr_msgs.egg-info/top_level.txt
reading manifest file 'amr_msgs.egg-info/SOURCES.txt'
writing manifest file 'amr_msgs.egg-info/SOURCES.txt'
[ 25%] Built target ament_cmake_python_build_amr_msgs_egg
[ 28%] Built target amr_msgs__rosidl_generator_c
[35m[1mConsolidate compiler generated dependencies of target amr_msgs__rosidl_typesupport_fastrtps_c[0m
[35m[1mConsolidate compiler generated dependencies of target amr_msgs__rosidl_typesupport_introspection_c[0m
[ 30%] [32mBuilding C object CMakeFiles/amr_msgs__rosidl_typesupport_introspection_c.dir/rosidl_typesupport_introspection_c/amr_msgs/msg/detail/pose_stamped__type_support.c.o[0m
[ 33%] [32mBuilding CXX object CMakeFiles/amr_msgs__rosidl_typesupport_fastrtps_c.dir/rosidl_typesupport_fastrtps_c/amr_msgs/msg/detail/pose_stamped__type_support_c.cpp.o[0m
[ 35%] [32mBuilding C object CMakeFiles/amr_msgs__rosidl_typesupport_introspection_c.dir/rosidl_typesupport_introspection_c/amr_msgs/msg/detail/range_scan__type_support.c.o[0m
[ 41%] [32mBuilding CXX object CMakeFiles/amr_msgs__rosidl_typesupport_fastrtps_c.dir/rosidl_typesupport_fastrtps_c/amr_msgs/msg/detail/range_scan__type_support_c.cpp.o[0m
[ 41%] [32m[1mLinking C shared library libamr_msgs__rosidl_typesupport_introspection_c.so[0m
[ 43%] [32m[1mLinking CXX shared library libamr_msgs__rosidl_typesupport_cpp.so[0m
[ 46%] Built target amr_msgs__rosidl_typesupport_introspection_c
[35m[1mConsolidate compiler generated dependencies of target amr_msgs__rosidl_typesupport_c[0m
[ 48%] Built target amr_msgs__rosidl_typesupport_cpp
[ 51%] [32mBuilding CXX object CMakeFiles/amr_msgs__rosidl_typesupport_c.dir/rosidl_typesupport_c/amr_msgs/msg/range_scan__type_support.cpp.o[0m
[ 53%] [32mBuilding CXX object CMakeFiles/amr_msgs__rosidl_typesupport_c.dir/rosidl_typesupport_c/amr_msgs/msg/pose_stamped__type_support.cpp.o[0m
[ 56%] [32m[1mLinking CXX shared library libamr_msgs__rosidl_typesupport_c.so[0m
[ 58%] [32m[1mLinking CXX shared library libamr_msgs__rosidl_typesupport_fastrtps_cpp.so[0m
[ 61%] [32m[1mLinking CXX shared library libamr_msgs__rosidl_typesupport_introspection_cpp.so[0m
[ 64%] Built target amr_msgs__rosidl_typesupport_c
[ 66%] Built target amr_msgs__rosidl_typesupport_fastrtps_cpp
[ 69%] Built target amr_msgs__rosidl_typesupport_introspection_cpp
[ 71%] [32m[1mLinking CXX shared library libamr_msgs__rosidl_typesupport_fastrtps_c.so[0m
[ 74%] Built target amr_msgs__rosidl_typesupport_fastrtps_c
[ 74%] Built target amr_msgs
[ 76%] Built target amr_msgs__py
[35m[1mConsolidate compiler generated dependencies of target amr_msgs__rosidl_generator_py[0m
[ 79%] [32mBuilding C object CMakeFiles/amr_msgs__rosidl_generator_py.dir/rosidl_generator_py/amr_msgs/msg/_range_scan_s.c.o[0m
[ 82%] [32mBuilding C object CMakeFiles/amr_msgs__rosidl_generator_py.dir/rosidl_generator_py/amr_msgs/msg/_pose_stamped_s.c.o[0m
[ 84%] [32m[1mLinking C shared library rosidl_generator_py/amr_msgs/libamr_msgs__rosidl_generator_py.so[0m
[ 84%] Built target amr_msgs__rosidl_generator_py
[35m[1mConsolidate compiler generated dependencies of target amr_msgs__rosidl_typesupport_fastrtps_c__pyext[0m
[35m[1mConsolidate compiler generated dependencies of target amr_msgs__rosidl_typesupport_introspection_c__pyext[0m
[35m[1mConsolidate compiler generated dependencies of target amr_msgs__rosidl_typesupport_c__pyext[0m
[ 87%] [32mBuilding C object CMakeFiles/amr_msgs__rosidl_typesupport_introspection_c__pyext.dir/rosidl_generator_py/amr_msgs/_amr_msgs_s.ep.rosidl_typesupport_introspection_c.c.o[0m
[ 89%] [32mBuilding C object CMakeFiles/amr_msgs__rosidl_typesupport_c__pyext.dir/rosidl_generator_py/amr_msgs/_amr_msgs_s.ep.rosidl_typesupport_c.c.o[0m
[ 92%] [32mBuilding C object CMakeFiles/amr_msgs__rosidl_typesupport_fastrtps_c__pyext.dir/rosidl_generator_py/amr_msgs/_amr_msgs_s.ep.rosidl_typesupport_fastrtps_c.c.o[0m
[ 94%] [32m[1mLinking C shared library rosidl_generator_py/amr_msgs/amr_msgs_s__rosidl_typesupport_c.cpython-310-x86_64-linux-gnu.so[0m
[ 97%] [32m[1mLinking C shared library rosidl_generator_py/amr_msgs/amr_msgs_s__rosidl_typesupport_introspection_c.cpython-310-x86_64-linux-gnu.so[0m
[100%] [32m[1mLinking C shared library rosidl_generator_py/amr_msgs/amr_msgs_s__rosidl_typesupport_fastrtps_c.cpython-310-x86_64-linux-gnu.so[0m
[100%] Built target amr_msgs__rosidl_typesupport_c__pyext
[100%] Built target amr_msgs__rosidl_typesupport_introspection_c__pyext
[100%] Built target amr_msgs__rosidl_typesupport_fastrtps_c__pyext
-- Install configuration: ""
-- Execute custom install script
-- Up-to-date symlink: /workspaces/amr_ws/src/install/amr_msgs/share/ament_index/resource_index/rosidl_interfaces/amr_msgs
-- Up-to-date symlink: /workspaces/amr_ws/src/install/amr_msgs/include/amr_msgs/amr_msgs/msg/detail/pose_stamped__functions.h
-- Up-to-date symlink: /workspaces/amr_ws/src/install/amr_msgs/include/amr_msgs/amr_msgs/msg/detail/pose_stamped__struct.h
-- Up-to-date symlink: /workspaces/amr_ws/src/install/amr_msgs/include/amr_msgs/amr_msgs/msg/detail/pose_stamped__type_support.h
-- Up-to-date symlink: /workspaces/amr_ws/src/install/amr_msgs/include/amr_msgs/amr_msgs/msg/detail/range_scan__functions.h
-- Up-to-date symlink: /workspaces/amr_ws/src/install/amr_msgs/include/amr_msgs/amr_msgs/msg/detail/range_scan__struct.h
-- Up-to-date symlink: /workspaces/amr_ws/src/install/amr_msgs/include/amr_msgs/amr_msgs/msg/detail/range_scan__type_support.h
-- Up-to-date symlink: /workspaces/amr_ws/src/install/amr_msgs/include/amr_msgs/amr_msgs/msg/pose_stamped.h
-- Up-to-date symlink: /workspaces/amr_ws/src/install/amr_msgs/include/amr_msgs/amr_msgs/msg/range_scan.h
-- Up-to-date symlink: /workspaces/amr_ws/src/install/amr_msgs/include/amr_msgs/amr_msgs/msg/rosidl_generator_c__visibility_control.h
-- Up-to-date symlink: /workspaces/amr_ws/src/install/amr_msgs/share/amr_msgs/environment/library_path.sh
-- Up-to-date symlink: /workspaces/amr_ws/src/install/amr_msgs/share/amr_msgs/environment/library_path.dsv
-- Up-to-date symlink: /workspaces/amr_ws/src/install/amr_msgs/include/amr_msgs/amr_msgs/msg/detail/pose_stamped__rosidl_typesupport_fastrtps_c.h
-- Up-to-date symlink: /workspaces/amr_ws/src/install/amr_msgs/include/amr_msgs/amr_msgs/msg/detail/range_scan__rosidl_typesupport_fastrtps_c.h
-- Up-to-date symlink: /workspaces/amr_ws/src/install/amr_msgs/include/amr_msgs/amr_msgs/msg/rosidl_typesupport_fastrtps_c__visibility_control.h
-- Up-to-date symlink: /workspaces/amr_ws/src/install/amr_msgs/include/amr_msgs/amr_msgs/msg/detail/pose_stamped__rosidl_typesupport_introspection_c.h
-- Up-to-date symlink: /workspaces/amr_ws/src/install/amr_msgs/include/amr_msgs/amr_msgs/msg/detail/range_scan__rosidl_typesupport_introspection_c.h
-- Up-to-date symlink: /workspaces/amr_ws/src/install/amr_msgs/include/amr_msgs/amr_msgs/msg/rosidl_typesupport_introspection_c__visibility_control.h
-- Up-to-date symlink: /workspaces/amr_ws/src/install/amr_msgs/include/amr_msgs/amr_msgs/msg/detail/pose_stamped__builder.hpp
-- Up-to-date symlink: /workspaces/amr_ws/src/install/amr_msgs/include/amr_msgs/amr_msgs/msg/detail/pose_stamped__struct.hpp
-- Up-to-date symlink: /workspaces/amr_ws/src/install/amr_msgs/include/amr_msgs/amr_msgs/msg/detail/pose_stamped__traits.hpp
-- Up-to-date symlink: /workspaces/amr_ws/src/install/amr_msgs/include/amr_msgs/amr_msgs/msg/detail/pose_stamped__type_support.hpp
-- Up-to-date symlink: /workspaces/amr_ws/src/install/amr_msgs/include/amr_msgs/amr_msgs/msg/detail/range_scan__builder.hpp
-- Up-to-date symlink: /workspaces/amr_ws/src/install/amr_msgs/include/amr_msgs/amr_msgs/msg/detail/range_scan__struct.hpp
-- Up-to-date symlink: /workspaces/amr_ws/src/install/amr_msgs/include/amr_msgs/amr_msgs/msg/detail/range_scan__traits.hpp
-- Up-to-date symlink: /workspaces/amr_ws/src/install/amr_msgs/include/amr_msgs/amr_msgs/msg/detail/range_scan__type_support.hpp
-- Up-to-date symlink: /workspaces/amr_ws/src/install/amr_msgs/include/amr_msgs/amr_msgs/msg/pose_stamped.hpp
-- Up-to-date symlink: /workspaces/amr_ws/src/install/amr_msgs/include/amr_msgs/amr_msgs/msg/range_scan.hpp
-- Up-to-date symlink: /workspaces/amr_ws/src/install/amr_msgs/include/amr_msgs/amr_msgs/msg/rosidl_generator_cpp__visibility_control.hpp
-- Up-to-date symlink: /workspaces/amr_ws/src/install/amr_msgs/include/amr_msgs/amr_msgs/msg/detail/pose_stamped__rosidl_typesupport_fastrtps_cpp.hpp
-- Up-to-date symlink: /workspaces/amr_ws/src/install/amr_msgs/include/amr_msgs/amr_msgs/msg/detail/range_scan__rosidl_typesupport_fastrtps_cpp.hpp
-- Up-to-date symlink: /workspaces/amr_ws/src/install/amr_msgs/include/amr_msgs/amr_msgs/msg/rosidl_typesupport_fastrtps_cpp__visibility_control.h
-- Up-to-date symlink: /workspaces/amr_ws/src/install/amr_msgs/include/amr_msgs/amr_msgs/msg/detail/pose_stamped__rosidl_typesupport_introspection_cpp.hpp
-- Up-to-date symlink: /workspaces/amr_ws/src/install/amr_msgs/include/amr_msgs/amr_msgs/msg/detail/range_scan__rosidl_typesupport_introspection_cpp.hpp
-- Up-to-date symlink: /workspaces/amr_ws/src/install/amr_msgs/share/amr_msgs/environment/pythonpath.sh
-- Up-to-date symlink: /workspaces/amr_ws/src/install/amr_msgs/share/amr_msgs/environment/pythonpath.dsv
-- Up-to-date symlink: /workspaces/amr_ws/src/install/amr_msgs/local/lib/python3.10/dist-packages/amr_msgs-1.0.0-py3.10.egg-info/PKG-INFO
-- Up-to-date symlink: /workspaces/amr_ws/src/install/amr_msgs/local/lib/python3.10/dist-packages/amr_msgs-1.0.0-py3.10.egg-info/SOURCES.txt
-- Up-to-date symlink: /workspaces/amr_ws/src/install/amr_msgs/local/lib/python3.10/dist-packages/amr_msgs-1.0.0-py3.10.egg-info/dependency_links.txt
-- Up-to-date symlink: /workspaces/amr_ws/src/install/amr_msgs/local/lib/python3.10/dist-packages/amr_msgs-1.0.0-py3.10.egg-info/top_level.txt
-- Up-to-date symlink: /workspaces/amr_ws/src/install/amr_msgs/local/lib/python3.10/dist-packages/amr_msgs/__init__.py
-- Up-to-date symlink: /workspaces/amr_ws/src/install/amr_msgs/local/lib/python3.10/dist-packages/amr_msgs/_amr_msgs_s.ep.rosidl_typesupport_c.c
-- Up-to-date symlink: /workspaces/amr_ws/src/install/amr_msgs/local/lib/python3.10/dist-packages/amr_msgs/_amr_msgs_s.ep.rosidl_typesupport_fastrtps_c.c
-- Up-to-date symlink: /workspaces/amr_ws/src/install/amr_msgs/local/lib/python3.10/dist-packages/amr_msgs/_amr_msgs_s.ep.rosidl_typesupport_introspection_c.c
-- Up-to-date symlink: /workspaces/amr_ws/src/install/amr_msgs/local/lib/python3.10/dist-packages/amr_msgs/amr_msgs_s__rosidl_typesupport_c.cpython-310-x86_64-linux-gnu.so
-- Up-to-date symlink: /workspaces/amr_ws/src/install/amr_msgs/local/lib/python3.10/dist-packages/amr_msgs/amr_msgs_s__rosidl_typesupport_fastrtps_c.cpython-310-x86_64-linux-gnu.so
-- Up-to-date symlink: /workspaces/amr_ws/src/install/amr_msgs/local/lib/python3.10/dist-packages/amr_msgs/amr_msgs_s__rosidl_typesupport_introspection_c.cpython-310-x86_64-linux-gnu.so
-- Up-to-date symlink: /workspaces/amr_ws/src/install/amr_msgs/local/lib/python3.10/dist-packages/amr_msgs/libamr_msgs__rosidl_generator_py.so
-- Up-to-date symlink: /workspaces/amr_ws/src/install/amr_msgs/local/lib/python3.10/dist-packages/amr_msgs/msg/__init__.py
-- Up-to-date symlink: /workspaces/amr_ws/src/install/amr_msgs/local/lib/python3.10/dist-packages/amr_msgs/msg/_pose_stamped.py
-- Up-to-date symlink: /workspaces/amr_ws/src/install/amr_msgs/local/lib/python3.10/dist-packages/amr_msgs/msg/_pose_stamped_s.c
-- Up-to-date symlink: /workspaces/amr_ws/src/install/amr_msgs/local/lib/python3.10/dist-packages/amr_msgs/msg/_range_scan.py
-- Up-to-date symlink: /workspaces/amr_ws/src/install/amr_msgs/local/lib/python3.10/dist-packages/amr_msgs/msg/_range_scan_s.c
-- Up-to-date symlink: /workspaces/amr_ws/src/install/amr_msgs/local/lib/python3.10/dist-packages/amr_msgs/amr_msgs_s__rosidl_typesupport_fastrtps_c.cpython-310-x86_64-linux-gnu.so
-- Up-to-date symlink: /workspaces/amr_ws/src/install/amr_msgs/local/lib/python3.10/dist-packages/amr_msgs/amr_msgs_s__rosidl_typesupport_introspection_c.cpython-310-x86_64-linux-gnu.so
-- Up-to-date symlink: /workspaces/amr_ws/src/install/amr_msgs/local/lib/python3.10/dist-packages/amr_msgs/amr_msgs_s__rosidl_typesupport_c.cpython-310-x86_64-linux-gnu.so
-- Up-to-date symlink: /workspaces/amr_ws/src/install/amr_msgs/share/amr_msgs/msg/PoseStamped.idl
-- Up-to-date symlink: /workspaces/amr_ws/src/install/amr_msgs/share/amr_msgs/msg/RangeScan.idl
-- Up-to-date symlink: /workspaces/amr_ws/src/install/amr_msgs/share/amr_msgs/msg/PoseStamped.msg
-- Up-to-date symlink: /workspaces/amr_ws/src/install/amr_msgs/share/amr_msgs/msg/RangeScan.msg
-- Up-to-date symlink: /workspaces/amr_ws/src/install/amr_msgs/share/ament_index/resource_index/package_run_dependencies/amr_msgs
-- Up-to-date symlink: /workspaces/amr_ws/src/install/amr_msgs/share/ament_index/resource_index/parent_prefix_path/amr_msgs
-- Up-to-date symlink: /workspaces/amr_ws/src/install/amr_msgs/share/amr_msgs/environment/ament_prefix_path.sh
-- Up-to-date symlink: /workspaces/amr_ws/src/install/amr_msgs/share/amr_msgs/environment/ament_prefix_path.dsv
-- Up-to-date symlink: /workspaces/amr_ws/src/install/amr_msgs/share/amr_msgs/environment/path.sh
-- Up-to-date symlink: /workspaces/amr_ws/src/install/amr_msgs/share/amr_msgs/environment/path.dsv
-- Up-to-date symlink: /workspaces/amr_ws/src/install/amr_msgs/share/amr_msgs/local_setup.bash
-- Up-to-date symlink: /workspaces/amr_ws/src/install/amr_msgs/share/amr_msgs/local_setup.sh
-- Up-to-date symlink: /workspaces/amr_ws/src/install/amr_msgs/share/amr_msgs/local_setup.zsh
-- Up-to-date symlink: /workspaces/amr_ws/src/install/amr_msgs/share/amr_msgs/local_setup.dsv
-- Symlinking: /workspaces/amr_ws/src/install/amr_msgs/share/amr_msgs/package.dsv
-- Up-to-date symlink: /workspaces/amr_ws/src/install/amr_msgs/share/ament_index/resource_index/packages/amr_msgs
-- Up-to-date symlink: /workspaces/amr_ws/src/install/amr_msgs/share/amr_msgs/cmake/rosidl_cmake-extras.cmake
-- Up-to-date symlink: /workspaces/amr_ws/src/install/amr_msgs/share/amr_msgs/cmake/ament_cmake_export_dependencies-extras.cmake
-- Up-to-date symlink: /workspaces/amr_ws/src/install/amr_msgs/share/amr_msgs/cmake/ament_cmake_export_include_directories-extras.cmake
-- Up-to-date symlink: /workspaces/amr_ws/src/install/amr_msgs/share/amr_msgs/cmake/ament_cmake_export_libraries-extras.cmake
-- Up-to-date symlink: /workspaces/amr_ws/src/install/amr_msgs/share/amr_msgs/cmake/ament_cmake_export_targets-extras.cmake
-- Up-to-date symlink: /workspaces/amr_ws/src/install/amr_msgs/share/amr_msgs/cmake/rosidl_cmake_export_typesupport_targets-extras.cmake
-- Up-to-date symlink: /workspaces/amr_ws/src/install/amr_msgs/share/amr_msgs/cmake/rosidl_cmake_export_typesupport_libraries-extras.cmake
-- Up-to-date symlink: /workspaces/amr_ws/src/install/amr_msgs/share/amr_msgs/cmake/amr_msgsConfig.cmake
-- Up-to-date symlink: /workspaces/amr_ws/src/install/amr_msgs/share/amr_msgs/cmake/amr_msgsConfig-version.cmake
-- Up-to-date symlink: /workspaces/amr_ws/src/install/amr_msgs/share/amr_msgs/package.xml
-- Installing: /workspaces/amr_ws/src/install/amr_msgs/lib/libamr_msgs__rosidl_generator_c.so
-- Set runtime path of "/workspaces/amr_ws/src/install/amr_msgs/lib/libamr_msgs__rosidl_generator_c.so" to ""
-- Installing: /workspaces/amr_ws/src/install/amr_msgs/lib/libamr_msgs__rosidl_typesupport_fastrtps_c.so
-- Set runtime path of "/workspaces/amr_ws/src/install/amr_msgs/lib/libamr_msgs__rosidl_typesupport_fastrtps_c.so" to ""
-- Installing: /workspaces/amr_ws/src/install/amr_msgs/lib/libamr_msgs__rosidl_typesupport_introspection_c.so
-- Set runtime path of "/workspaces/amr_ws/src/install/amr_msgs/lib/libamr_msgs__rosidl_typesupport_introspection_c.so" to ""
-- Installing: /workspaces/amr_ws/src/install/amr_msgs/lib/libamr_msgs__rosidl_typesupport_c.so
-- Set runtime path of "/workspaces/amr_ws/src/install/amr_msgs/lib/libamr_msgs__rosidl_typesupport_c.so" to ""
-- Installing: /workspaces/amr_ws/src/install/amr_msgs/lib/libamr_msgs__rosidl_typesupport_fastrtps_cpp.so
-- Set runtime path of "/workspaces/amr_ws/src/install/amr_msgs/lib/libamr_msgs__rosidl_typesupport_fastrtps_cpp.so" to ""
-- Installing: /workspaces/amr_ws/src/install/amr_msgs/lib/libamr_msgs__rosidl_typesupport_introspection_cpp.so
-- Set runtime path of "/workspaces/amr_ws/src/install/amr_msgs/lib/libamr_msgs__rosidl_typesupport_introspection_cpp.so" to ""
-- Installing: /workspaces/amr_ws/src/install/amr_msgs/lib/libamr_msgs__rosidl_typesupport_cpp.so
-- Set runtime path of "/workspaces/amr_ws/src/install/amr_msgs/lib/libamr_msgs__rosidl_typesupport_cpp.so" to ""
Listing '/workspaces/amr_ws/src/install/amr_msgs/local/lib/python3.10/dist-packages/amr_msgs'...
Compiling '/workspaces/amr_ws/src/install/amr_msgs/local/lib/python3.10/dist-packages/amr_msgs/__init__.py'...
Listing '/workspaces/amr_ws/src/install/amr_msgs/local/lib/python3.10/dist-packages/amr_msgs/msg'...
Compiling '/workspaces/amr_ws/src/install/amr_msgs/local/lib/python3.10/dist-packages/amr_msgs/msg/__init__.py'...
Compiling '/workspaces/amr_ws/src/install/amr_msgs/local/lib/python3.10/dist-packages/amr_msgs/msg/_pose_stamped.py'...
Compiling '/workspaces/amr_ws/src/install/amr_msgs/local/lib/python3.10/dist-packages/amr_msgs/msg/_range_scan.py'...
-- Installing: /workspaces/amr_ws/src/install/amr_msgs/lib/libamr_msgs__rosidl_generator_py.so
-- Set runtime path of "/workspaces/amr_ws/src/install/amr_msgs/lib/libamr_msgs__rosidl_generator_py.so" to ""
-- Installing: /workspaces/amr_ws/src/install/amr_msgs/share/amr_msgs/cmake/export_amr_msgs__rosidl_generator_cExport.cmake
-- Installing: /workspaces/amr_ws/src/install/amr_msgs/share/amr_msgs/cmake/export_amr_msgs__rosidl_generator_cExport-noconfig.cmake
-- Installing: /workspaces/amr_ws/src/install/amr_msgs/share/amr_msgs/cmake/export_amr_msgs__rosidl_typesupport_fastrtps_cExport.cmake
-- Installing: /workspaces/amr_ws/src/install/amr_msgs/share/amr_msgs/cmake/export_amr_msgs__rosidl_typesupport_fastrtps_cExport-noconfig.cmake
-- Installing: /workspaces/amr_ws/src/install/amr_msgs/share/amr_msgs/cmake/amr_msgs__rosidl_typesupport_introspection_cExport.cmake
-- Installing: /workspaces/amr_ws/src/install/amr_msgs/share/amr_msgs/cmake/amr_msgs__rosidl_typesupport_introspection_cExport-noconfig.cmake
-- Installing: /workspaces/amr_ws/src/install/amr_msgs/share/amr_msgs/cmake/amr_msgs__rosidl_typesupport_cExport.cmake
-- Installing: /workspaces/amr_ws/src/install/amr_msgs/share/amr_msgs/cmake/amr_msgs__rosidl_typesupport_cExport-noconfig.cmake
-- Installing: /workspaces/amr_ws/src/install/amr_msgs/share/amr_msgs/cmake/export_amr_msgs__rosidl_generator_cppExport.cmake
-- Installing: /workspaces/amr_ws/src/install/amr_msgs/share/amr_msgs/cmake/export_amr_msgs__rosidl_typesupport_fastrtps_cppExport.cmake
-- Installing: /workspaces/amr_ws/src/install/amr_msgs/share/amr_msgs/cmake/export_amr_msgs__rosidl_typesupport_fastrtps_cppExport-noconfig.cmake
-- Installing: /workspaces/amr_ws/src/install/amr_msgs/share/amr_msgs/cmake/amr_msgs__rosidl_typesupport_introspection_cppExport.cmake
-- Installing: /workspaces/amr_ws/src/install/amr_msgs/share/amr_msgs/cmake/amr_msgs__rosidl_typesupport_introspection_cppExport-noconfig.cmake
-- Installing: /workspaces/amr_ws/src/install/amr_msgs/share/amr_msgs/cmake/amr_msgs__rosidl_typesupport_cppExport.cmake
-- Installing: /workspaces/amr_ws/src/install/amr_msgs/share/amr_msgs/cmake/amr_msgs__rosidl_typesupport_cppExport-noconfig.cmake
-- Installing: /workspaces/amr_ws/src/install/amr_msgs/share/amr_msgs/cmake/export_amr_msgs__rosidl_generator_pyExport.cmake
-- Installing: /workspaces/amr_ws/src/install/amr_msgs/share/amr_msgs/cmake/export_amr_msgs__rosidl_generator_pyExport-noconfig.cmake
