[0.173s] Invoking command in '/workspaces/amr_ws/src/build/amr_msgs': CMAKE_PREFIX_PATH=/opt/ros/humble /usr/bin/cmake --build /workspaces/amr_ws/src/build/amr_msgs -- -j8 -l8
[0.927s] -- Found ament_cmake: 1.3.12 (/opt/ros/humble/share/ament_cmake/cmake)
[1.116s] -- Override CMake install command with custom implementation using symlinks instead of copying resources
[1.198s] -- Found rosidl_default_generators: 1.2.0 (/opt/ros/humble/share/rosidl_default_generators/cmake)
[1.220s] -- Using all available rosidl_typesupport_c: rosidl_typesupport_fastrtps_c;rosidl_typesupport_introspection_c
[1.227s] -- Found rosidl_adapter: 3.1.8 (/opt/ros/humble/share/rosidl_adapter/cmake)
[1.467s] -- Using all available rosidl_typesupport_cpp: rosidl_typesupport_fastrtps_cpp;rosidl_typesupport_introspection_cpp
[1.613s] -- Found geometry_msgs: 4.9.0 (/opt/ros/humble/share/geometry_msgs/cmake)
[2.723s] -- Found ament_cmake_ros: 0.10.0 (/opt/ros/humble/share/ament_cmake_ros/cmake)
[5.244s] -- Using all available rosidl_typesupport_c: rosidl_typesupport_fastrtps_c;rosidl_typesupport_introspection_c
[7.473s] -- Using all available rosidl_typesupport_cpp: rosidl_typesupport_fastrtps_cpp;rosidl_typesupport_introspection_cpp
[7.521s] -- Found python_cmake_module: 0.10.0 (/opt/ros/humble/share/python_cmake_module/cmake)
[7.567s] -- Using PYTHON_EXECUTABLE: /usr/bin/python3
[7.568s] -- Using PYTHON_INCLUDE_DIRS: /usr/include/python3.10
[7.570s] -- Using PYTHON_LIBRARIES: /usr/lib/x86_64-linux-gnu/libpython3.10.so
[7.898s] -- Found ament_lint_auto: 0.12.14 (/opt/ros/humble/share/ament_lint_auto/cmake)
[8.057s] -- Added test 'copyright' to check source files copyright and LICENSE
[8.098s] -- Added test 'lint_cmake' to check CMake code style
[8.117s] -- Added test 'xmllint' to check XML markup files
[8.207s] -- Configuring done
[9.733s] -- Generating done
[9.954s] -- Build files have been written to: /workspaces/amr_ws/src/build/amr_msgs
[10.093s] [35m[1mConsolidate compiler generated dependencies of target amr_msgs__rosidl_generator_c[0m
[10.107s] [  0%] Built target ament_cmake_python_symlink_amr_msgs
[10.205s] [  2%] Built target amr_msgs__cpp
[10.254s] [35m[1mConsolidate compiler generated dependencies of target amr_msgs__rosidl_typesupport_cpp[0m
[10.275s] [35m[1mConsolidate compiler generated dependencies of target amr_msgs__rosidl_typesupport_fastrtps_cpp[0m
[10.328s] [35m[1mConsolidate compiler generated dependencies of target amr_msgs__rosidl_typesupport_introspection_cpp[0m
[10.477s] [  7%] [32mBuilding C object CMakeFiles/amr_msgs__rosidl_generator_c.dir/rosidl_generator_c/amr_msgs/msg/detail/range_scan__functions.c.o[0m
[10.480s] [  7%] [32mBuilding C object CMakeFiles/amr_msgs__rosidl_generator_c.dir/rosidl_generator_c/amr_msgs/msg/detail/pose_stamped__functions.c.o[0m
[11.094s] [ 10%] [32mBuilding CXX object CMakeFiles/amr_msgs__rosidl_typesupport_fastrtps_cpp.dir/rosidl_typesupport_fastrtps_cpp/amr_msgs/msg/detail/dds_fastrtps/pose_stamped__type_support.cpp.o[0m
[11.114s] [ 12%] [32mBuilding CXX object CMakeFiles/amr_msgs__rosidl_typesupport_cpp.dir/rosidl_typesupport_cpp/amr_msgs/msg/range_scan__type_support.cpp.o[0m
[11.120s] [ 15%] [32mBuilding CXX object CMakeFiles/amr_msgs__rosidl_typesupport_introspection_cpp.dir/rosidl_typesupport_introspection_cpp/amr_msgs/msg/detail/pose_stamped__type_support.cpp.o[0m
[11.126s] [ 17%] [32mBuilding CXX object CMakeFiles/amr_msgs__rosidl_typesupport_cpp.dir/rosidl_typesupport_cpp/amr_msgs/msg/pose_stamped__type_support.cpp.o[0m
[11.138s] [ 20%] [32mBuilding CXX object CMakeFiles/amr_msgs__rosidl_typesupport_fastrtps_cpp.dir/rosidl_typesupport_fastrtps_cpp/amr_msgs/msg/detail/dds_fastrtps/range_scan__type_support.cpp.o[0m
[11.630s] [ 23%] [32mBuilding CXX object CMakeFiles/amr_msgs__rosidl_typesupport_introspection_cpp.dir/rosidl_typesupport_introspection_cpp/amr_msgs/msg/detail/range_scan__type_support.cpp.o[0m
[11.651s] [ 25%] [32m[1mLinking C shared library libamr_msgs__rosidl_generator_c.so[0m
[11.695s] running egg_info
[11.701s] writing amr_msgs.egg-info/PKG-INFO
[11.707s] writing dependency_links to amr_msgs.egg-info/dependency_links.txt
[11.713s] writing top-level names to amr_msgs.egg-info/top_level.txt
[11.744s] reading manifest file 'amr_msgs.egg-info/SOURCES.txt'
[11.769s] writing manifest file 'amr_msgs.egg-info/SOURCES.txt'
[11.871s] [ 25%] Built target ament_cmake_python_build_amr_msgs_egg
[12.241s] [ 28%] Built target amr_msgs__rosidl_generator_c
[12.340s] [35m[1mConsolidate compiler generated dependencies of target amr_msgs__rosidl_typesupport_fastrtps_c[0m
[12.347s] [35m[1mConsolidate compiler generated dependencies of target amr_msgs__rosidl_typesupport_introspection_c[0m
[12.653s] [ 30%] [32mBuilding C object CMakeFiles/amr_msgs__rosidl_typesupport_introspection_c.dir/rosidl_typesupport_introspection_c/amr_msgs/msg/detail/pose_stamped__type_support.c.o[0m
[13.421s] [ 33%] [32mBuilding CXX object CMakeFiles/amr_msgs__rosidl_typesupport_fastrtps_c.dir/rosidl_typesupport_fastrtps_c/amr_msgs/msg/detail/pose_stamped__type_support_c.cpp.o[0m
[13.818s] [ 35%] [32mBuilding C object CMakeFiles/amr_msgs__rosidl_typesupport_introspection_c.dir/rosidl_typesupport_introspection_c/amr_msgs/msg/detail/range_scan__type_support.c.o[0m
[15.055s] [ 41%] [32mBuilding CXX object CMakeFiles/amr_msgs__rosidl_typesupport_fastrtps_c.dir/rosidl_typesupport_fastrtps_c/amr_msgs/msg/detail/range_scan__type_support_c.cpp.o[0m
[15.062s] [ 41%] [32m[1mLinking C shared library libamr_msgs__rosidl_typesupport_introspection_c.so[0m
[15.111s] [ 43%] [32m[1mLinking CXX shared library libamr_msgs__rosidl_typesupport_cpp.so[0m
[15.420s] [ 46%] Built target amr_msgs__rosidl_typesupport_introspection_c
[15.464s] [35m[1mConsolidate compiler generated dependencies of target amr_msgs__rosidl_typesupport_c[0m
[15.473s] [ 48%] Built target amr_msgs__rosidl_typesupport_cpp
[15.860s] [ 51%] [32mBuilding CXX object CMakeFiles/amr_msgs__rosidl_typesupport_c.dir/rosidl_typesupport_c/amr_msgs/msg/range_scan__type_support.cpp.o[0m
[15.952s] [ 53%] [32mBuilding CXX object CMakeFiles/amr_msgs__rosidl_typesupport_c.dir/rosidl_typesupport_c/amr_msgs/msg/pose_stamped__type_support.cpp.o[0m
[16.553s] [ 56%] [32m[1mLinking CXX shared library libamr_msgs__rosidl_typesupport_c.so[0m
[16.821s] [ 58%] [32m[1mLinking CXX shared library libamr_msgs__rosidl_typesupport_fastrtps_cpp.so[0m
[16.875s] [ 61%] [32m[1mLinking CXX shared library libamr_msgs__rosidl_typesupport_introspection_cpp.so[0m
[16.943s] [ 64%] Built target amr_msgs__rosidl_typesupport_c
[17.294s] [ 66%] Built target amr_msgs__rosidl_typesupport_fastrtps_cpp
[17.355s] [ 69%] Built target amr_msgs__rosidl_typesupport_introspection_cpp
[17.902s] [ 71%] [32m[1mLinking CXX shared library libamr_msgs__rosidl_typesupport_fastrtps_c.so[0m
[18.194s] [ 74%] Built target amr_msgs__rosidl_typesupport_fastrtps_c
[18.260s] [ 74%] Built target amr_msgs
[18.455s] [ 76%] Built target amr_msgs__py
[18.552s] [35m[1mConsolidate compiler generated dependencies of target amr_msgs__rosidl_generator_py[0m
[18.925s] [ 79%] [32mBuilding C object CMakeFiles/amr_msgs__rosidl_generator_py.dir/rosidl_generator_py/amr_msgs/msg/_range_scan_s.c.o[0m
[18.930s] [ 82%] [32mBuilding C object CMakeFiles/amr_msgs__rosidl_generator_py.dir/rosidl_generator_py/amr_msgs/msg/_pose_stamped_s.c.o[0m
[19.584s] [ 84%] [32m[1mLinking C shared library rosidl_generator_py/amr_msgs/libamr_msgs__rosidl_generator_py.so[0m
[19.739s] [ 84%] Built target amr_msgs__rosidl_generator_py
[19.781s] [35m[1mConsolidate compiler generated dependencies of target amr_msgs__rosidl_typesupport_fastrtps_c__pyext[0m
[19.785s] [35m[1mConsolidate compiler generated dependencies of target amr_msgs__rosidl_typesupport_introspection_c__pyext[0m
[19.788s] [35m[1mConsolidate compiler generated dependencies of target amr_msgs__rosidl_typesupport_c__pyext[0m
[20.059s] [ 87%] [32mBuilding C object CMakeFiles/amr_msgs__rosidl_typesupport_introspection_c__pyext.dir/rosidl_generator_py/amr_msgs/_amr_msgs_s.ep.rosidl_typesupport_introspection_c.c.o[0m
[20.064s] [ 89%] [32mBuilding C object CMakeFiles/amr_msgs__rosidl_typesupport_c__pyext.dir/rosidl_generator_py/amr_msgs/_amr_msgs_s.ep.rosidl_typesupport_c.c.o[0m
[20.081s] [ 92%] [32mBuilding C object CMakeFiles/amr_msgs__rosidl_typesupport_fastrtps_c__pyext.dir/rosidl_generator_py/amr_msgs/_amr_msgs_s.ep.rosidl_typesupport_fastrtps_c.c.o[0m
[20.697s] [ 94%] [32m[1mLinking C shared library rosidl_generator_py/amr_msgs/amr_msgs_s__rosidl_typesupport_c.cpython-310-x86_64-linux-gnu.so[0m
[20.720s] [ 97%] [32m[1mLinking C shared library rosidl_generator_py/amr_msgs/amr_msgs_s__rosidl_typesupport_introspection_c.cpython-310-x86_64-linux-gnu.so[0m
[20.738s] [100%] [32m[1mLinking C shared library rosidl_generator_py/amr_msgs/amr_msgs_s__rosidl_typesupport_fastrtps_c.cpython-310-x86_64-linux-gnu.so[0m
[20.839s] [100%] Built target amr_msgs__rosidl_typesupport_c__pyext
[20.885s] [100%] Built target amr_msgs__rosidl_typesupport_introspection_c__pyext
[20.889s] [100%] Built target amr_msgs__rosidl_typesupport_fastrtps_c__pyext
[20.945s] Invoked command in '/workspaces/amr_ws/src/build/amr_msgs' returned '0': CMAKE_PREFIX_PATH=/opt/ros/humble /usr/bin/cmake --build /workspaces/amr_ws/src/build/amr_msgs -- -j8 -l8
[20.976s] Invoking command in '/workspaces/amr_ws/src/build/amr_msgs': CMAKE_PREFIX_PATH=/opt/ros/humble /usr/bin/cmake --install /workspaces/amr_ws/src/build/amr_msgs
[20.992s] -- Install configuration: ""
[20.995s] -- Execute custom install script
[20.997s] -- Up-to-date symlink: /workspaces/amr_ws/src/install/amr_msgs/share/ament_index/resource_index/rosidl_interfaces/amr_msgs
[21.001s] -- Up-to-date symlink: /workspaces/amr_ws/src/install/amr_msgs/include/amr_msgs/amr_msgs/msg/detail/pose_stamped__functions.h
[21.002s] -- Up-to-date symlink: /workspaces/amr_ws/src/install/amr_msgs/include/amr_msgs/amr_msgs/msg/detail/pose_stamped__struct.h
[21.004s] -- Up-to-date symlink: /workspaces/amr_ws/src/install/amr_msgs/include/amr_msgs/amr_msgs/msg/detail/pose_stamped__type_support.h
[21.006s] -- Up-to-date symlink: /workspaces/amr_ws/src/install/amr_msgs/include/amr_msgs/amr_msgs/msg/detail/range_scan__functions.h
[21.009s] -- Up-to-date symlink: /workspaces/amr_ws/src/install/amr_msgs/include/amr_msgs/amr_msgs/msg/detail/range_scan__struct.h
[21.010s] -- Up-to-date symlink: /workspaces/amr_ws/src/install/amr_msgs/include/amr_msgs/amr_msgs/msg/detail/range_scan__type_support.h
[21.012s] -- Up-to-date symlink: /workspaces/amr_ws/src/install/amr_msgs/include/amr_msgs/amr_msgs/msg/pose_stamped.h
[21.014s] -- Up-to-date symlink: /workspaces/amr_ws/src/install/amr_msgs/include/amr_msgs/amr_msgs/msg/range_scan.h
[21.016s] -- Up-to-date symlink: /workspaces/amr_ws/src/install/amr_msgs/include/amr_msgs/amr_msgs/msg/rosidl_generator_c__visibility_control.h
[21.018s] -- Up-to-date symlink: /workspaces/amr_ws/src/install/amr_msgs/share/amr_msgs/environment/library_path.sh
[21.019s] -- Up-to-date symlink: /workspaces/amr_ws/src/install/amr_msgs/share/amr_msgs/environment/library_path.dsv
[21.026s] -- Up-to-date symlink: /workspaces/amr_ws/src/install/amr_msgs/include/amr_msgs/amr_msgs/msg/detail/pose_stamped__rosidl_typesupport_fastrtps_c.h
[21.028s] -- Up-to-date symlink: /workspaces/amr_ws/src/install/amr_msgs/include/amr_msgs/amr_msgs/msg/detail/range_scan__rosidl_typesupport_fastrtps_c.h
[21.030s] -- Up-to-date symlink: /workspaces/amr_ws/src/install/amr_msgs/include/amr_msgs/amr_msgs/msg/rosidl_typesupport_fastrtps_c__visibility_control.h
[21.033s] -- Up-to-date symlink: /workspaces/amr_ws/src/install/amr_msgs/include/amr_msgs/amr_msgs/msg/detail/pose_stamped__rosidl_typesupport_introspection_c.h
[21.035s] -- Up-to-date symlink: /workspaces/amr_ws/src/install/amr_msgs/include/amr_msgs/amr_msgs/msg/detail/range_scan__rosidl_typesupport_introspection_c.h
[21.037s] -- Up-to-date symlink: /workspaces/amr_ws/src/install/amr_msgs/include/amr_msgs/amr_msgs/msg/rosidl_typesupport_introspection_c__visibility_control.h
[21.042s] -- Up-to-date symlink: /workspaces/amr_ws/src/install/amr_msgs/include/amr_msgs/amr_msgs/msg/detail/pose_stamped__builder.hpp
[21.043s] -- Up-to-date symlink: /workspaces/amr_ws/src/install/amr_msgs/include/amr_msgs/amr_msgs/msg/detail/pose_stamped__struct.hpp
[21.045s] -- Up-to-date symlink: /workspaces/amr_ws/src/install/amr_msgs/include/amr_msgs/amr_msgs/msg/detail/pose_stamped__traits.hpp
[21.046s] -- Up-to-date symlink: /workspaces/amr_ws/src/install/amr_msgs/include/amr_msgs/amr_msgs/msg/detail/pose_stamped__type_support.hpp
[21.048s] -- Up-to-date symlink: /workspaces/amr_ws/src/install/amr_msgs/include/amr_msgs/amr_msgs/msg/detail/range_scan__builder.hpp
[21.049s] -- Up-to-date symlink: /workspaces/amr_ws/src/install/amr_msgs/include/amr_msgs/amr_msgs/msg/detail/range_scan__struct.hpp
[21.050s] -- Up-to-date symlink: /workspaces/amr_ws/src/install/amr_msgs/include/amr_msgs/amr_msgs/msg/detail/range_scan__traits.hpp
[21.052s] -- Up-to-date symlink: /workspaces/amr_ws/src/install/amr_msgs/include/amr_msgs/amr_msgs/msg/detail/range_scan__type_support.hpp
[21.053s] -- Up-to-date symlink: /workspaces/amr_ws/src/install/amr_msgs/include/amr_msgs/amr_msgs/msg/pose_stamped.hpp
[21.055s] -- Up-to-date symlink: /workspaces/amr_ws/src/install/amr_msgs/include/amr_msgs/amr_msgs/msg/range_scan.hpp
[21.056s] -- Up-to-date symlink: /workspaces/amr_ws/src/install/amr_msgs/include/amr_msgs/amr_msgs/msg/rosidl_generator_cpp__visibility_control.hpp
[21.065s] -- Up-to-date symlink: /workspaces/amr_ws/src/install/amr_msgs/include/amr_msgs/amr_msgs/msg/detail/pose_stamped__rosidl_typesupport_fastrtps_cpp.hpp
[21.067s] -- Up-to-date symlink: /workspaces/amr_ws/src/install/amr_msgs/include/amr_msgs/amr_msgs/msg/detail/range_scan__rosidl_typesupport_fastrtps_cpp.hpp
[21.069s] -- Up-to-date symlink: /workspaces/amr_ws/src/install/amr_msgs/include/amr_msgs/amr_msgs/msg/rosidl_typesupport_fastrtps_cpp__visibility_control.h
[21.075s] -- Up-to-date symlink: /workspaces/amr_ws/src/install/amr_msgs/include/amr_msgs/amr_msgs/msg/detail/pose_stamped__rosidl_typesupport_introspection_cpp.hpp
[21.078s] -- Up-to-date symlink: /workspaces/amr_ws/src/install/amr_msgs/include/amr_msgs/amr_msgs/msg/detail/range_scan__rosidl_typesupport_introspection_cpp.hpp
[21.082s] -- Up-to-date symlink: /workspaces/amr_ws/src/install/amr_msgs/share/amr_msgs/environment/pythonpath.sh
[21.085s] -- Up-to-date symlink: /workspaces/amr_ws/src/install/amr_msgs/share/amr_msgs/environment/pythonpath.dsv
[21.090s] -- Up-to-date symlink: /workspaces/amr_ws/src/install/amr_msgs/local/lib/python3.10/dist-packages/amr_msgs-1.0.0-py3.10.egg-info/PKG-INFO
[21.093s] -- Up-to-date symlink: /workspaces/amr_ws/src/install/amr_msgs/local/lib/python3.10/dist-packages/amr_msgs-1.0.0-py3.10.egg-info/SOURCES.txt
[21.099s] -- Up-to-date symlink: /workspaces/amr_ws/src/install/amr_msgs/local/lib/python3.10/dist-packages/amr_msgs-1.0.0-py3.10.egg-info/dependency_links.txt
[21.102s] -- Up-to-date symlink: /workspaces/amr_ws/src/install/amr_msgs/local/lib/python3.10/dist-packages/amr_msgs-1.0.0-py3.10.egg-info/top_level.txt
[21.112s] -- Up-to-date symlink: /workspaces/amr_ws/src/install/amr_msgs/local/lib/python3.10/dist-packages/amr_msgs/__init__.py
[21.114s] -- Up-to-date symlink: /workspaces/amr_ws/src/install/amr_msgs/local/lib/python3.10/dist-packages/amr_msgs/_amr_msgs_s.ep.rosidl_typesupport_c.c
[21.115s] -- Up-to-date symlink: /workspaces/amr_ws/src/install/amr_msgs/local/lib/python3.10/dist-packages/amr_msgs/_amr_msgs_s.ep.rosidl_typesupport_fastrtps_c.c
[21.118s] -- Up-to-date symlink: /workspaces/amr_ws/src/install/amr_msgs/local/lib/python3.10/dist-packages/amr_msgs/_amr_msgs_s.ep.rosidl_typesupport_introspection_c.c
[21.119s] -- Up-to-date symlink: /workspaces/amr_ws/src/install/amr_msgs/local/lib/python3.10/dist-packages/amr_msgs/amr_msgs_s__rosidl_typesupport_c.cpython-310-x86_64-linux-gnu.so
[21.121s] -- Up-to-date symlink: /workspaces/amr_ws/src/install/amr_msgs/local/lib/python3.10/dist-packages/amr_msgs/amr_msgs_s__rosidl_typesupport_fastrtps_c.cpython-310-x86_64-linux-gnu.so
[21.124s] -- Up-to-date symlink: /workspaces/amr_ws/src/install/amr_msgs/local/lib/python3.10/dist-packages/amr_msgs/amr_msgs_s__rosidl_typesupport_introspection_c.cpython-310-x86_64-linux-gnu.so
[21.141s] -- Up-to-date symlink: /workspaces/amr_ws/src/install/amr_msgs/local/lib/python3.10/dist-packages/amr_msgs/libamr_msgs__rosidl_generator_py.so
[21.162s] -- Up-to-date symlink: /workspaces/amr_ws/src/install/amr_msgs/local/lib/python3.10/dist-packages/amr_msgs/msg/__init__.py
[21.182s] -- Up-to-date symlink: /workspaces/amr_ws/src/install/amr_msgs/local/lib/python3.10/dist-packages/amr_msgs/msg/_pose_stamped.py
[21.202s] -- Up-to-date symlink: /workspaces/amr_ws/src/install/amr_msgs/local/lib/python3.10/dist-packages/amr_msgs/msg/_pose_stamped_s.c
[21.222s] -- Up-to-date symlink: /workspaces/amr_ws/src/install/amr_msgs/local/lib/python3.10/dist-packages/amr_msgs/msg/_range_scan.py
[21.227s] -- Up-to-date symlink: /workspaces/amr_ws/src/install/amr_msgs/local/lib/python3.10/dist-packages/amr_msgs/msg/_range_scan_s.c
[21.231s] -- Up-to-date symlink: /workspaces/amr_ws/src/install/amr_msgs/local/lib/python3.10/dist-packages/amr_msgs/amr_msgs_s__rosidl_typesupport_fastrtps_c.cpython-310-x86_64-linux-gnu.so
[21.234s] -- Up-to-date symlink: /workspaces/amr_ws/src/install/amr_msgs/local/lib/python3.10/dist-packages/amr_msgs/amr_msgs_s__rosidl_typesupport_introspection_c.cpython-310-x86_64-linux-gnu.so
[21.237s] -- Up-to-date symlink: /workspaces/amr_ws/src/install/amr_msgs/local/lib/python3.10/dist-packages/amr_msgs/amr_msgs_s__rosidl_typesupport_c.cpython-310-x86_64-linux-gnu.so
[21.238s] -- Up-to-date symlink: /workspaces/amr_ws/src/install/amr_msgs/share/amr_msgs/msg/PoseStamped.idl
[21.240s] -- Up-to-date symlink: /workspaces/amr_ws/src/install/amr_msgs/share/amr_msgs/msg/RangeScan.idl
[21.243s] -- Up-to-date symlink: /workspaces/amr_ws/src/install/amr_msgs/share/amr_msgs/msg/PoseStamped.msg
[21.244s] -- Up-to-date symlink: /workspaces/amr_ws/src/install/amr_msgs/share/amr_msgs/msg/RangeScan.msg
[21.247s] -- Up-to-date symlink: /workspaces/amr_ws/src/install/amr_msgs/share/ament_index/resource_index/package_run_dependencies/amr_msgs
[21.249s] -- Up-to-date symlink: /workspaces/amr_ws/src/install/amr_msgs/share/ament_index/resource_index/parent_prefix_path/amr_msgs
[21.250s] -- Up-to-date symlink: /workspaces/amr_ws/src/install/amr_msgs/share/amr_msgs/environment/ament_prefix_path.sh
[21.251s] -- Up-to-date symlink: /workspaces/amr_ws/src/install/amr_msgs/share/amr_msgs/environment/ament_prefix_path.dsv
[21.254s] -- Up-to-date symlink: /workspaces/amr_ws/src/install/amr_msgs/share/amr_msgs/environment/path.sh
[21.256s] -- Up-to-date symlink: /workspaces/amr_ws/src/install/amr_msgs/share/amr_msgs/environment/path.dsv
[21.258s] -- Up-to-date symlink: /workspaces/amr_ws/src/install/amr_msgs/share/amr_msgs/local_setup.bash
[21.260s] -- Up-to-date symlink: /workspaces/amr_ws/src/install/amr_msgs/share/amr_msgs/local_setup.sh
[21.263s] -- Up-to-date symlink: /workspaces/amr_ws/src/install/amr_msgs/share/amr_msgs/local_setup.zsh
[21.265s] -- Up-to-date symlink: /workspaces/amr_ws/src/install/amr_msgs/share/amr_msgs/local_setup.dsv
[21.267s] -- Symlinking: /workspaces/amr_ws/src/install/amr_msgs/share/amr_msgs/package.dsv
[21.288s] -- Up-to-date symlink: /workspaces/amr_ws/src/install/amr_msgs/share/ament_index/resource_index/packages/amr_msgs
[21.291s] -- Up-to-date symlink: /workspaces/amr_ws/src/install/amr_msgs/share/amr_msgs/cmake/rosidl_cmake-extras.cmake
[21.292s] -- Up-to-date symlink: /workspaces/amr_ws/src/install/amr_msgs/share/amr_msgs/cmake/ament_cmake_export_dependencies-extras.cmake
[21.293s] -- Up-to-date symlink: /workspaces/amr_ws/src/install/amr_msgs/share/amr_msgs/cmake/ament_cmake_export_include_directories-extras.cmake
[21.296s] -- Up-to-date symlink: /workspaces/amr_ws/src/install/amr_msgs/share/amr_msgs/cmake/ament_cmake_export_libraries-extras.cmake
[21.299s] -- Up-to-date symlink: /workspaces/amr_ws/src/install/amr_msgs/share/amr_msgs/cmake/ament_cmake_export_targets-extras.cmake
[21.302s] -- Up-to-date symlink: /workspaces/amr_ws/src/install/amr_msgs/share/amr_msgs/cmake/rosidl_cmake_export_typesupport_targets-extras.cmake
[21.307s] -- Up-to-date symlink: /workspaces/amr_ws/src/install/amr_msgs/share/amr_msgs/cmake/rosidl_cmake_export_typesupport_libraries-extras.cmake
[21.310s] -- Up-to-date symlink: /workspaces/amr_ws/src/install/amr_msgs/share/amr_msgs/cmake/amr_msgsConfig.cmake
[21.312s] -- Up-to-date symlink: /workspaces/amr_ws/src/install/amr_msgs/share/amr_msgs/cmake/amr_msgsConfig-version.cmake
[21.313s] -- Up-to-date symlink: /workspaces/amr_ws/src/install/amr_msgs/share/amr_msgs/package.xml
[21.317s] -- Installing: /workspaces/amr_ws/src/install/amr_msgs/lib/libamr_msgs__rosidl_generator_c.so
[21.338s] -- Set runtime path of "/workspaces/amr_ws/src/install/amr_msgs/lib/libamr_msgs__rosidl_generator_c.so" to ""
[21.342s] -- Installing: /workspaces/amr_ws/src/install/amr_msgs/lib/libamr_msgs__rosidl_typesupport_fastrtps_c.so
[21.355s] -- Set runtime path of "/workspaces/amr_ws/src/install/amr_msgs/lib/libamr_msgs__rosidl_typesupport_fastrtps_c.so" to ""
[21.358s] -- Installing: /workspaces/amr_ws/src/install/amr_msgs/lib/libamr_msgs__rosidl_typesupport_introspection_c.so
[21.373s] -- Set runtime path of "/workspaces/amr_ws/src/install/amr_msgs/lib/libamr_msgs__rosidl_typesupport_introspection_c.so" to ""
[21.379s] -- Installing: /workspaces/amr_ws/src/install/amr_msgs/lib/libamr_msgs__rosidl_typesupport_c.so
[21.397s] -- Set runtime path of "/workspaces/amr_ws/src/install/amr_msgs/lib/libamr_msgs__rosidl_typesupport_c.so" to ""
[21.402s] -- Installing: /workspaces/amr_ws/src/install/amr_msgs/lib/libamr_msgs__rosidl_typesupport_fastrtps_cpp.so
[21.430s] -- Set runtime path of "/workspaces/amr_ws/src/install/amr_msgs/lib/libamr_msgs__rosidl_typesupport_fastrtps_cpp.so" to ""
[21.433s] -- Installing: /workspaces/amr_ws/src/install/amr_msgs/lib/libamr_msgs__rosidl_typesupport_introspection_cpp.so
[21.449s] -- Set runtime path of "/workspaces/amr_ws/src/install/amr_msgs/lib/libamr_msgs__rosidl_typesupport_introspection_cpp.so" to ""
[21.451s] -- Installing: /workspaces/amr_ws/src/install/amr_msgs/lib/libamr_msgs__rosidl_typesupport_cpp.so
[21.464s] -- Set runtime path of "/workspaces/amr_ws/src/install/amr_msgs/lib/libamr_msgs__rosidl_typesupport_cpp.so" to ""
[21.598s] Listing '/workspaces/amr_ws/src/install/amr_msgs/local/lib/python3.10/dist-packages/amr_msgs'...
[21.600s] Compiling '/workspaces/amr_ws/src/install/amr_msgs/local/lib/python3.10/dist-packages/amr_msgs/__init__.py'...
[21.601s] Listing '/workspaces/amr_ws/src/install/amr_msgs/local/lib/python3.10/dist-packages/amr_msgs/msg'...
[21.602s] Compiling '/workspaces/amr_ws/src/install/amr_msgs/local/lib/python3.10/dist-packages/amr_msgs/msg/__init__.py'...
[21.603s] Compiling '/workspaces/amr_ws/src/install/amr_msgs/local/lib/python3.10/dist-packages/amr_msgs/msg/_pose_stamped.py'...
[21.607s] Compiling '/workspaces/amr_ws/src/install/amr_msgs/local/lib/python3.10/dist-packages/amr_msgs/msg/_range_scan.py'...
[21.610s] -- Installing: /workspaces/amr_ws/src/install/amr_msgs/lib/libamr_msgs__rosidl_generator_py.so
[21.627s] -- Set runtime path of "/workspaces/amr_ws/src/install/amr_msgs/lib/libamr_msgs__rosidl_generator_py.so" to ""
[21.631s] -- Installing: /workspaces/amr_ws/src/install/amr_msgs/share/amr_msgs/cmake/export_amr_msgs__rosidl_generator_cExport.cmake
[21.639s] -- Installing: /workspaces/amr_ws/src/install/amr_msgs/share/amr_msgs/cmake/export_amr_msgs__rosidl_generator_cExport-noconfig.cmake
[21.650s] -- Installing: /workspaces/amr_ws/src/install/amr_msgs/share/amr_msgs/cmake/export_amr_msgs__rosidl_typesupport_fastrtps_cExport.cmake
[21.658s] -- Installing: /workspaces/amr_ws/src/install/amr_msgs/share/amr_msgs/cmake/export_amr_msgs__rosidl_typesupport_fastrtps_cExport-noconfig.cmake
[21.668s] -- Installing: /workspaces/amr_ws/src/install/amr_msgs/share/amr_msgs/cmake/amr_msgs__rosidl_typesupport_introspection_cExport.cmake
[21.679s] -- Installing: /workspaces/amr_ws/src/install/amr_msgs/share/amr_msgs/cmake/amr_msgs__rosidl_typesupport_introspection_cExport-noconfig.cmake
[21.691s] -- Installing: /workspaces/amr_ws/src/install/amr_msgs/share/amr_msgs/cmake/amr_msgs__rosidl_typesupport_cExport.cmake
[21.702s] -- Installing: /workspaces/amr_ws/src/install/amr_msgs/share/amr_msgs/cmake/amr_msgs__rosidl_typesupport_cExport-noconfig.cmake
[21.715s] -- Installing: /workspaces/amr_ws/src/install/amr_msgs/share/amr_msgs/cmake/export_amr_msgs__rosidl_generator_cppExport.cmake
[21.726s] -- Installing: /workspaces/amr_ws/src/install/amr_msgs/share/amr_msgs/cmake/export_amr_msgs__rosidl_typesupport_fastrtps_cppExport.cmake
[21.734s] -- Installing: /workspaces/amr_ws/src/install/amr_msgs/share/amr_msgs/cmake/export_amr_msgs__rosidl_typesupport_fastrtps_cppExport-noconfig.cmake
[21.745s] -- Installing: /workspaces/amr_ws/src/install/amr_msgs/share/amr_msgs/cmake/amr_msgs__rosidl_typesupport_introspection_cppExport.cmake
[21.755s] -- Installing: /workspaces/amr_ws/src/install/amr_msgs/share/amr_msgs/cmake/amr_msgs__rosidl_typesupport_introspection_cppExport-noconfig.cmake
[21.766s] -- Installing: /workspaces/amr_ws/src/install/amr_msgs/share/amr_msgs/cmake/amr_msgs__rosidl_typesupport_cppExport.cmake
[21.775s] -- Installing: /workspaces/amr_ws/src/install/amr_msgs/share/amr_msgs/cmake/amr_msgs__rosidl_typesupport_cppExport-noconfig.cmake
[21.787s] -- Installing: /workspaces/amr_ws/src/install/amr_msgs/share/amr_msgs/cmake/export_amr_msgs__rosidl_generator_pyExport.cmake
[21.804s] -- Installing: /workspaces/amr_ws/src/install/amr_msgs/share/amr_msgs/cmake/export_amr_msgs__rosidl_generator_pyExport-noconfig.cmake
[21.829s] Invoked command in '/workspaces/amr_ws/src/build/amr_msgs' returned '0': CMAKE_PREFIX_PATH=/opt/ros/humble /usr/bin/cmake --install /workspaces/amr_ws/src/build/amr_msgs
