[0.679s] DEBUG:colcon:Command line arguments: ['/usr/bin/colcon', 'build', '--symlink-install']
[0.681s] DEBUG:colcon:Parsed command line arguments: Namespace(log_base=None, log_level=None, verb_name='build', build_base='build', install_base='install', merge_install=False, symlink_install=True, test_result_base=None, continue_on_error=False, executor='parallel', parallel_workers=12, event_handlers=None, ignore_user_meta=False, metas=['./colcon.meta'], base_paths=['.'], packages_ignore=None, packages_ignore_regex=None, paths=None, packages_up_to=None, packages_up_to_regex=None, packages_above=None, packages_above_and_dependencies=None, packages_above_depth=None, packages_select_by_dep=None, packages_skip_by_dep=None, packages_skip_up_to=None, packages_select_build_failed=False, packages_skip_build_finished=False, packages_select_test_failures=False, packages_skip_test_passed=False, packages_select=None, packages_skip=None, packages_select_regex=None, packages_skip_regex=None, packages_start=None, packages_end=None, cmake_args=None, cmake_target=None, cmake_target_skip_unavailable=False, cmake_clean_cache=False, cmake_clean_first=False, cmake_force_configure=False, ament_cmake_args=None, catkin_cmake_args=None, catkin_skip_building_tests=False, mixin_files=None, mixin=None, verb_parser=<colcon_mixin.mixin.mixin_argument.MixinArgumentDecorator object at 0x7043f9913f70>, verb_extension=<colcon_core.verb.build.BuildVerb object at 0x7043f9913a00>, main=<bound method BuildVerb.main of <colcon_core.verb.build.BuildVerb object at 0x7043f9913a00>>, mixin_verb=('build',))
[1.400s] Level 1:colcon.colcon_core.package_discovery:discover_packages(colcon_meta) check parameters
[1.402s] Level 1:colcon.colcon_core.package_discovery:discover_packages(recursive) check parameters
[1.402s] Level 1:colcon.colcon_core.package_discovery:discover_packages(ignore) check parameters
[1.403s] Level 1:colcon.colcon_core.package_discovery:discover_packages(path) check parameters
[1.404s] Level 1:colcon.colcon_core.package_discovery:discover_packages(colcon_meta) discover
[1.404s] Level 1:colcon.colcon_core.package_discovery:discover_packages(recursive) discover
[1.405s] INFO:colcon.colcon_core.package_discovery:Crawling recursively for packages in '/workspaces/amr_ws/src'
[1.410s] Level 1:colcon.colcon_core.package_identification:_identify(.) by extensions ['ignore', 'ignore_ament_install']
[1.411s] Level 1:colcon.colcon_core.package_identification:_identify(.) by extension 'ignore'
[1.413s] Level 1:colcon.colcon_core.package_identification:_identify(.) by extension 'ignore_ament_install'
[1.414s] Level 1:colcon.colcon_core.package_identification:_identify(.) by extensions ['colcon_pkg']
[1.416s] Level 1:colcon.colcon_core.package_identification:_identify(.) by extension 'colcon_pkg'
[1.417s] Level 1:colcon.colcon_core.package_identification:_identify(.) by extensions ['colcon_meta']
[1.419s] Level 1:colcon.colcon_core.package_identification:_identify(.) by extension 'colcon_meta'
[1.419s] Level 1:colcon.colcon_core.package_identification:_identify(.) by extensions ['ros']
[1.420s] Level 1:colcon.colcon_core.package_identification:_identify(.) by extension 'ros'
[1.461s] Level 1:colcon.colcon_core.package_identification:_identify(.) by extensions ['cmake', 'python']
[1.462s] Level 1:colcon.colcon_core.package_identification:_identify(.) by extension 'cmake'
[1.463s] Level 1:colcon.colcon_core.package_identification:_identify(.) by extension 'python'
[1.465s] Level 1:colcon.colcon_core.package_identification:_identify(.) by extensions ['python_setup_py']
[1.466s] Level 1:colcon.colcon_core.package_identification:_identify(.) by extension 'python_setup_py'
[1.477s] Level 1:colcon.colcon_core.package_identification:_identify(amr_bringup) by extensions ['ignore', 'ignore_ament_install']
[1.478s] Level 1:colcon.colcon_core.package_identification:_identify(amr_bringup) by extension 'ignore'
[1.481s] Level 1:colcon.colcon_core.package_identification:_identify(amr_bringup) by extension 'ignore_ament_install'
[1.486s] Level 1:colcon.colcon_core.package_identification:_identify(amr_bringup) by extensions ['colcon_pkg']
[1.487s] Level 1:colcon.colcon_core.package_identification:_identify(amr_bringup) by extension 'colcon_pkg'
[1.490s] Level 1:colcon.colcon_core.package_identification:_identify(amr_bringup) by extensions ['colcon_meta']
[1.491s] Level 1:colcon.colcon_core.package_identification:_identify(amr_bringup) by extension 'colcon_meta'
[1.494s] Level 1:colcon.colcon_core.package_identification:_identify(amr_bringup) by extensions ['ros']
[1.494s] Level 1:colcon.colcon_core.package_identification:_identify(amr_bringup) by extension 'ros'
[1.537s] DEBUG:colcon.colcon_core.package_identification:Package 'amr_bringup' with type 'ros.ament_python' and name 'amr_bringup'
[1.546s] Level 1:colcon.colcon_core.package_identification:_identify(amr_control) by extensions ['ignore', 'ignore_ament_install']
[1.547s] Level 1:colcon.colcon_core.package_identification:_identify(amr_control) by extension 'ignore'
[1.550s] Level 1:colcon.colcon_core.package_identification:_identify(amr_control) by extension 'ignore_ament_install'
[1.556s] Level 1:colcon.colcon_core.package_identification:_identify(amr_control) by extensions ['colcon_pkg']
[1.557s] Level 1:colcon.colcon_core.package_identification:_identify(amr_control) by extension 'colcon_pkg'
[1.560s] Level 1:colcon.colcon_core.package_identification:_identify(amr_control) by extensions ['colcon_meta']
[1.561s] Level 1:colcon.colcon_core.package_identification:_identify(amr_control) by extension 'colcon_meta'
[1.565s] Level 1:colcon.colcon_core.package_identification:_identify(amr_control) by extensions ['ros']
[1.566s] Level 1:colcon.colcon_core.package_identification:_identify(amr_control) by extension 'ros'
[1.614s] DEBUG:colcon.colcon_core.package_identification:Package 'amr_control' with type 'ros.ament_python' and name 'amr_control'
[1.630s] Level 1:colcon.colcon_core.package_identification:_identify(amr_localization) by extensions ['ignore', 'ignore_ament_install']
[1.631s] Level 1:colcon.colcon_core.package_identification:_identify(amr_localization) by extension 'ignore'
[1.636s] Level 1:colcon.colcon_core.package_identification:_identify(amr_localization) by extension 'ignore_ament_install'
[1.645s] Level 1:colcon.colcon_core.package_identification:_identify(amr_localization) by extensions ['colcon_pkg']
[1.647s] Level 1:colcon.colcon_core.package_identification:_identify(amr_localization) by extension 'colcon_pkg'
[1.651s] Level 1:colcon.colcon_core.package_identification:_identify(amr_localization) by extensions ['colcon_meta']
[1.652s] Level 1:colcon.colcon_core.package_identification:_identify(amr_localization) by extension 'colcon_meta'
[1.656s] Level 1:colcon.colcon_core.package_identification:_identify(amr_localization) by extensions ['ros']
[1.657s] Level 1:colcon.colcon_core.package_identification:_identify(amr_localization) by extension 'ros'
[1.705s] DEBUG:colcon.colcon_core.package_identification:Package 'amr_localization' with type 'ros.ament_python' and name 'amr_localization'
[1.721s] Level 1:colcon.colcon_core.package_identification:_identify(amr_msgs) by extensions ['ignore', 'ignore_ament_install']
[1.722s] Level 1:colcon.colcon_core.package_identification:_identify(amr_msgs) by extension 'ignore'
[1.726s] Level 1:colcon.colcon_core.package_identification:_identify(amr_msgs) by extension 'ignore_ament_install'
[1.733s] Level 1:colcon.colcon_core.package_identification:_identify(amr_msgs) by extensions ['colcon_pkg']
[1.735s] Level 1:colcon.colcon_core.package_identification:_identify(amr_msgs) by extension 'colcon_pkg'
[1.740s] Level 1:colcon.colcon_core.package_identification:_identify(amr_msgs) by extensions ['colcon_meta']
[1.741s] Level 1:colcon.colcon_core.package_identification:_identify(amr_msgs) by extension 'colcon_meta'
[1.745s] Level 1:colcon.colcon_core.package_identification:_identify(amr_msgs) by extensions ['ros']
[1.746s] Level 1:colcon.colcon_core.package_identification:_identify(amr_msgs) by extension 'ros'
[1.803s] DEBUG:colcon.colcon_core.package_identification:Package 'amr_msgs' with type 'ros.ament_cmake' and name 'amr_msgs'
[1.821s] Level 1:colcon.colcon_core.package_identification:_identify(amr_simulation) by extensions ['ignore', 'ignore_ament_install']
[1.822s] Level 1:colcon.colcon_core.package_identification:_identify(amr_simulation) by extension 'ignore'
[1.828s] Level 1:colcon.colcon_core.package_identification:_identify(amr_simulation) by extension 'ignore_ament_install'
[1.838s] Level 1:colcon.colcon_core.package_identification:_identify(amr_simulation) by extensions ['colcon_pkg']
[1.838s] Level 1:colcon.colcon_core.package_identification:_identify(amr_simulation) by extension 'colcon_pkg'
[1.843s] Level 1:colcon.colcon_core.package_identification:_identify(amr_simulation) by extensions ['colcon_meta']
[1.844s] Level 1:colcon.colcon_core.package_identification:_identify(amr_simulation) by extension 'colcon_meta'
[1.847s] Level 1:colcon.colcon_core.package_identification:_identify(amr_simulation) by extensions ['ros']
[1.848s] Level 1:colcon.colcon_core.package_identification:_identify(amr_simulation) by extension 'ros'
[1.885s] DEBUG:colcon.colcon_core.package_identification:Package 'amr_simulation' with type 'ros.ament_python' and name 'amr_simulation'
[1.896s] Level 1:colcon.colcon_core.package_identification:_identify(build) by extensions ['ignore', 'ignore_ament_install']
[1.897s] Level 1:colcon.colcon_core.package_identification:_identify(build) by extension 'ignore'
[1.903s] Level 1:colcon.colcon_core.package_identification:_identify(build) ignored
[1.916s] Level 1:colcon.colcon_core.package_identification:_identify(install) by extensions ['ignore', 'ignore_ament_install']
[1.918s] Level 1:colcon.colcon_core.package_identification:_identify(install) by extension 'ignore'
[1.926s] Level 1:colcon.colcon_core.package_identification:_identify(install) ignored
[1.950s] Level 1:colcon.colcon_core.package_identification:_identify(log) by extensions ['ignore', 'ignore_ament_install']
[1.952s] Level 1:colcon.colcon_core.package_identification:_identify(log) by extension 'ignore'
[1.955s] Level 1:colcon.colcon_core.package_identification:_identify(log) ignored
[1.956s] Level 1:colcon.colcon_core.package_discovery:discover_packages(recursive) using defaults
[1.957s] Level 1:colcon.colcon_core.package_discovery:discover_packages(ignore) discover
[1.959s] Level 1:colcon.colcon_core.package_discovery:discover_packages(ignore) using defaults
[1.959s] Level 1:colcon.colcon_core.package_discovery:discover_packages(path) discover
[1.960s] Level 1:colcon.colcon_core.package_discovery:discover_packages(path) using defaults
[2.187s] Level 5:colcon.colcon_core.verb:set package 'amr_bringup' build argument 'cmake_args' from command line to 'None'
[2.188s] Level 5:colcon.colcon_core.verb:set package 'amr_bringup' build argument 'cmake_target' from command line to 'None'
[2.189s] Level 5:colcon.colcon_core.verb:set package 'amr_bringup' build argument 'cmake_target_skip_unavailable' from command line to 'False'
[2.190s] Level 5:colcon.colcon_core.verb:set package 'amr_bringup' build argument 'cmake_clean_cache' from command line to 'False'
[2.191s] Level 5:colcon.colcon_core.verb:set package 'amr_bringup' build argument 'cmake_clean_first' from command line to 'False'
[2.192s] Level 5:colcon.colcon_core.verb:set package 'amr_bringup' build argument 'cmake_force_configure' from command line to 'False'
[2.193s] Level 5:colcon.colcon_core.verb:set package 'amr_bringup' build argument 'ament_cmake_args' from command line to 'None'
[2.194s] Level 5:colcon.colcon_core.verb:set package 'amr_bringup' build argument 'catkin_cmake_args' from command line to 'None'
[2.195s] Level 5:colcon.colcon_core.verb:set package 'amr_bringup' build argument 'catkin_skip_building_tests' from command line to 'False'
[2.196s] DEBUG:colcon.colcon_core.verb:Building package 'amr_bringup' with the following arguments: {'ament_cmake_args': None, 'build_base': '/workspaces/amr_ws/src/build/amr_bringup', 'catkin_cmake_args': None, 'catkin_skip_building_tests': False, 'cmake_args': None, 'cmake_clean_cache': False, 'cmake_clean_first': False, 'cmake_force_configure': False, 'cmake_target': None, 'cmake_target_skip_unavailable': False, 'install_base': '/workspaces/amr_ws/src/install/amr_bringup', 'merge_install': False, 'path': '/workspaces/amr_ws/src/amr_bringup', 'symlink_install': True, 'test_result_base': None}
[2.198s] Level 5:colcon.colcon_core.verb:set package 'amr_msgs' build argument 'cmake_args' from command line to 'None'
[2.199s] Level 5:colcon.colcon_core.verb:set package 'amr_msgs' build argument 'cmake_target' from command line to 'None'
[2.200s] Level 5:colcon.colcon_core.verb:set package 'amr_msgs' build argument 'cmake_target_skip_unavailable' from command line to 'False'
[2.201s] Level 5:colcon.colcon_core.verb:set package 'amr_msgs' build argument 'cmake_clean_cache' from command line to 'False'
[2.202s] Level 5:colcon.colcon_core.verb:set package 'amr_msgs' build argument 'cmake_clean_first' from command line to 'False'
[2.203s] Level 5:colcon.colcon_core.verb:set package 'amr_msgs' build argument 'cmake_force_configure' from command line to 'False'
[2.204s] Level 5:colcon.colcon_core.verb:set package 'amr_msgs' build argument 'ament_cmake_args' from command line to 'None'
[2.205s] Level 5:colcon.colcon_core.verb:set package 'amr_msgs' build argument 'catkin_cmake_args' from command line to 'None'
[2.206s] Level 5:colcon.colcon_core.verb:set package 'amr_msgs' build argument 'catkin_skip_building_tests' from command line to 'False'
[2.207s] DEBUG:colcon.colcon_core.verb:Building package 'amr_msgs' with the following arguments: {'ament_cmake_args': None, 'build_base': '/workspaces/amr_ws/src/build/amr_msgs', 'catkin_cmake_args': None, 'catkin_skip_building_tests': False, 'cmake_args': None, 'cmake_clean_cache': False, 'cmake_clean_first': False, 'cmake_force_configure': False, 'cmake_target': None, 'cmake_target_skip_unavailable': False, 'install_base': '/workspaces/amr_ws/src/install/amr_msgs', 'merge_install': False, 'path': '/workspaces/amr_ws/src/amr_msgs', 'symlink_install': True, 'test_result_base': None}
[2.208s] Level 5:colcon.colcon_core.verb:set package 'amr_control' build argument 'cmake_args' from command line to 'None'
[2.209s] Level 5:colcon.colcon_core.verb:set package 'amr_control' build argument 'cmake_target' from command line to 'None'
[2.210s] Level 5:colcon.colcon_core.verb:set package 'amr_control' build argument 'cmake_target_skip_unavailable' from command line to 'False'
[2.211s] Level 5:colcon.colcon_core.verb:set package 'amr_control' build argument 'cmake_clean_cache' from command line to 'False'
[2.212s] Level 5:colcon.colcon_core.verb:set package 'amr_control' build argument 'cmake_clean_first' from command line to 'False'
[2.213s] Level 5:colcon.colcon_core.verb:set package 'amr_control' build argument 'cmake_force_configure' from command line to 'False'
[2.213s] Level 5:colcon.colcon_core.verb:set package 'amr_control' build argument 'ament_cmake_args' from command line to 'None'
[2.214s] Level 5:colcon.colcon_core.verb:set package 'amr_control' build argument 'catkin_cmake_args' from command line to 'None'
[2.215s] Level 5:colcon.colcon_core.verb:set package 'amr_control' build argument 'catkin_skip_building_tests' from command line to 'False'
[2.216s] DEBUG:colcon.colcon_core.verb:Building package 'amr_control' with the following arguments: {'ament_cmake_args': None, 'build_base': '/workspaces/amr_ws/src/build/amr_control', 'catkin_cmake_args': None, 'catkin_skip_building_tests': False, 'cmake_args': None, 'cmake_clean_cache': False, 'cmake_clean_first': False, 'cmake_force_configure': False, 'cmake_target': None, 'cmake_target_skip_unavailable': False, 'install_base': '/workspaces/amr_ws/src/install/amr_control', 'merge_install': False, 'path': '/workspaces/amr_ws/src/amr_control', 'symlink_install': True, 'test_result_base': None}
[2.218s] Level 5:colcon.colcon_core.verb:set package 'amr_localization' build argument 'cmake_args' from command line to 'None'
[2.219s] Level 5:colcon.colcon_core.verb:set package 'amr_localization' build argument 'cmake_target' from command line to 'None'
[2.220s] Level 5:colcon.colcon_core.verb:set package 'amr_localization' build argument 'cmake_target_skip_unavailable' from command line to 'False'
[2.220s] Level 5:colcon.colcon_core.verb:set package 'amr_localization' build argument 'cmake_clean_cache' from command line to 'False'
[2.221s] Level 5:colcon.colcon_core.verb:set package 'amr_localization' build argument 'cmake_clean_first' from command line to 'False'
[2.222s] Level 5:colcon.colcon_core.verb:set package 'amr_localization' build argument 'cmake_force_configure' from command line to 'False'
[2.223s] Level 5:colcon.colcon_core.verb:set package 'amr_localization' build argument 'ament_cmake_args' from command line to 'None'
[2.224s] Level 5:colcon.colcon_core.verb:set package 'amr_localization' build argument 'catkin_cmake_args' from command line to 'None'
[2.225s] Level 5:colcon.colcon_core.verb:set package 'amr_localization' build argument 'catkin_skip_building_tests' from command line to 'False'
[2.225s] DEBUG:colcon.colcon_core.verb:Building package 'amr_localization' with the following arguments: {'ament_cmake_args': None, 'build_base': '/workspaces/amr_ws/src/build/amr_localization', 'catkin_cmake_args': None, 'catkin_skip_building_tests': False, 'cmake_args': None, 'cmake_clean_cache': False, 'cmake_clean_first': False, 'cmake_force_configure': False, 'cmake_target': None, 'cmake_target_skip_unavailable': False, 'install_base': '/workspaces/amr_ws/src/install/amr_localization', 'merge_install': False, 'path': '/workspaces/amr_ws/src/amr_localization', 'symlink_install': True, 'test_result_base': None}
[2.227s] Level 5:colcon.colcon_core.verb:set package 'amr_simulation' build argument 'cmake_args' from command line to 'None'
[2.227s] Level 5:colcon.colcon_core.verb:set package 'amr_simulation' build argument 'cmake_target' from command line to 'None'
[2.228s] Level 5:colcon.colcon_core.verb:set package 'amr_simulation' build argument 'cmake_target_skip_unavailable' from command line to 'False'
[2.229s] Level 5:colcon.colcon_core.verb:set package 'amr_simulation' build argument 'cmake_clean_cache' from command line to 'False'
[2.229s] Level 5:colcon.colcon_core.verb:set package 'amr_simulation' build argument 'cmake_clean_first' from command line to 'False'
[2.230s] Level 5:colcon.colcon_core.verb:set package 'amr_simulation' build argument 'cmake_force_configure' from command line to 'False'
[2.231s] Level 5:colcon.colcon_core.verb:set package 'amr_simulation' build argument 'ament_cmake_args' from command line to 'None'
[2.231s] Level 5:colcon.colcon_core.verb:set package 'amr_simulation' build argument 'catkin_cmake_args' from command line to 'None'
[2.232s] Level 5:colcon.colcon_core.verb:set package 'amr_simulation' build argument 'catkin_skip_building_tests' from command line to 'False'
[2.233s] DEBUG:colcon.colcon_core.verb:Building package 'amr_simulation' with the following arguments: {'ament_cmake_args': None, 'build_base': '/workspaces/amr_ws/src/build/amr_simulation', 'catkin_cmake_args': None, 'catkin_skip_building_tests': False, 'cmake_args': None, 'cmake_clean_cache': False, 'cmake_clean_first': False, 'cmake_force_configure': False, 'cmake_target': None, 'cmake_target_skip_unavailable': False, 'install_base': '/workspaces/amr_ws/src/install/amr_simulation', 'merge_install': False, 'path': '/workspaces/amr_ws/src/amr_simulation', 'symlink_install': True, 'test_result_base': None}
[2.234s] INFO:colcon.colcon_core.executor:Executing jobs using 'parallel' executor
[2.238s] DEBUG:colcon.colcon_parallel_executor.executor.parallel:run_until_complete
[2.240s] INFO:colcon.colcon_ros.task.ament_cmake.build:Building ROS package in '/workspaces/amr_ws/src/amr_msgs' with build type 'ament_cmake'
[2.241s] INFO:colcon.colcon_cmake.task.cmake.build:Building CMake package in '/workspaces/amr_ws/src/amr_msgs'
[2.258s] INFO:colcon.colcon_core.plugin_system:Skipping extension 'colcon_core.shell.bat': Not used on non-Windows systems
[2.259s] INFO:colcon.colcon_core.shell:Skip shell extension 'powershell' for command environment: Not usable outside of PowerShell
[2.260s] DEBUG:colcon.colcon_core.shell:Skip shell extension 'dsv' for command environment
[2.321s] INFO:colcon.colcon_ros.task.ament_python.build:Building ROS package in '/workspaces/amr_ws/src/amr_bringup' with build type 'ament_python'
[2.322s] Level 1:colcon.colcon_core.shell:create_environment_hook('amr_bringup', 'ament_prefix_path')
[2.324s] INFO:colcon.colcon_core.shell:Creating environment hook '/workspaces/amr_ws/src/install/amr_bringup/share/amr_bringup/hook/ament_prefix_path.ps1'
[2.403s] INFO:colcon.colcon_core.shell:Creating environment descriptor '/workspaces/amr_ws/src/install/amr_bringup/share/amr_bringup/hook/ament_prefix_path.dsv'
[2.450s] INFO:colcon.colcon_core.shell:Creating environment hook '/workspaces/amr_ws/src/install/amr_bringup/share/amr_bringup/hook/ament_prefix_path.sh'
[2.505s] INFO:colcon.colcon_core.shell:Skip shell extension 'powershell' for command environment: Not usable outside of PowerShell
[2.506s] DEBUG:colcon.colcon_core.shell:Skip shell extension 'dsv' for command environment
[2.718s] DEBUG:colcon.colcon_core.event_handler.log_command:Invoking command in '/workspaces/amr_ws/src/build/amr_msgs': CMAKE_PREFIX_PATH=/opt/ros/humble /usr/bin/cmake /workspaces/amr_ws/src/amr_msgs -DAMENT_CMAKE_SYMLINK_INSTALL=1 -DCMAKE_INSTALL_PREFIX=/workspaces/amr_ws/src/install/amr_msgs
[3.460s] INFO:colcon.colcon_core.task.python.build:Building Python package in '/workspaces/amr_ws/src/amr_bringup'
[3.462s] INFO:colcon.colcon_core.shell:Skip shell extension 'powershell' for command environment: Not usable outside of PowerShell
[3.463s] DEBUG:colcon.colcon_core.shell:Skip shell extension 'dsv' for command environment
[7.099s] DEBUG:colcon.colcon_core.event_handler.log_command:Invoking command in '/workspaces/amr_ws/src/build/amr_bringup': PYTHONPATH=/workspaces/amr_ws/src/build/amr_bringup/prefix_override:/usr/lib/python3/dist-packages/colcon_core/task/python/colcon_distutils_commands:/workspaces/amr_ws/src/install/amr_bringup/lib/python3.10/site-packages:${PYTHONPATH} /usr/bin/python3 -W ignore:setup.py install is deprecated -W ignore:easy_install command is deprecated setup.py develop --editable --build-directory /workspaces/amr_ws/src/build/amr_bringup/build --no-deps symlink_data
[11.842s] Level 1:colcon.colcon_core.shell:create_environment_hook('amr_bringup', 'pythonpath_develop')
[11.844s] INFO:colcon.colcon_core.shell:Creating environment hook '/workspaces/amr_ws/src/build/amr_bringup/share/amr_bringup/hook/pythonpath_develop.ps1'
[11.848s] DEBUG:colcon.colcon_core.event_handler.log_command:Invoked command in '/workspaces/amr_ws/src/build/amr_bringup' returned '0': PYTHONPATH=/workspaces/amr_ws/src/build/amr_bringup/prefix_override:/usr/lib/python3/dist-packages/colcon_core/task/python/colcon_distutils_commands:/workspaces/amr_ws/src/install/amr_bringup/lib/python3.10/site-packages:${PYTHONPATH} /usr/bin/python3 -W ignore:setup.py install is deprecated -W ignore:easy_install command is deprecated setup.py develop --editable --build-directory /workspaces/amr_ws/src/build/amr_bringup/build --no-deps symlink_data
[11.901s] INFO:colcon.colcon_core.shell:Creating environment descriptor '/workspaces/amr_ws/src/build/amr_bringup/share/amr_bringup/hook/pythonpath_develop.dsv'
[11.944s] INFO:colcon.colcon_core.shell:Creating environment hook '/workspaces/amr_ws/src/build/amr_bringup/share/amr_bringup/hook/pythonpath_develop.sh'
[12.002s] Level 1:colcon.colcon_core.environment:checking '/workspaces/amr_ws/src/install/amr_bringup' for CMake module files
[12.181s] Level 1:colcon.colcon_core.environment:checking '/workspaces/amr_ws/src/install/amr_bringup' for CMake config files
[12.476s] Level 1:colcon.colcon_core.environment:checking '/workspaces/amr_ws/src/install/amr_bringup/lib'
[12.494s] Level 1:colcon.colcon_core.environment:checking '/workspaces/amr_ws/src/install/amr_bringup/bin'
[12.500s] Level 1:colcon.colcon_core.environment:checking '/workspaces/amr_ws/src/install/amr_bringup/lib/pkgconfig/amr_bringup.pc'
[12.507s] Level 1:colcon.colcon_core.environment:checking '/workspaces/amr_ws/src/install/amr_bringup/lib/python3.10/site-packages'
[12.517s] Level 1:colcon.colcon_core.shell:create_environment_hook('amr_bringup', 'pythonpath')
[12.518s] INFO:colcon.colcon_core.shell:Creating environment hook '/workspaces/amr_ws/src/install/amr_bringup/share/amr_bringup/hook/pythonpath.ps1'
[12.569s] INFO:colcon.colcon_core.shell:Creating environment descriptor '/workspaces/amr_ws/src/install/amr_bringup/share/amr_bringup/hook/pythonpath.dsv'
[12.625s] INFO:colcon.colcon_core.shell:Creating environment hook '/workspaces/amr_ws/src/install/amr_bringup/share/amr_bringup/hook/pythonpath.sh'
[12.677s] Level 1:colcon.colcon_core.environment:checking '/workspaces/amr_ws/src/install/amr_bringup/bin'
[12.682s] Level 1:colcon.colcon_core.environment:create_environment_scripts_only(amr_bringup)
[12.683s] INFO:colcon.colcon_core.shell:Creating package script '/workspaces/amr_ws/src/install/amr_bringup/share/amr_bringup/package.ps1'
[12.728s] INFO:colcon.colcon_core.shell:Creating package descriptor '/workspaces/amr_ws/src/install/amr_bringup/share/amr_bringup/package.dsv'
[12.772s] INFO:colcon.colcon_core.shell:Creating package script '/workspaces/amr_ws/src/install/amr_bringup/share/amr_bringup/package.sh'
[12.818s] INFO:colcon.colcon_core.shell:Creating package script '/workspaces/amr_ws/src/install/amr_bringup/share/amr_bringup/package.bash'
[12.864s] INFO:colcon.colcon_core.shell:Creating package script '/workspaces/amr_ws/src/install/amr_bringup/share/amr_bringup/package.zsh'
[12.912s] Level 1:colcon.colcon_core.environment:create_file_with_runtime_dependencies(/workspaces/amr_ws/src/install/amr_bringup/share/colcon-core/packages/amr_bringup)
[106.214s] DEBUG:colcon.colcon_core.event_handler.log_command:Invoked command in '/workspaces/amr_ws/src/build/amr_msgs' returned '0': CMAKE_PREFIX_PATH=/opt/ros/humble /usr/bin/cmake /workspaces/amr_ws/src/amr_msgs -DAMENT_CMAKE_SYMLINK_INSTALL=1 -DCMAKE_INSTALL_PREFIX=/workspaces/amr_ws/src/install/amr_msgs
[106.256s] DEBUG:colcon.colcon_core.event_handler.log_command:Invoking command in '/workspaces/amr_ws/src/build/amr_msgs': CMAKE_PREFIX_PATH=/opt/ros/humble /usr/bin/cmake --build /workspaces/amr_ws/src/build/amr_msgs -- -j12 -l12
[122.761s] DEBUG:colcon.colcon_core.event_handler.log_command:Invoked command in '/workspaces/amr_ws/src/build/amr_msgs' returned '0': CMAKE_PREFIX_PATH=/opt/ros/humble /usr/bin/cmake --build /workspaces/amr_ws/src/build/amr_msgs -- -j12 -l12
[122.900s] DEBUG:colcon.colcon_core.event_handler.log_command:Invoking command in '/workspaces/amr_ws/src/build/amr_msgs': CMAKE_PREFIX_PATH=/opt/ros/humble /usr/bin/cmake --install /workspaces/amr_ws/src/build/amr_msgs
[152.370s] Level 1:colcon.colcon_core.environment:create_environment_scripts_only(amr_msgs)
[152.374s] Level 1:colcon.colcon_core.environment:checking '/workspaces/amr_ws/src/install/amr_msgs' for CMake module files
[152.376s] DEBUG:colcon.colcon_core.event_handler.log_command:Invoked command in '/workspaces/amr_ws/src/build/amr_msgs' returned '0': CMAKE_PREFIX_PATH=/opt/ros/humble /usr/bin/cmake --install /workspaces/amr_ws/src/build/amr_msgs
[153.395s] Level 1:colcon.colcon_core.environment:checking '/workspaces/amr_ws/src/install/amr_msgs' for CMake config files
[154.687s] Level 1:colcon.colcon_core.shell:create_environment_hook('amr_msgs', 'cmake_prefix_path')
[154.689s] INFO:colcon.colcon_core.shell:Creating environment hook '/workspaces/amr_ws/src/install/amr_msgs/share/amr_msgs/hook/cmake_prefix_path.ps1'
[154.726s] INFO:colcon.colcon_core.shell:Creating environment descriptor '/workspaces/amr_ws/src/install/amr_msgs/share/amr_msgs/hook/cmake_prefix_path.dsv'
[154.772s] INFO:colcon.colcon_core.shell:Creating environment hook '/workspaces/amr_ws/src/install/amr_msgs/share/amr_msgs/hook/cmake_prefix_path.sh'
[154.834s] Level 1:colcon.colcon_core.environment:checking '/workspaces/amr_ws/src/install/amr_msgs/lib'
[154.851s] Level 1:colcon.colcon_core.shell:create_environment_hook('amr_msgs', 'ld_library_path_lib')
[154.852s] INFO:colcon.colcon_core.shell:Creating environment hook '/workspaces/amr_ws/src/install/amr_msgs/share/amr_msgs/hook/ld_library_path_lib.ps1'
[154.896s] INFO:colcon.colcon_core.shell:Creating environment descriptor '/workspaces/amr_ws/src/install/amr_msgs/share/amr_msgs/hook/ld_library_path_lib.dsv'
[154.941s] INFO:colcon.colcon_core.shell:Creating environment hook '/workspaces/amr_ws/src/install/amr_msgs/share/amr_msgs/hook/ld_library_path_lib.sh'
[155.000s] Level 1:colcon.colcon_core.environment:checking '/workspaces/amr_ws/src/install/amr_msgs/bin'
[155.006s] Level 1:colcon.colcon_core.environment:checking '/workspaces/amr_ws/src/install/amr_msgs/lib/pkgconfig/amr_msgs.pc'
[155.014s] Level 1:colcon.colcon_core.environment:checking '/workspaces/amr_ws/src/install/amr_msgs/lib/python3.10/site-packages'
[155.021s] Level 1:colcon.colcon_core.environment:checking '/workspaces/amr_ws/src/install/amr_msgs/bin'
[155.028s] INFO:colcon.colcon_core.shell:Creating package script '/workspaces/amr_ws/src/install/amr_msgs/share/amr_msgs/package.ps1'
[155.085s] INFO:colcon.colcon_core.shell:Creating package descriptor '/workspaces/amr_ws/src/install/amr_msgs/share/amr_msgs/package.dsv'
[155.151s] INFO:colcon.colcon_core.shell:Creating package script '/workspaces/amr_ws/src/install/amr_msgs/share/amr_msgs/package.sh'
[155.206s] INFO:colcon.colcon_core.shell:Creating package script '/workspaces/amr_ws/src/install/amr_msgs/share/amr_msgs/package.bash'
[155.246s] INFO:colcon.colcon_core.shell:Creating package script '/workspaces/amr_ws/src/install/amr_msgs/share/amr_msgs/package.zsh'
[155.319s] Level 1:colcon.colcon_core.environment:create_file_with_runtime_dependencies(/workspaces/amr_ws/src/install/amr_msgs/share/colcon-core/packages/amr_msgs)
[155.482s] Level 1:colcon.colcon_core.environment:create_environment_scripts_only(amr_msgs)
[155.483s] Level 1:colcon.colcon_core.environment:checking '/workspaces/amr_ws/src/install/amr_msgs' for CMake module files
[156.611s] Level 1:colcon.colcon_core.environment:checking '/workspaces/amr_ws/src/install/amr_msgs' for CMake config files
[157.579s] Level 1:colcon.colcon_core.shell:create_environment_hook('amr_msgs', 'cmake_prefix_path')
[157.580s] INFO:colcon.colcon_core.shell:Creating environment hook '/workspaces/amr_ws/src/install/amr_msgs/share/amr_msgs/hook/cmake_prefix_path.ps1'
[157.601s] INFO:colcon.colcon_core.shell:Creating environment descriptor '/workspaces/amr_ws/src/install/amr_msgs/share/amr_msgs/hook/cmake_prefix_path.dsv'
[157.619s] INFO:colcon.colcon_core.shell:Creating environment hook '/workspaces/amr_ws/src/install/amr_msgs/share/amr_msgs/hook/cmake_prefix_path.sh'
[157.655s] Level 1:colcon.colcon_core.environment:checking '/workspaces/amr_ws/src/install/amr_msgs/lib'
[157.665s] Level 1:colcon.colcon_core.shell:create_environment_hook('amr_msgs', 'ld_library_path_lib')
[157.667s] INFO:colcon.colcon_core.shell:Creating environment hook '/workspaces/amr_ws/src/install/amr_msgs/share/amr_msgs/hook/ld_library_path_lib.ps1'
[157.699s] INFO:colcon.colcon_core.shell:Creating environment descriptor '/workspaces/amr_ws/src/install/amr_msgs/share/amr_msgs/hook/ld_library_path_lib.dsv'
[157.738s] INFO:colcon.colcon_core.shell:Creating environment hook '/workspaces/amr_ws/src/install/amr_msgs/share/amr_msgs/hook/ld_library_path_lib.sh'
[157.776s] Level 1:colcon.colcon_core.environment:checking '/workspaces/amr_ws/src/install/amr_msgs/bin'
[157.779s] Level 1:colcon.colcon_core.environment:checking '/workspaces/amr_ws/src/install/amr_msgs/lib/pkgconfig/amr_msgs.pc'
[157.783s] Level 1:colcon.colcon_core.environment:checking '/workspaces/amr_ws/src/install/amr_msgs/lib/python3.10/site-packages'
[157.790s] Level 1:colcon.colcon_core.environment:checking '/workspaces/amr_ws/src/install/amr_msgs/bin'
[157.793s] INFO:colcon.colcon_core.shell:Creating package script '/workspaces/amr_ws/src/install/amr_msgs/share/amr_msgs/package.ps1'
[157.821s] INFO:colcon.colcon_core.shell:Creating package descriptor '/workspaces/amr_ws/src/install/amr_msgs/share/amr_msgs/package.dsv'
[157.842s] INFO:colcon.colcon_core.shell:Creating package script '/workspaces/amr_ws/src/install/amr_msgs/share/amr_msgs/package.sh'
[157.872s] INFO:colcon.colcon_core.shell:Creating package script '/workspaces/amr_ws/src/install/amr_msgs/share/amr_msgs/package.bash'
[157.908s] INFO:colcon.colcon_core.shell:Creating package script '/workspaces/amr_ws/src/install/amr_msgs/share/amr_msgs/package.zsh'
[157.946s] Level 1:colcon.colcon_core.environment:create_file_with_runtime_dependencies(/workspaces/amr_ws/src/install/amr_msgs/share/colcon-core/packages/amr_msgs)
[157.974s] INFO:colcon.colcon_ros.task.ament_python.build:Building ROS package in '/workspaces/amr_ws/src/amr_control' with build type 'ament_python'
[157.975s] Level 1:colcon.colcon_core.shell:create_environment_hook('amr_control', 'ament_prefix_path')
[157.977s] INFO:colcon.colcon_core.shell:Creating environment hook '/workspaces/amr_ws/src/install/amr_control/share/amr_control/hook/ament_prefix_path.ps1'
[158.049s] INFO:colcon.colcon_core.shell:Creating environment descriptor '/workspaces/amr_ws/src/install/amr_control/share/amr_control/hook/ament_prefix_path.dsv'
[158.106s] INFO:colcon.colcon_core.shell:Creating environment hook '/workspaces/amr_ws/src/install/amr_control/share/amr_control/hook/ament_prefix_path.sh'
[158.166s] INFO:colcon.colcon_core.shell:Skip shell extension 'powershell' for command environment: Not usable outside of PowerShell
[158.167s] DEBUG:colcon.colcon_core.shell:Skip shell extension 'dsv' for command environment
[158.215s] INFO:colcon.colcon_ros.task.ament_python.build:Building ROS package in '/workspaces/amr_ws/src/amr_localization' with build type 'ament_python'
[158.217s] Level 1:colcon.colcon_core.shell:create_environment_hook('amr_localization', 'ament_prefix_path')
[158.219s] INFO:colcon.colcon_core.shell:Creating environment hook '/workspaces/amr_ws/src/install/amr_localization/share/amr_localization/hook/ament_prefix_path.ps1'
[158.293s] INFO:colcon.colcon_core.shell:Creating environment descriptor '/workspaces/amr_ws/src/install/amr_localization/share/amr_localization/hook/ament_prefix_path.dsv'
[158.335s] INFO:colcon.colcon_core.shell:Creating environment hook '/workspaces/amr_ws/src/install/amr_localization/share/amr_localization/hook/ament_prefix_path.sh'
[158.382s] INFO:colcon.colcon_core.shell:Skip shell extension 'powershell' for command environment: Not usable outside of PowerShell
[158.383s] DEBUG:colcon.colcon_core.shell:Skip shell extension 'dsv' for command environment
[158.408s] INFO:colcon.colcon_ros.task.ament_python.build:Building ROS package in '/workspaces/amr_ws/src/amr_simulation' with build type 'ament_python'
[158.408s] Level 1:colcon.colcon_core.shell:create_environment_hook('amr_simulation', 'ament_prefix_path')
[158.410s] INFO:colcon.colcon_core.shell:Creating environment hook '/workspaces/amr_ws/src/install/amr_simulation/share/amr_simulation/hook/ament_prefix_path.ps1'
[158.460s] INFO:colcon.colcon_core.shell:Creating environment descriptor '/workspaces/amr_ws/src/install/amr_simulation/share/amr_simulation/hook/ament_prefix_path.dsv'
[158.497s] INFO:colcon.colcon_core.shell:Creating environment hook '/workspaces/amr_ws/src/install/amr_simulation/share/amr_simulation/hook/ament_prefix_path.sh'
[158.534s] INFO:colcon.colcon_core.shell:Skip shell extension 'powershell' for command environment: Not usable outside of PowerShell
[158.535s] DEBUG:colcon.colcon_core.shell:Skip shell extension 'dsv' for command environment
[161.342s] INFO:colcon.colcon_core.task.python.build:Building Python package in '/workspaces/amr_ws/src/amr_control'
[161.344s] INFO:colcon.colcon_core.shell:Skip shell extension 'powershell' for command environment: Not usable outside of PowerShell
[161.345s] DEBUG:colcon.colcon_core.shell:Skip shell extension 'dsv' for command environment
[163.789s] INFO:colcon.colcon_core.task.python.build:Building Python package in '/workspaces/amr_ws/src/amr_localization'
[163.792s] INFO:colcon.colcon_core.shell:Skip shell extension 'powershell' for command environment: Not usable outside of PowerShell
[163.793s] DEBUG:colcon.colcon_core.shell:Skip shell extension 'dsv' for command environment
[165.967s] INFO:colcon.colcon_core.task.python.build:Building Python package in '/workspaces/amr_ws/src/amr_simulation'
[165.968s] INFO:colcon.colcon_core.shell:Skip shell extension 'powershell' for command environment: Not usable outside of PowerShell
[165.969s] DEBUG:colcon.colcon_core.shell:Skip shell extension 'dsv' for command environment
[170.643s] DEBUG:colcon.colcon_core.event_handler.log_command:Invoking command in '/workspaces/amr_ws/src/build/amr_control': AMENT_PREFIX_PATH=/workspaces/amr_ws/src/install/amr_msgs:${AMENT_PREFIX_PATH} CMAKE_PREFIX_PATH=/workspaces/amr_ws/src/install/amr_msgs LD_LIBRARY_PATH=/workspaces/amr_ws/src/install/amr_msgs/lib:${LD_LIBRARY_PATH} PYTHONPATH=/workspaces/amr_ws/src/build/amr_control/prefix_override:/usr/lib/python3/dist-packages/colcon_core/task/python/colcon_distutils_commands:/workspaces/amr_ws/src/install/amr_control/lib/python3.10/site-packages:/workspaces/amr_ws/src/install/amr_msgs/local/lib/python3.10/dist-packages:${PYTHONPATH} /usr/bin/python3 -W ignore:setup.py install is deprecated -W ignore:easy_install command is deprecated setup.py develop --editable --build-directory /workspaces/amr_ws/src/build/amr_control/build --no-deps symlink_data
[170.767s] DEBUG:colcon.colcon_core.event_handler.log_command:Invoking command in '/workspaces/amr_ws/src/build/amr_localization': AMENT_PREFIX_PATH=/workspaces/amr_ws/src/install/amr_msgs:${AMENT_PREFIX_PATH} CMAKE_PREFIX_PATH=/workspaces/amr_ws/src/install/amr_msgs LD_LIBRARY_PATH=/workspaces/amr_ws/src/install/amr_msgs/lib:${LD_LIBRARY_PATH} PYTHONPATH=/workspaces/amr_ws/src/build/amr_localization/prefix_override:/usr/lib/python3/dist-packages/colcon_core/task/python/colcon_distutils_commands:/workspaces/amr_ws/src/install/amr_localization/lib/python3.10/site-packages:/workspaces/amr_ws/src/install/amr_msgs/local/lib/python3.10/dist-packages:${PYTHONPATH} /usr/bin/python3 -W ignore:setup.py install is deprecated -W ignore:easy_install command is deprecated setup.py develop --editable --build-directory /workspaces/amr_ws/src/build/amr_localization/build --no-deps symlink_data
[170.892s] DEBUG:colcon.colcon_core.event_handler.log_command:Invoking command in '/workspaces/amr_ws/src/build/amr_simulation': AMENT_PREFIX_PATH=/workspaces/amr_ws/src/install/amr_msgs:${AMENT_PREFIX_PATH} CMAKE_PREFIX_PATH=/workspaces/amr_ws/src/install/amr_msgs LD_LIBRARY_PATH=/workspaces/amr_ws/src/install/amr_msgs/lib:${LD_LIBRARY_PATH} PYTHONPATH=/workspaces/amr_ws/src/build/amr_simulation/prefix_override:/usr/lib/python3/dist-packages/colcon_core/task/python/colcon_distutils_commands:/workspaces/amr_ws/src/install/amr_simulation/lib/python3.10/site-packages:/workspaces/amr_ws/src/install/amr_msgs/local/lib/python3.10/dist-packages:${PYTHONPATH} /usr/bin/python3 -W ignore:setup.py install is deprecated -W ignore:easy_install command is deprecated setup.py develop --editable --build-directory /workspaces/amr_ws/src/build/amr_simulation/build --no-deps symlink_data
[176.373s] Level 1:colcon.colcon_core.shell:create_environment_hook('amr_control', 'pythonpath_develop')
[176.375s] INFO:colcon.colcon_core.shell:Creating environment hook '/workspaces/amr_ws/src/build/amr_control/share/amr_control/hook/pythonpath_develop.ps1'
[176.376s] DEBUG:colcon.colcon_core.event_handler.log_command:Invoked command in '/workspaces/amr_ws/src/build/amr_control' returned '0': AMENT_PREFIX_PATH=/workspaces/amr_ws/src/install/amr_msgs:${AMENT_PREFIX_PATH} CMAKE_PREFIX_PATH=/workspaces/amr_ws/src/install/amr_msgs LD_LIBRARY_PATH=/workspaces/amr_ws/src/install/amr_msgs/lib:${LD_LIBRARY_PATH} PYTHONPATH=/workspaces/amr_ws/src/build/amr_control/prefix_override:/usr/lib/python3/dist-packages/colcon_core/task/python/colcon_distutils_commands:/workspaces/amr_ws/src/install/amr_control/lib/python3.10/site-packages:/workspaces/amr_ws/src/install/amr_msgs/local/lib/python3.10/dist-packages:${PYTHONPATH} /usr/bin/python3 -W ignore:setup.py install is deprecated -W ignore:easy_install command is deprecated setup.py develop --editable --build-directory /workspaces/amr_ws/src/build/amr_control/build --no-deps symlink_data
[176.423s] INFO:colcon.colcon_core.shell:Creating environment descriptor '/workspaces/amr_ws/src/build/amr_control/share/amr_control/hook/pythonpath_develop.dsv'
[176.468s] INFO:colcon.colcon_core.shell:Creating environment hook '/workspaces/amr_ws/src/build/amr_control/share/amr_control/hook/pythonpath_develop.sh'
[176.515s] Level 1:colcon.colcon_core.environment:checking '/workspaces/amr_ws/src/install/amr_control' for CMake module files
[176.696s] Level 1:colcon.colcon_core.environment:checking '/workspaces/amr_ws/src/install/amr_control' for CMake config files
[176.973s] Level 1:colcon.colcon_core.environment:checking '/workspaces/amr_ws/src/install/amr_control/lib'
[176.992s] Level 1:colcon.colcon_core.environment:checking '/workspaces/amr_ws/src/install/amr_control/bin'
[176.998s] Level 1:colcon.colcon_core.environment:checking '/workspaces/amr_ws/src/install/amr_control/lib/pkgconfig/amr_control.pc'
[177.007s] Level 1:colcon.colcon_core.environment:checking '/workspaces/amr_ws/src/install/amr_control/lib/python3.10/site-packages'
[177.017s] Level 1:colcon.colcon_core.shell:create_environment_hook('amr_control', 'pythonpath')
[177.019s] INFO:colcon.colcon_core.shell:Creating environment hook '/workspaces/amr_ws/src/install/amr_control/share/amr_control/hook/pythonpath.ps1'
[177.077s] INFO:colcon.colcon_core.shell:Creating environment descriptor '/workspaces/amr_ws/src/install/amr_control/share/amr_control/hook/pythonpath.dsv'
[177.135s] INFO:colcon.colcon_core.shell:Creating environment hook '/workspaces/amr_ws/src/install/amr_control/share/amr_control/hook/pythonpath.sh'
[177.188s] Level 1:colcon.colcon_core.environment:checking '/workspaces/amr_ws/src/install/amr_control/bin'
[177.193s] Level 1:colcon.colcon_core.environment:create_environment_scripts_only(amr_control)
[177.195s] INFO:colcon.colcon_core.shell:Creating package script '/workspaces/amr_ws/src/install/amr_control/share/amr_control/package.ps1'
[177.242s] INFO:colcon.colcon_core.shell:Creating package descriptor '/workspaces/amr_ws/src/install/amr_control/share/amr_control/package.dsv'
[177.282s] INFO:colcon.colcon_core.shell:Creating package script '/workspaces/amr_ws/src/install/amr_control/share/amr_control/package.sh'
[177.340s] INFO:colcon.colcon_core.shell:Creating package script '/workspaces/amr_ws/src/install/amr_control/share/amr_control/package.bash'
[177.398s] INFO:colcon.colcon_core.shell:Creating package script '/workspaces/amr_ws/src/install/amr_control/share/amr_control/package.zsh'
[177.464s] Level 1:colcon.colcon_core.environment:create_file_with_runtime_dependencies(/workspaces/amr_ws/src/install/amr_control/share/colcon-core/packages/amr_control)
[177.537s] Level 1:colcon.colcon_core.shell:create_environment_hook('amr_localization', 'pythonpath_develop')
[177.539s] INFO:colcon.colcon_core.shell:Creating environment hook '/workspaces/amr_ws/src/build/amr_localization/share/amr_localization/hook/pythonpath_develop.ps1'
[177.570s] DEBUG:colcon.colcon_core.event_handler.log_command:Invoked command in '/workspaces/amr_ws/src/build/amr_localization' returned '0': AMENT_PREFIX_PATH=/workspaces/amr_ws/src/install/amr_msgs:${AMENT_PREFIX_PATH} CMAKE_PREFIX_PATH=/workspaces/amr_ws/src/install/amr_msgs LD_LIBRARY_PATH=/workspaces/amr_ws/src/install/amr_msgs/lib:${LD_LIBRARY_PATH} PYTHONPATH=/workspaces/amr_ws/src/build/amr_localization/prefix_override:/usr/lib/python3/dist-packages/colcon_core/task/python/colcon_distutils_commands:/workspaces/amr_ws/src/install/amr_localization/lib/python3.10/site-packages:/workspaces/amr_ws/src/install/amr_msgs/local/lib/python3.10/dist-packages:${PYTHONPATH} /usr/bin/python3 -W ignore:setup.py install is deprecated -W ignore:easy_install command is deprecated setup.py develop --editable --build-directory /workspaces/amr_ws/src/build/amr_localization/build --no-deps symlink_data
[177.616s] INFO:colcon.colcon_core.shell:Creating environment descriptor '/workspaces/amr_ws/src/build/amr_localization/share/amr_localization/hook/pythonpath_develop.dsv'
[177.675s] INFO:colcon.colcon_core.shell:Creating environment hook '/workspaces/amr_ws/src/build/amr_localization/share/amr_localization/hook/pythonpath_develop.sh'
[177.736s] Level 1:colcon.colcon_core.environment:checking '/workspaces/amr_ws/src/install/amr_localization' for CMake module files
[177.909s] Level 1:colcon.colcon_core.environment:checking '/workspaces/amr_ws/src/install/amr_localization' for CMake config files
[178.165s] Level 1:colcon.colcon_core.environment:checking '/workspaces/amr_ws/src/install/amr_localization/lib'
[178.178s] Level 1:colcon.colcon_core.environment:checking '/workspaces/amr_ws/src/install/amr_localization/bin'
[178.182s] Level 1:colcon.colcon_core.environment:checking '/workspaces/amr_ws/src/install/amr_localization/lib/pkgconfig/amr_localization.pc'
[178.188s] Level 1:colcon.colcon_core.environment:checking '/workspaces/amr_ws/src/install/amr_localization/lib/python3.10/site-packages'
[178.197s] Level 1:colcon.colcon_core.shell:create_environment_hook('amr_localization', 'pythonpath')
[178.198s] INFO:colcon.colcon_core.shell:Creating environment hook '/workspaces/amr_ws/src/install/amr_localization/share/amr_localization/hook/pythonpath.ps1'
[178.257s] INFO:colcon.colcon_core.shell:Creating environment descriptor '/workspaces/amr_ws/src/install/amr_localization/share/amr_localization/hook/pythonpath.dsv'
[178.309s] INFO:colcon.colcon_core.shell:Creating environment hook '/workspaces/amr_ws/src/install/amr_localization/share/amr_localization/hook/pythonpath.sh'
[178.367s] Level 1:colcon.colcon_core.environment:checking '/workspaces/amr_ws/src/install/amr_localization/bin'
[178.372s] Level 1:colcon.colcon_core.environment:create_environment_scripts_only(amr_localization)
[178.375s] INFO:colcon.colcon_core.shell:Creating package script '/workspaces/amr_ws/src/install/amr_localization/share/amr_localization/package.ps1'
[178.423s] INFO:colcon.colcon_core.shell:Creating package descriptor '/workspaces/amr_ws/src/install/amr_localization/share/amr_localization/package.dsv'
[178.476s] INFO:colcon.colcon_core.shell:Creating package script '/workspaces/amr_ws/src/install/amr_localization/share/amr_localization/package.sh'
[178.542s] INFO:colcon.colcon_core.shell:Creating package script '/workspaces/amr_ws/src/install/amr_localization/share/amr_localization/package.bash'
[178.591s] INFO:colcon.colcon_core.shell:Creating package script '/workspaces/amr_ws/src/install/amr_localization/share/amr_localization/package.zsh'
[178.639s] Level 1:colcon.colcon_core.environment:create_file_with_runtime_dependencies(/workspaces/amr_ws/src/install/amr_localization/share/colcon-core/packages/amr_localization)
[178.684s] Level 1:colcon.colcon_core.shell:create_environment_hook('amr_simulation', 'pythonpath_develop')
[178.685s] INFO:colcon.colcon_core.shell:Creating environment hook '/workspaces/amr_ws/src/build/amr_simulation/share/amr_simulation/hook/pythonpath_develop.ps1'
[178.712s] DEBUG:colcon.colcon_core.event_handler.log_command:Invoked command in '/workspaces/amr_ws/src/build/amr_simulation' returned '0': AMENT_PREFIX_PATH=/workspaces/amr_ws/src/install/amr_msgs:${AMENT_PREFIX_PATH} CMAKE_PREFIX_PATH=/workspaces/amr_ws/src/install/amr_msgs LD_LIBRARY_PATH=/workspaces/amr_ws/src/install/amr_msgs/lib:${LD_LIBRARY_PATH} PYTHONPATH=/workspaces/amr_ws/src/build/amr_simulation/prefix_override:/usr/lib/python3/dist-packages/colcon_core/task/python/colcon_distutils_commands:/workspaces/amr_ws/src/install/amr_simulation/lib/python3.10/site-packages:/workspaces/amr_ws/src/install/amr_msgs/local/lib/python3.10/dist-packages:${PYTHONPATH} /usr/bin/python3 -W ignore:setup.py install is deprecated -W ignore:easy_install command is deprecated setup.py develop --editable --build-directory /workspaces/amr_ws/src/build/amr_simulation/build --no-deps symlink_data
[178.753s] INFO:colcon.colcon_core.shell:Creating environment descriptor '/workspaces/amr_ws/src/build/amr_simulation/share/amr_simulation/hook/pythonpath_develop.dsv'
[178.823s] INFO:colcon.colcon_core.shell:Creating environment hook '/workspaces/amr_ws/src/build/amr_simulation/share/amr_simulation/hook/pythonpath_develop.sh'
[178.886s] Level 1:colcon.colcon_core.environment:checking '/workspaces/amr_ws/src/install/amr_simulation' for CMake module files
[179.079s] Level 1:colcon.colcon_core.environment:checking '/workspaces/amr_ws/src/install/amr_simulation' for CMake config files
[179.353s] Level 1:colcon.colcon_core.environment:checking '/workspaces/amr_ws/src/install/amr_simulation/lib'
[179.371s] Level 1:colcon.colcon_core.environment:checking '/workspaces/amr_ws/src/install/amr_simulation/bin'
[179.376s] Level 1:colcon.colcon_core.environment:checking '/workspaces/amr_ws/src/install/amr_simulation/lib/pkgconfig/amr_simulation.pc'
[179.384s] Level 1:colcon.colcon_core.environment:checking '/workspaces/amr_ws/src/install/amr_simulation/lib/python3.10/site-packages'
[179.396s] Level 1:colcon.colcon_core.shell:create_environment_hook('amr_simulation', 'pythonpath')
[179.398s] INFO:colcon.colcon_core.shell:Creating environment hook '/workspaces/amr_ws/src/install/amr_simulation/share/amr_simulation/hook/pythonpath.ps1'
[179.446s] INFO:colcon.colcon_core.shell:Creating environment descriptor '/workspaces/amr_ws/src/install/amr_simulation/share/amr_simulation/hook/pythonpath.dsv'
[179.498s] INFO:colcon.colcon_core.shell:Creating environment hook '/workspaces/amr_ws/src/install/amr_simulation/share/amr_simulation/hook/pythonpath.sh'
[179.552s] Level 1:colcon.colcon_core.environment:checking '/workspaces/amr_ws/src/install/amr_simulation/bin'
[179.557s] Level 1:colcon.colcon_core.environment:create_environment_scripts_only(amr_simulation)
[179.560s] INFO:colcon.colcon_core.shell:Creating package script '/workspaces/amr_ws/src/install/amr_simulation/share/amr_simulation/package.ps1'
[179.608s] INFO:colcon.colcon_core.shell:Creating package descriptor '/workspaces/amr_ws/src/install/amr_simulation/share/amr_simulation/package.dsv'
[179.657s] INFO:colcon.colcon_core.shell:Creating package script '/workspaces/amr_ws/src/install/amr_simulation/share/amr_simulation/package.sh'
[179.706s] INFO:colcon.colcon_core.shell:Creating package script '/workspaces/amr_ws/src/install/amr_simulation/share/amr_simulation/package.bash'
[179.752s] INFO:colcon.colcon_core.shell:Creating package script '/workspaces/amr_ws/src/install/amr_simulation/share/amr_simulation/package.zsh'
[179.801s] Level 1:colcon.colcon_core.environment:create_file_with_runtime_dependencies(/workspaces/amr_ws/src/install/amr_simulation/share/colcon-core/packages/amr_simulation)
[179.850s] DEBUG:colcon.colcon_parallel_executor.executor.parallel:closing loop
[179.852s] DEBUG:colcon.colcon_parallel_executor.executor.parallel:loop closed
[179.853s] DEBUG:colcon.colcon_parallel_executor.executor.parallel:run_until_complete finished with '0'
[179.855s] DEBUG:colcon.colcon_core.event_reactor:joining thread
[179.989s] INFO:colcon.colcon_core.plugin_system:Skipping extension 'colcon_notification.desktop_notification.notify_send': Could not find 'notify-send'
[179.990s] INFO:colcon.colcon_core.plugin_system:Skipping extension 'colcon_notification.desktop_notification.terminal_notifier': Not used on non-Darwin systems
[179.991s] INFO:colcon.colcon_core.plugin_system:Skipping extension 'colcon_notification.desktop_notification.win32': Not used on non-Windows systems
[179.992s] INFO:colcon.colcon_notification.desktop_notification:Sending desktop notification using 'notify2'
[180.935s] DEBUG:colcon.colcon_notification.desktop_notification.notify2:Failed to initialize notify2: org.freedesktop.DBus.Error.ServiceUnknown: The name org.freedesktop.Notifications was not provided by any .service files
[180.937s] DEBUG:colcon.colcon_core.event_reactor:joined thread
[180.941s] INFO:colcon.colcon_core.shell:Creating prefix script '/workspaces/amr_ws/src/install/local_setup.ps1'
[180.973s] INFO:colcon.colcon_core.shell:Creating prefix util module '/workspaces/amr_ws/src/install/_local_setup_util_ps1.py'
[181.004s] INFO:colcon.colcon_core.shell:Creating prefix chain script '/workspaces/amr_ws/src/install/setup.ps1'
[181.032s] INFO:colcon.colcon_core.shell:Creating prefix script '/workspaces/amr_ws/src/install/local_setup.sh'
[181.061s] INFO:colcon.colcon_core.shell:Creating prefix util module '/workspaces/amr_ws/src/install/_local_setup_util_sh.py'
[181.080s] INFO:colcon.colcon_core.shell:Creating prefix chain script '/workspaces/amr_ws/src/install/setup.sh'
[181.108s] INFO:colcon.colcon_core.shell:Creating prefix script '/workspaces/amr_ws/src/install/local_setup.bash'
[181.131s] INFO:colcon.colcon_core.shell:Creating prefix chain script '/workspaces/amr_ws/src/install/setup.bash'
[181.157s] INFO:colcon.colcon_core.shell:Creating prefix script '/workspaces/amr_ws/src/install/local_setup.zsh'
[181.177s] INFO:colcon.colcon_core.shell:Creating prefix chain script '/workspaces/amr_ws/src/install/setup.zsh'
