running develop
running egg_info
creating amr_planning.egg-info
writing amr_planning.egg-info/PKG-INFO
writing dependency_links to amr_planning.egg-info/dependency_links.txt
writing entry points to amr_planning.egg-info/entry_points.txt
writing requirements to amr_planning.egg-info/requires.txt
writing top-level names to amr_planning.egg-info/top_level.txt
writing manifest file 'amr_planning.egg-info/SOURCES.txt'
reading manifest file 'amr_planning.egg-info/SOURCES.txt'
writing manifest file 'amr_planning.egg-info/SOURCES.txt'
running build_ext
Creating /workspaces/amr_ws/src/install/amr_planning/lib/python3.10/site-packages/amr-planning.egg-link (link to .)
Installing a_star script to /workspaces/amr_ws/src/install/amr_planning/lib/amr_planning

Installed /workspaces/amr_ws/src/build/amr_planning
running symlink_data
creating /workspaces/amr_ws/src/install/amr_planning/share/ament_index
creating /workspaces/amr_ws/src/install/amr_planning/share/ament_index/resource_index
creating /workspaces/amr_ws/src/install/amr_planning/share/ament_index/resource_index/packages
symbolically linking /workspaces/amr_ws/src/build/amr_planning/resource/amr_planning -> /workspaces/amr_ws/src/install/amr_planning/share/ament_index/resource_index/packages
symbolically linking /workspaces/amr_ws/src/build/amr_planning/package.xml -> /workspaces/amr_ws/src/install/amr_planning/share/amr_planning
