running develop
running egg_info
creating amr_control.egg-info
writing amr_control.egg-info/PKG-INFO
writing dependency_links to amr_control.egg-info/dependency_links.txt
writing entry points to amr_control.egg-info/entry_points.txt
writing requirements to amr_control.egg-info/requires.txt
writing top-level names to amr_control.egg-info/top_level.txt
writing manifest file 'amr_control.egg-info/SOURCES.txt'
reading manifest file 'amr_control.egg-info/SOURCES.txt'
writing manifest file 'amr_control.egg-info/SOURCES.txt'
running build_ext
Creating /workspaces/amr_ws/src/install/amr_control/lib/python3.10/site-packages/amr-control.egg-link (link to .)
Installing wall_follower script to /workspaces/amr_ws/src/install/amr_control/lib/amr_control

Installed /workspaces/amr_ws/src/build/amr_control
running symlink_data
creating /workspaces/amr_ws/src/install/amr_control/share/ament_index
creating /workspaces/amr_ws/src/install/amr_control/share/ament_index/resource_index
creating /workspaces/amr_ws/src/install/amr_control/share/ament_index/resource_index/packages
symbolically linking /workspaces/amr_ws/src/build/amr_control/resource/amr_control -> /workspaces/amr_ws/src/install/amr_control/share/ament_index/resource_index/packages
symbolically linking /workspaces/amr_ws/src/build/amr_control/package.xml -> /workspaces/amr_ws/src/install/amr_control/share/amr_control
