[12.729s] Invoking command in '/workspaces/amr_ws/src/build/amr_localization': AMENT_PREFIX_PATH=/workspaces/amr_ws/src/install/amr_msgs:${AMENT_PREFIX_PATH} CMAKE_PREFIX_PATH=/workspaces/amr_ws/src/install/amr_msgs LD_LIBRARY_PATH=/workspaces/amr_ws/src/install/amr_msgs/lib:${LD_LIBRARY_PATH} PYTHONPATH=/workspaces/amr_ws/src/build/amr_localization/prefix_override:/usr/lib/python3/dist-packages/colcon_core/task/python/colcon_distutils_commands:/workspaces/amr_ws/src/install/amr_localization/lib/python3.10/site-packages:/workspaces/amr_ws/src/install/amr_msgs/local/lib/python3.10/dist-packages:${PYTHONPATH} /usr/bin/python3 -W ignore:setup.py install is deprecated -W ignore:easy_install command is deprecated setup.py develop --editable --build-directory /workspaces/amr_ws/src/build/amr_localization/build --no-deps symlink_data
[16.445s] running develop
[17.236s] running egg_info
[17.239s] creating amr_localization.egg-info
[17.242s] writing amr_localization.egg-info/PKG-INFO
[17.269s] writing dependency_links to amr_localization.egg-info/dependency_links.txt
[17.288s] writing entry points to amr_localization.egg-info/entry_points.txt
[17.304s] writing requirements to amr_localization.egg-info/requires.txt
[17.314s] writing top-level names to amr_localization.egg-info/top_level.txt
[17.330s] writing manifest file 'amr_localization.egg-info/SOURCES.txt'
[17.498s] reading manifest file 'amr_localization.egg-info/SOURCES.txt'
[17.735s] writing manifest file 'amr_localization.egg-info/SOURCES.txt'
[17.807s] running build_ext
[17.812s] Creating /workspaces/amr_ws/src/install/amr_localization/lib/python3.10/site-packages/amr-localization.egg-link (link to .)
[17.908s] Installing particle_filter script to /workspaces/amr_ws/src/install/amr_localization/lib/amr_localization
[17.989s] 
[17.994s] Installed /workspaces/amr_ws/src/build/amr_localization
[18.014s] running symlink_data
[18.046s] creating /workspaces/amr_ws/src/install/amr_localization/share/ament_index
[18.057s] creating /workspaces/amr_ws/src/install/amr_localization/share/ament_index/resource_index
[18.072s] creating /workspaces/amr_ws/src/install/amr_localization/share/ament_index/resource_index/packages
[18.131s] symbolically linking /workspaces/amr_ws/src/build/amr_localization/resource/amr_localization -> /workspaces/amr_ws/src/install/amr_localization/share/ament_index/resource_index/packages
[18.187s] symbolically linking /workspaces/amr_ws/src/build/amr_localization/package.xml -> /workspaces/amr_ws/src/install/amr_localization/share/amr_localization
[19.532s] Invoked command in '/workspaces/amr_ws/src/build/amr_localization' returned '0': AMENT_PREFIX_PATH=/workspaces/amr_ws/src/install/amr_msgs:${AMENT_PREFIX_PATH} CMAKE_PREFIX_PATH=/workspaces/amr_ws/src/install/amr_msgs LD_LIBRARY_PATH=/workspaces/amr_ws/src/install/amr_msgs/lib:${LD_LIBRARY_PATH} PYTHONPATH=/workspaces/amr_ws/src/build/amr_localization/prefix_override:/usr/lib/python3/dist-packages/colcon_core/task/python/colcon_distutils_commands:/workspaces/amr_ws/src/install/amr_localization/lib/python3.10/site-packages:/workspaces/amr_ws/src/install/amr_msgs/local/lib/python3.10/dist-packages:${PYTHONPATH} /usr/bin/python3 -W ignore:setup.py install is deprecated -W ignore:easy_install command is deprecated setup.py develop --editable --build-directory /workspaces/amr_ws/src/build/amr_localization/build --no-deps symlink_data
